<?xml version="1.0" encoding="UTF-8"?>
<testsuite xmlns:xsi="http://www.w3.org/2001/XMLSchema-instance" xsi:noNamespaceSchemaLocation="https://maven.apache.org/surefire/maven-surefire-plugin/xsd/surefire-test-report.xsd" version="3.0.2" name="com.project.doctorya.PatientIntegrationTest" time="1.803" tests="11" errors="2" skipped="0" failures="0">
  <properties>
[...]
</properties>
  <testcase name="testNotFoundDeletePatient" classname="com.project.doctorya.PatientIntegrationTest" time="0.186">
    <system-out><![CDATA[2025-06-24T10:24:59.269-05:00  INFO 28216 --- [doctorya] [           main] t.c.s.AnnotationConfigContextLoaderUtils : Could not detect default configuration classes for test class [com.project.doctorya.PatientIntegrationTest]: PatientIntegrationTest does not declare any static, non-private, non-final, nested classes annotated with @Configuration.
2025-06-24T10:24:59.274-05:00  INFO 28216 --- [doctorya] [           main] .b.t.c.SpringBootTestContextBootstrapper : Found @SpringBootConfiguration com.project.doctorya.DoctoryaApplication for test class com.project.doctorya.PatientIntegrationTest
2025-06-24T10:24:59.281-05:00 DEBUG 28216 --- [doctorya] [           main] o.s.security.web.FilterChainProxy        : Securing POST /auth/register
2025-06-24T10:24:59.281-05:00 DEBUG 28216 --- [doctorya] [           main] o.s.s.w.a.AnonymousAuthenticationFilter  : Set SecurityContextHolder to anonymous SecurityContext
2025-06-24T10:24:59.281-05:00 DEBUG 28216 --- [doctorya] [           main] o.s.security.web.FilterChainProxy        : Secured POST /auth/register
Hibernate: select a1_0.id,a1_0.identification,a1_0.password,a1_0.role from auth a1_0 where a1_0.identification=?
Hibernate: insert into auth (identification,password,role,id) values (?,?,?,?)
2025-06-24T10:24:59.371-05:00 DEBUG 28216 --- [doctorya] [           main] o.s.security.web.FilterChainProxy        : Securing POST /auth/login
2025-06-24T10:24:59.372-05:00 DEBUG 28216 --- [doctorya] [           main] o.s.s.w.a.AnonymousAuthenticationFilter  : Set SecurityContextHolder to anonymous SecurityContext
2025-06-24T10:24:59.372-05:00 DEBUG 28216 --- [doctorya] [           main] o.s.security.web.FilterChainProxy        : Secured POST /auth/login
Hibernate: select a1_0.id,a1_0.identification,a1_0.password,a1_0.role from auth a1_0 where a1_0.identification=?
Hibernate: insert into auth (identification,password,role,id) values (?,?,?,?)
Hibernate: insert into patient (auth_id,insurance,name,id) values (?,?,?,?)
2025-06-24T10:24:59.443-05:00 DEBUG 28216 --- [doctorya] [           main] o.s.security.web.FilterChainProxy        : Securing DELETE /patient/130608f0-f11f-425e-b9f6-f753884ebbe5
2025-06-24T10:24:59.444-05:00 DEBUG 28216 --- [doctorya] [           main] o.s.s.o.s.r.a.JwtAuthenticationProvider  : Authenticated token
2025-06-24T10:24:59.444-05:00 DEBUG 28216 --- [doctorya] [           main] .s.r.w.a.BearerTokenAuthenticationFilter : Set SecurityContextHolder to JwtAuthenticationToken [Principal=org.springframework.security.oauth2.jwt.Jwt@b8faf3b0, Credentials=[PROTECTED], Authenticated=true, Details=WebAuthenticationDetails [RemoteIpAddress=127.0.0.1, SessionId=null], Granted Authorities=[ROLE_ADMIN]]
2025-06-24T10:24:59.444-05:00 DEBUG 28216 --- [doctorya] [           main] o.s.security.web.FilterChainProxy        : Secured DELETE /patient/130608f0-f11f-425e-b9f6-f753884ebbe5
2025-06-24T10:24:59.446-05:00 DEBUG 28216 --- [doctorya] [           main] horizationManagerBeforeMethodInterceptor : Authorizing method invocation ReflectiveMethodInvocation: public void com.project.doctorya.patient.rest.controller.PatientController.delete(java.util.UUID); target is of class [com.project.doctorya.patient.rest.controller.PatientController]
2025-06-24T10:24:59.446-05:00 DEBUG 28216 --- [doctorya] [           main] horizationManagerBeforeMethodInterceptor : Authorized method invocation ReflectiveMethodInvocation: public void com.project.doctorya.patient.rest.controller.PatientController.delete(java.util.UUID); target is of class [com.project.doctorya.patient.rest.controller.PatientController]
Hibernate: select p1_0.id,a1_0.id,a1_0.identification,a1_0.password,a1_0.role,p1_0.insurance,p1_0.name from patient p1_0 left join auth a1_0 on a1_0.id=p1_0.auth_id where p1_0.id=?
Hibernate: select p1_0.id,p1_0.auth_id,p1_0.insurance,p1_0.name from patient p1_0
Hibernate: select a1_0.id,a1_0.identification,a1_0.password,a1_0.role from auth a1_0 where a1_0.id=?
Hibernate: delete from patient where id=?
Hibernate: delete from auth where id=?
Hibernate: select a1_0.id,a1_0.identification,a1_0.password,a1_0.role from auth a1_0
Hibernate: delete from auth where id=?
]]></system-out>
  </testcase>
  <testcase name="testCreatePatient" classname="com.project.doctorya.PatientIntegrationTest" time="0.218">
    <system-out><![CDATA[2025-06-24T10:24:59.466-05:00 DEBUG 28216 --- [doctorya] [           main] o.s.security.web.FilterChainProxy        : Securing POST /auth/register
2025-06-24T10:24:59.466-05:00 DEBUG 28216 --- [doctorya] [           main] o.s.s.w.a.AnonymousAuthenticationFilter  : Set SecurityContextHolder to anonymous SecurityContext
2025-06-24T10:24:59.466-05:00 DEBUG 28216 --- [doctorya] [           main] o.s.security.web.FilterChainProxy        : Secured POST /auth/register
Hibernate: select a1_0.id,a1_0.identification,a1_0.password,a1_0.role from auth a1_0 where a1_0.identification=?
Hibernate: insert into auth (identification,password,role,id) values (?,?,?,?)
2025-06-24T10:24:59.532-05:00 DEBUG 28216 --- [doctorya] [           main] o.s.security.web.FilterChainProxy        : Securing POST /auth/login
2025-06-24T10:24:59.533-05:00 DEBUG 28216 --- [doctorya] [           main] o.s.s.w.a.AnonymousAuthenticationFilter  : Set SecurityContextHolder to anonymous SecurityContext
2025-06-24T10:24:59.533-05:00 DEBUG 28216 --- [doctorya] [           main] o.s.security.web.FilterChainProxy        : Secured POST /auth/login
Hibernate: select a1_0.id,a1_0.identification,a1_0.password,a1_0.role from auth a1_0 where a1_0.identification=?
2025-06-24T10:24:59.599-05:00 DEBUG 28216 --- [doctorya] [           main] o.s.security.web.FilterChainProxy        : Securing POST /patient
2025-06-24T10:24:59.600-05:00 DEBUG 28216 --- [doctorya] [           main] o.s.s.o.s.r.a.JwtAuthenticationProvider  : Authenticated token
2025-06-24T10:24:59.600-05:00 DEBUG 28216 --- [doctorya] [           main] .s.r.w.a.BearerTokenAuthenticationFilter : Set SecurityContextHolder to JwtAuthenticationToken [Principal=org.springframework.security.oauth2.jwt.Jwt@b8faf3b0, Credentials=[PROTECTED], Authenticated=true, Details=WebAuthenticationDetails [RemoteIpAddress=127.0.0.1, SessionId=null], Granted Authorities=[ROLE_ADMIN]]
2025-06-24T10:24:59.600-05:00 DEBUG 28216 --- [doctorya] [           main] o.s.security.web.FilterChainProxy        : Secured POST /patient
2025-06-24T10:24:59.603-05:00 DEBUG 28216 --- [doctorya] [           main] horizationManagerBeforeMethodInterceptor : Authorizing method invocation ReflectiveMethodInvocation: public org.springframework.http.ResponseEntity com.project.doctorya.patient.rest.controller.PatientController.create(com.project.doctorya.patient.rest.dto.PatientDTO); target is of class [com.project.doctorya.patient.rest.controller.PatientController]
2025-06-24T10:24:59.604-05:00 DEBUG 28216 --- [doctorya] [           main] horizationManagerBeforeMethodInterceptor : Authorized method invocation ReflectiveMethodInvocation: public org.springframework.http.ResponseEntity com.project.doctorya.patient.rest.controller.PatientController.create(com.project.doctorya.patient.rest.dto.PatientDTO); target is of class [com.project.doctorya.patient.rest.controller.PatientController]
Hibernate: select a1_0.id,a1_0.identification,a1_0.password,a1_0.role from auth a1_0 where a1_0.identification=?
Hibernate: insert into auth (identification,password,role,id) values (?,?,?,?)
Hibernate: insert into patient (auth_id,insurance,name,id) values (?,?,?,?)
Hibernate: select p1_0.id,p1_0.auth_id,p1_0.insurance,p1_0.name from patient p1_0
Hibernate: select a1_0.id,a1_0.identification,a1_0.password,a1_0.role from auth a1_0 where a1_0.id=?
Hibernate: delete from patient where id=?
Hibernate: delete from auth where id=?
Hibernate: select a1_0.id,a1_0.identification,a1_0.password,a1_0.role from auth a1_0
Hibernate: delete from auth where id=?
]]></system-out>
  </testcase>
  <testcase name="testGetPatient" classname="com.project.doctorya.PatientIntegrationTest" time="0.149">
    <system-out><![CDATA[2025-06-24T10:24:59.685-05:00 DEBUG 28216 --- [doctorya] [           main] o.s.security.web.FilterChainProxy        : Securing POST /auth/register
2025-06-24T10:24:59.685-05:00 DEBUG 28216 --- [doctorya] [           main] o.s.s.w.a.AnonymousAuthenticationFilter  : Set SecurityContextHolder to anonymous SecurityContext
2025-06-24T10:24:59.685-05:00 DEBUG 28216 --- [doctorya] [           main] o.s.security.web.FilterChainProxy        : Secured POST /auth/register
Hibernate: select a1_0.id,a1_0.identification,a1_0.password,a1_0.role from auth a1_0 where a1_0.identification=?
Hibernate: insert into auth (identification,password,role,id) values (?,?,?,?)
2025-06-24T10:24:59.750-05:00 DEBUG 28216 --- [doctorya] [           main] o.s.security.web.FilterChainProxy        : Securing POST /auth/login
2025-06-24T10:24:59.750-05:00 DEBUG 28216 --- [doctorya] [           main] o.s.s.w.a.AnonymousAuthenticationFilter  : Set SecurityContextHolder to anonymous SecurityContext
2025-06-24T10:24:59.750-05:00 DEBUG 28216 --- [doctorya] [           main] o.s.security.web.FilterChainProxy        : Secured POST /auth/login
Hibernate: select a1_0.id,a1_0.identification,a1_0.password,a1_0.role from auth a1_0 where a1_0.identification=?
Hibernate: insert into auth (identification,password,role,id) values (?,?,?,?)
Hibernate: insert into patient (auth_id,insurance,name,id) values (?,?,?,?)
2025-06-24T10:24:59.813-05:00 DEBUG 28216 --- [doctorya] [           main] o.s.security.web.FilterChainProxy        : Securing GET /patient
2025-06-24T10:24:59.814-05:00 DEBUG 28216 --- [doctorya] [           main] o.s.s.o.s.r.a.JwtAuthenticationProvider  : Authenticated token
2025-06-24T10:24:59.814-05:00 DEBUG 28216 --- [doctorya] [           main] .s.r.w.a.BearerTokenAuthenticationFilter : Set SecurityContextHolder to JwtAuthenticationToken [Principal=org.springframework.security.oauth2.jwt.Jwt@b8faf3b0, Credentials=[PROTECTED], Authenticated=true, Details=WebAuthenticationDetails [RemoteIpAddress=127.0.0.1, SessionId=null], Granted Authorities=[ROLE_ADMIN]]
2025-06-24T10:24:59.814-05:00 DEBUG 28216 --- [doctorya] [           main] o.s.security.web.FilterChainProxy        : Secured GET /patient
Hibernate: select p1_0.id,p1_0.auth_id,p1_0.insurance,p1_0.name from patient p1_0
Hibernate: select a1_0.id,a1_0.identification,a1_0.password,a1_0.role from auth a1_0 where a1_0.id=?
Hibernate: select p1_0.id,p1_0.auth_id,p1_0.insurance,p1_0.name from patient p1_0
Hibernate: select a1_0.id,a1_0.identification,a1_0.password,a1_0.role from auth a1_0 where a1_0.id=?
Hibernate: delete from patient where id=?
Hibernate: delete from auth where id=?
Hibernate: select a1_0.id,a1_0.identification,a1_0.password,a1_0.role from auth a1_0
Hibernate: delete from auth where id=?
]]></system-out>
  </testcase>
  <testcase name="testUpdatePatient" classname="com.project.doctorya.PatientIntegrationTest" time="0.164">
    <error message="Request processing failed: org.springframework.dao.DataIntegrityViolationException: could not execute statement [ERROR: llave duplicada viola restricción de unicidad «auth_identification_key»&#10;  Detail: Ya existe la llave (identification)=(1053847610).] [insert into auth (identification,password,role,id) values (?,?,?,?)]; SQL [insert into auth (identification,password,role,id) values (?,?,?,?)]; constraint [null]" type="jakarta.servlet.ServletException"><![CDATA[jakarta.servlet.ServletException: 
Request processing failed: org.springframework.dao.DataIntegrityViolationException: could not execute statement [ERROR: llave duplicada viola restricción de unicidad «auth_identification_key»
  Detail: Ya existe la llave (identification)=(1053847610).] [insert into auth (identification,password,role,id) values (?,?,?,?)]; SQL [insert into auth (identification,password,role,id) values (?,?,?,?)]; constraint [null]
	at org.springframework.web.servlet.FrameworkServlet.processRequest(FrameworkServlet.java:1022)
	at org.springframework.web.servlet.FrameworkServlet.doPut(FrameworkServlet.java:925)
	at jakarta.servlet.http.HttpServlet.service(HttpServlet.java:593)
	at org.springframework.web.servlet.FrameworkServlet.service(FrameworkServlet.java:885)
	at org.springframework.test.web.servlet.TestDispatcherServlet.service(TestDispatcherServlet.java:72)
	at jakarta.servlet.http.HttpServlet.service(HttpServlet.java:658)
	at org.springframework.mock.web.MockFilterChain$ServletFilterProxy.doFilter(MockFilterChain.java:165)
	at org.springframework.mock.web.MockFilterChain.doFilter(MockFilterChain.java:132)
	at org.springframework.web.filter.CompositeFilter$VirtualFilterChain.doFilter(CompositeFilter.java:108)
	at org.springframework.security.web.FilterChainProxy.lambda$doFilterInternal$3(FilterChainProxy.java:231)
	at org.springframework.security.web.FilterChainProxy$VirtualFilterChain.doFilter(FilterChainProxy.java:365)
	at org.springframework.security.web.access.intercept.AuthorizationFilter.doFilter(AuthorizationFilter.java:101)
	at org.springframework.security.web.FilterChainProxy$VirtualFilterChain.doFilter(FilterChainProxy.java:374)
	at org.springframework.security.web.access.ExceptionTranslationFilter.doFilter(ExceptionTranslationFilter.java:126)
	at org.springframework.security.web.access.ExceptionTranslationFilter.doFilter(ExceptionTranslationFilter.java:120)
	at org.springframework.security.web.FilterChainProxy$VirtualFilterChain.doFilter(FilterChainProxy.java:374)
	at org.springframework.security.web.session.SessionManagementFilter.doFilter(SessionManagementFilter.java:131)
	at org.springframework.security.web.session.SessionManagementFilter.doFilter(SessionManagementFilter.java:85)
	at org.springframework.security.web.FilterChainProxy$VirtualFilterChain.doFilter(FilterChainProxy.java:374)
	at org.springframework.security.web.authentication.AnonymousAuthenticationFilter.doFilter(AnonymousAuthenticationFilter.java:100)
	at org.springframework.security.web.FilterChainProxy$VirtualFilterChain.doFilter(FilterChainProxy.java:374)
	at org.springframework.security.web.servletapi.SecurityContextHolderAwareRequestFilter.doFilter(SecurityContextHolderAwareRequestFilter.java:179)
	at org.springframework.security.web.FilterChainProxy$VirtualFilterChain.doFilter(FilterChainProxy.java:374)
	at org.springframework.security.web.savedrequest.RequestCacheAwareFilter.doFilter(RequestCacheAwareFilter.java:63)
	at org.springframework.security.web.FilterChainProxy$VirtualFilterChain.doFilter(FilterChainProxy.java:374)
	at org.springframework.security.oauth2.server.resource.web.authentication.BearerTokenAuthenticationFilter.doFilterInternal(BearerTokenAuthenticationFilter.java:145)
	at org.springframework.web.filter.OncePerRequestFilter.doFilter(OncePerRequestFilter.java:116)
	at org.springframework.security.web.FilterChainProxy$VirtualFilterChain.doFilter(FilterChainProxy.java:374)
	at org.springframework.security.web.authentication.logout.LogoutFilter.doFilter(LogoutFilter.java:107)
	at org.springframework.security.web.authentication.logout.LogoutFilter.doFilter(LogoutFilter.java:93)
	at org.springframework.security.web.FilterChainProxy$VirtualFilterChain.doFilter(FilterChainProxy.java:374)
	at org.springframework.security.web.header.HeaderWriterFilter.doHeadersAfter(HeaderWriterFilter.java:90)
	at org.springframework.security.web.header.HeaderWriterFilter.doFilterInternal(HeaderWriterFilter.java:75)
	at org.springframework.web.filter.OncePerRequestFilter.doFilter(OncePerRequestFilter.java:116)
	at org.springframework.security.web.FilterChainProxy$VirtualFilterChain.doFilter(FilterChainProxy.java:374)
	at org.springframework.security.web.context.SecurityContextHolderFilter.doFilter(SecurityContextHolderFilter.java:82)
	at org.springframework.security.web.context.SecurityContextHolderFilter.doFilter(SecurityContextHolderFilter.java:69)
	at org.springframework.security.web.FilterChainProxy$VirtualFilterChain.doFilter(FilterChainProxy.java:374)
	at org.springframework.security.web.context.request.async.WebAsyncManagerIntegrationFilter.doFilterInternal(WebAsyncManagerIntegrationFilter.java:62)
	at org.springframework.web.filter.OncePerRequestFilter.doFilter(OncePerRequestFilter.java:116)
	at org.springframework.security.web.FilterChainProxy$VirtualFilterChain.doFilter(FilterChainProxy.java:374)
	at org.springframework.security.web.session.DisableEncodeUrlFilter.doFilterInternal(DisableEncodeUrlFilter.java:42)
	at org.springframework.web.filter.OncePerRequestFilter.doFilter(OncePerRequestFilter.java:116)
	at org.springframework.security.web.FilterChainProxy$VirtualFilterChain.doFilter(FilterChainProxy.java:374)
	at org.springframework.security.web.FilterChainProxy.doFilterInternal(FilterChainProxy.java:233)
	at org.springframework.security.web.FilterChainProxy.doFilter(FilterChainProxy.java:191)
	at org.springframework.web.filter.CompositeFilter$VirtualFilterChain.doFilter(CompositeFilter.java:113)
	at org.springframework.web.servlet.handler.HandlerMappingIntrospector.lambda$createCacheFilter$3(HandlerMappingIntrospector.java:243)
	at org.springframework.web.filter.CompositeFilter$VirtualFilterChain.doFilter(CompositeFilter.java:113)
	at org.springframework.web.filter.CompositeFilter.doFilter(CompositeFilter.java:74)
	at org.springframework.security.config.annotation.web.configuration.WebMvcSecurityConfiguration$CompositeFilterChainProxy.doFilter(WebMvcSecurityConfiguration.java:238)
	at org.springframework.web.filter.DelegatingFilterProxy.invokeDelegate(DelegatingFilterProxy.java:362)
	at org.springframework.web.filter.DelegatingFilterProxy.doFilter(DelegatingFilterProxy.java:278)
	at org.springframework.test.web.servlet.setup.MockMvcFilterDecorator.doFilter(MockMvcFilterDecorator.java:162)
	at org.springframework.mock.web.MockFilterChain.doFilter(MockFilterChain.java:132)
	at org.springframework.web.filter.RequestContextFilter.doFilterInternal(RequestContextFilter.java:100)
	at org.springframework.web.filter.OncePerRequestFilter.doFilter(OncePerRequestFilter.java:116)
	at org.springframework.test.web.servlet.setup.MockMvcFilterDecorator.doFilter(MockMvcFilterDecorator.java:162)
	at org.springframework.mock.web.MockFilterChain.doFilter(MockFilterChain.java:132)
	at org.springframework.web.filter.FormContentFilter.doFilterInternal(FormContentFilter.java:93)
	at org.springframework.web.filter.OncePerRequestFilter.doFilter(OncePerRequestFilter.java:116)
	at org.springframework.test.web.servlet.setup.MockMvcFilterDecorator.doFilter(MockMvcFilterDecorator.java:162)
	at org.springframework.mock.web.MockFilterChain.doFilter(MockFilterChain.java:132)
	at org.springframework.web.filter.CharacterEncodingFilter.doFilterInternal(CharacterEncodingFilter.java:201)
	at org.springframework.web.filter.OncePerRequestFilter.doFilter(OncePerRequestFilter.java:116)
	at org.springframework.test.web.servlet.setup.MockMvcFilterDecorator.doFilter(MockMvcFilterDecorator.java:162)
	at org.springframework.mock.web.MockFilterChain.doFilter(MockFilterChain.java:132)
	at org.springframework.test.web.servlet.MockMvc.perform(MockMvc.java:201)
	at com.project.doctorya.PatientIntegrationTest.testUpdatePatient(PatientIntegrationTest.java:231)
	at java.base/java.lang.reflect.Method.invoke(Method.java:580)
	at java.base/java.util.ArrayList.forEach(ArrayList.java:1596)
	at java.base/java.util.ArrayList.forEach(ArrayList.java:1596)
Caused by: org.springframework.dao.DataIntegrityViolationException: could not execute statement [ERROR: llave duplicada viola restricción de unicidad «auth_identification_key»
  Detail: Ya existe la llave (identification)=(1053847610).] [insert into auth (identification,password,role,id) values (?,?,?,?)]; SQL [insert into auth (identification,password,role,id) values (?,?,?,?)]; constraint [null]
	at org.springframework.orm.jpa.vendor.HibernateJpaDialect.convertHibernateAccessException(HibernateJpaDialect.java:294)
	at org.springframework.orm.jpa.vendor.HibernateJpaDialect.convertHibernateAccessException(HibernateJpaDialect.java:256)
	at org.springframework.orm.jpa.vendor.HibernateJpaDialect.translateExceptionIfPossible(HibernateJpaDialect.java:241)
	at org.springframework.orm.jpa.JpaTransactionManager.doCommit(JpaTransactionManager.java:566)
	at org.springframework.transaction.support.AbstractPlatformTransactionManager.processCommit(AbstractPlatformTransactionManager.java:795)
	at org.springframework.transaction.support.AbstractPlatformTransactionManager.commit(AbstractPlatformTransactionManager.java:758)
	at org.springframework.transaction.interceptor.TransactionAspectSupport.commitTransactionAfterReturning(TransactionAspectSupport.java:698)
	at org.springframework.transaction.interceptor.TransactionAspectSupport.invokeWithinTransaction(TransactionAspectSupport.java:416)
	at org.springframework.transaction.interceptor.TransactionInterceptor.invoke(TransactionInterceptor.java:119)
	at org.springframework.aop.framework.ReflectiveMethodInvocation.proceed(ReflectiveMethodInvocation.java:184)
	at org.springframework.dao.support.PersistenceExceptionTranslationInterceptor.invoke(PersistenceExceptionTranslationInterceptor.java:138)
	at org.springframework.aop.framework.ReflectiveMethodInvocation.proceed(ReflectiveMethodInvocation.java:184)
	at org.springframework.data.jpa.repository.support.CrudMethodMetadataPostProcessor$CrudMethodMetadataPopulatingMethodInterceptor.invoke(CrudMethodMetadataPostProcessor.java:165)
	at org.springframework.aop.framework.ReflectiveMethodInvocation.proceed(ReflectiveMethodInvocation.java:184)
	at org.springframework.aop.framework.JdkDynamicAopProxy.invoke(JdkDynamicAopProxy.java:223)
	at jdk.proxy2/jdk.proxy2.$Proxy148.save(Unknown Source)
	at com.project.doctorya.patient.infrastructure.repository.PatientRepository.update(PatientRepository.java:68)
	at java.base/jdk.internal.reflect.DirectMethodHandleAccessor.invoke(DirectMethodHandleAccessor.java:103)
	at java.base/java.lang.reflect.Method.invoke(Method.java:580)
	at org.springframework.aop.support.AopUtils.invokeJoinpointUsingReflection(AopUtils.java:359)
	at org.springframework.aop.framework.ReflectiveMethodInvocation.invokeJoinpoint(ReflectiveMethodInvocation.java:196)
	at org.springframework.aop.framework.ReflectiveMethodInvocation.proceed(ReflectiveMethodInvocation.java:163)
	at org.springframework.dao.support.PersistenceExceptionTranslationInterceptor.invoke(PersistenceExceptionTranslationInterceptor.java:138)
	at org.springframework.aop.framework.ReflectiveMethodInvocation.proceed(ReflectiveMethodInvocation.java:184)
	at org.springframework.aop.framework.CglibAopProxy$DynamicAdvisedInterceptor.intercept(CglibAopProxy.java:728)
	at com.project.doctorya.patient.infrastructure.repository.PatientRepository$$SpringCGLIB$$0.update(<generated>)
	at com.project.doctorya.patient.application.usecase.PatientUpdateUseCase.execute(PatientUpdateUseCase.java:20)
	at com.project.doctorya.patient.rest.controller.PatientController.update(PatientController.java:112)
	at java.base/jdk.internal.reflect.DirectMethodHandleAccessor.invoke(DirectMethodHandleAccessor.java:103)
	at java.base/java.lang.reflect.Method.invoke(Method.java:580)
	at org.springframework.aop.support.AopUtils.invokeJoinpointUsingReflection(AopUtils.java:359)
	at org.springframework.aop.framework.ReflectiveMethodInvocation.invokeJoinpoint(ReflectiveMethodInvocation.java:196)
	at org.springframework.aop.framework.ReflectiveMethodInvocation.proceed(ReflectiveMethodInvocation.java:163)
	at org.springframework.validation.beanvalidation.MethodValidationInterceptor.invoke(MethodValidationInterceptor.java:174)
	at org.springframework.aop.framework.ReflectiveMethodInvocation.proceed(ReflectiveMethodInvocation.java:184)
	at org.springframework.aop.framework.CglibAopProxy$DynamicAdvisedInterceptor.intercept(CglibAopProxy.java:728)
	at com.project.doctorya.patient.rest.controller.PatientController$$SpringCGLIB$$0.update(<generated>)
	at java.base/jdk.internal.reflect.DirectMethodHandleAccessor.invoke(DirectMethodHandleAccessor.java:103)
	at java.base/java.lang.reflect.Method.invoke(Method.java:580)
	at org.springframework.web.method.support.InvocableHandlerMethod.doInvoke(InvocableHandlerMethod.java:258)
	at org.springframework.web.method.support.InvocableHandlerMethod.invokeForRequest(InvocableHandlerMethod.java:191)
	at org.springframework.web.servlet.mvc.method.annotation.ServletInvocableHandlerMethod.invokeAndHandle(ServletInvocableHandlerMethod.java:118)
	at org.springframework.web.servlet.mvc.method.annotation.RequestMappingHandlerAdapter.invokeHandlerMethod(RequestMappingHandlerAdapter.java:986)
	at org.springframework.web.servlet.mvc.method.annotation.RequestMappingHandlerAdapter.handleInternal(RequestMappingHandlerAdapter.java:891)
	at org.springframework.web.servlet.mvc.method.AbstractHandlerMethodAdapter.handle(AbstractHandlerMethodAdapter.java:87)
	at org.springframework.web.servlet.DispatcherServlet.doDispatch(DispatcherServlet.java:1089)
	at org.springframework.web.servlet.DispatcherServlet.doService(DispatcherServlet.java:979)
	at org.springframework.web.servlet.FrameworkServlet.processRequest(FrameworkServlet.java:1014)
	... 71 more
Caused by: org.hibernate.exception.ConstraintViolationException: could not execute statement [ERROR: llave duplicada viola restricción de unicidad «auth_identification_key»
  Detail: Ya existe la llave (identification)=(1053847610).] [insert into auth (identification,password,role,id) values (?,?,?,?)]
	at org.hibernate.exception.internal.SQLStateConversionDelegate.convert(SQLStateConversionDelegate.java:97)
	at org.hibernate.exception.internal.StandardSQLExceptionConverter.convert(StandardSQLExceptionConverter.java:58)
	at org.hibernate.engine.jdbc.spi.SqlExceptionHelper.convert(SqlExceptionHelper.java:108)
	at org.hibernate.engine.jdbc.internal.ResultSetReturnImpl.executeUpdate(ResultSetReturnImpl.java:197)
	at org.hibernate.engine.jdbc.mutation.internal.AbstractMutationExecutor.performNonBatchedMutation(AbstractMutationExecutor.java:134)
	at org.hibernate.engine.jdbc.mutation.internal.MutationExecutorSingleNonBatched.performNonBatchedOperations(MutationExecutorSingleNonBatched.java:55)
	at org.hibernate.engine.jdbc.mutation.internal.AbstractMutationExecutor.execute(AbstractMutationExecutor.java:55)
	at org.hibernate.persister.entity.mutation.InsertCoordinatorStandard.doStaticInserts(InsertCoordinatorStandard.java:194)
	at org.hibernate.persister.entity.mutation.InsertCoordinatorStandard.coordinateInsert(InsertCoordinatorStandard.java:132)
	at org.hibernate.persister.entity.mutation.InsertCoordinatorStandard.insert(InsertCoordinatorStandard.java:104)
	at org.hibernate.action.internal.EntityInsertAction.execute(EntityInsertAction.java:110)
	at org.hibernate.engine.spi.ActionQueue.executeActions(ActionQueue.java:644)
	at org.hibernate.engine.spi.ActionQueue.executeActions(ActionQueue.java:511)
	at org.hibernate.event.internal.AbstractFlushingEventListener.performExecutions(AbstractFlushingEventListener.java:414)
	at org.hibernate.event.internal.DefaultFlushEventListener.onFlush(DefaultFlushEventListener.java:41)
	at org.hibernate.event.service.internal.EventListenerGroupImpl.fireEventOnEachListener(EventListenerGroupImpl.java:127)
	at org.hibernate.internal.SessionImpl.doFlush(SessionImpl.java:1429)
	at org.hibernate.internal.SessionImpl.managedFlush(SessionImpl.java:491)
	at org.hibernate.internal.SessionImpl.flushBeforeTransactionCompletion(SessionImpl.java:2354)
	at org.hibernate.internal.SessionImpl.beforeTransactionCompletion(SessionImpl.java:1978)
	at org.hibernate.engine.jdbc.internal.JdbcCoordinatorImpl.beforeTransactionCompletion(JdbcCoordinatorImpl.java:439)
	at org.hibernate.resource.transaction.backend.jdbc.internal.JdbcResourceLocalTransactionCoordinatorImpl.beforeCompletionCallback(JdbcResourceLocalTransactionCoordinatorImpl.java:169)
	at org.hibernate.resource.transaction.backend.jdbc.internal.JdbcResourceLocalTransactionCoordinatorImpl$TransactionDriverControlImpl.commit(JdbcResourceLocalTransactionCoordinatorImpl.java:267)
	at org.hibernate.engine.transaction.internal.TransactionImpl.commit(TransactionImpl.java:101)
	at org.springframework.orm.jpa.JpaTransactionManager.doCommit(JpaTransactionManager.java:562)
	... 115 more
Caused by: org.postgresql.util.PSQLException: ERROR: llave duplicada viola restricción de unicidad «auth_identification_key»
  Detail: Ya existe la llave (identification)=(1053847610).
	at org.postgresql.core.v3.QueryExecutorImpl.receiveErrorResponse(QueryExecutorImpl.java:2733)
	at org.postgresql.core.v3.QueryExecutorImpl.processResults(QueryExecutorImpl.java:2420)
	at org.postgresql.core.v3.QueryExecutorImpl.execute(QueryExecutorImpl.java:372)
	at org.postgresql.jdbc.PgStatement.executeInternal(PgStatement.java:517)
	at org.postgresql.jdbc.PgStatement.execute(PgStatement.java:434)
	at org.postgresql.jdbc.PgPreparedStatement.executeWithFlags(PgPreparedStatement.java:194)
	at org.postgresql.jdbc.PgPreparedStatement.executeUpdate(PgPreparedStatement.java:155)
	at com.zaxxer.hikari.pool.ProxyPreparedStatement.executeUpdate(ProxyPreparedStatement.java:61)
	at com.zaxxer.hikari.pool.HikariProxyPreparedStatement.executeUpdate(HikariProxyPreparedStatement.java)
	at org.hibernate.engine.jdbc.internal.ResultSetReturnImpl.executeUpdate(ResultSetReturnImpl.java:194)
	... 136 more
]]></error>
    <system-out><![CDATA[2025-06-24T10:24:59.833-05:00 DEBUG 28216 --- [doctorya] [           main] o.s.security.web.FilterChainProxy        : Securing POST /auth/register
2025-06-24T10:24:59.833-05:00 DEBUG 28216 --- [doctorya] [           main] o.s.s.w.a.AnonymousAuthenticationFilter  : Set SecurityContextHolder to anonymous SecurityContext
2025-06-24T10:24:59.834-05:00 DEBUG 28216 --- [doctorya] [           main] o.s.security.web.FilterChainProxy        : Secured POST /auth/register
Hibernate: select a1_0.id,a1_0.identification,a1_0.password,a1_0.role from auth a1_0 where a1_0.identification=?
Hibernate: insert into auth (identification,password,role,id) values (?,?,?,?)
2025-06-24T10:24:59.898-05:00 DEBUG 28216 --- [doctorya] [           main] o.s.security.web.FilterChainProxy        : Securing POST /auth/login
2025-06-24T10:24:59.898-05:00 DEBUG 28216 --- [doctorya] [           main] o.s.s.w.a.AnonymousAuthenticationFilter  : Set SecurityContextHolder to anonymous SecurityContext
2025-06-24T10:24:59.898-05:00 DEBUG 28216 --- [doctorya] [           main] o.s.security.web.FilterChainProxy        : Secured POST /auth/login
Hibernate: select a1_0.id,a1_0.identification,a1_0.password,a1_0.role from auth a1_0 where a1_0.identification=?
Hibernate: insert into auth (identification,password,role,id) values (?,?,?,?)
Hibernate: insert into patient (auth_id,insurance,name,id) values (?,?,?,?)
2025-06-24T10:24:59.966-05:00 DEBUG 28216 --- [doctorya] [           main] o.s.security.web.FilterChainProxy        : Securing PUT /patient/3997b385-65d0-4ffb-9859-c0571a0d1890
2025-06-24T10:24:59.967-05:00 DEBUG 28216 --- [doctorya] [           main] o.s.s.o.s.r.a.JwtAuthenticationProvider  : Authenticated token
2025-06-24T10:24:59.967-05:00 DEBUG 28216 --- [doctorya] [           main] .s.r.w.a.BearerTokenAuthenticationFilter : Set SecurityContextHolder to JwtAuthenticationToken [Principal=org.springframework.security.oauth2.jwt.Jwt@b8faf3b0, Credentials=[PROTECTED], Authenticated=true, Details=WebAuthenticationDetails [RemoteIpAddress=127.0.0.1, SessionId=null], Granted Authorities=[ROLE_ADMIN]]
2025-06-24T10:24:59.967-05:00 DEBUG 28216 --- [doctorya] [           main] o.s.security.web.FilterChainProxy        : Secured PUT /patient/3997b385-65d0-4ffb-9859-c0571a0d1890
Hibernate: select p1_0.id,a1_0.id,a1_0.identification,a1_0.password,a1_0.role,p1_0.insurance,p1_0.name from patient p1_0 left join auth a1_0 on a1_0.id=p1_0.auth_id where p1_0.id=?
Hibernate: insert into auth (identification,password,role,id) values (?,?,?,?)
2025-06-24T10:24:59.982-05:00  WARN 28216 --- [doctorya] [           main] o.h.engine.jdbc.spi.SqlExceptionHelper   : SQL Error: 0, SQLState: 23505
2025-06-24T10:24:59.982-05:00 ERROR 28216 --- [doctorya] [           main] o.h.engine.jdbc.spi.SqlExceptionHelper   : ERROR: llave duplicada viola restricción de unicidad «auth_identification_key»
  Detail: Ya existe la llave (identification)=(1053847610).
Hibernate: select p1_0.id,p1_0.auth_id,p1_0.insurance,p1_0.name from patient p1_0
Hibernate: select a1_0.id,a1_0.identification,a1_0.password,a1_0.role from auth a1_0 where a1_0.id=?
Hibernate: delete from patient where id=?
Hibernate: delete from auth where id=?
Hibernate: select a1_0.id,a1_0.identification,a1_0.password,a1_0.role from auth a1_0
Hibernate: delete from auth where id=?

MockHttpServletRequest:
      HTTP Method = POST
      Request URI = /auth/register
       Parameters = {}
          Headers = [Content-Type:"application/json;charset=UTF-8", Content-Length:"50"]
             Body = {"identification":"1053847601","password":"12345"}
    Session Attrs = {}

Handler:
             Type = com.project.doctorya.auth.rest.controller.AuthController
           Method = com.project.doctorya.auth.rest.controller.AuthController#register(AuthDTO)

Async:
    Async started = false
     Async result = null

Resolved Exception:
             Type = null

ModelAndView:
        View name = null
             View = null
            Model = null

FlashMap:
       Attributes = null

MockHttpServletResponse:
           Status = 200
    Error message = null
          Headers = [Content-Type:"application/json", X-Content-Type-Options:"nosniff", X-XSS-Protection:"0", Cache-Control:"no-cache, no-store, max-age=0, must-revalidate", Pragma:"no-cache", Expires:"0", X-Frame-Options:"DENY"]
     Content type = application/json
             Body = {"identification":"1053847601"}
    Forwarded URL = null
   Redirected URL = null
          Cookies = []

MockHttpServletRequest:
      HTTP Method = POST
      Request URI = /auth/login
       Parameters = {}
          Headers = [Content-Type:"application/json;charset=UTF-8", Content-Length:"50"]
             Body = {"identification":"1053847601","password":"12345"}
    Session Attrs = {}

Handler:
             Type = com.project.doctorya.auth.rest.controller.AuthController
           Method = com.project.doctorya.auth.rest.controller.AuthController#login(AuthDTO)

Async:
    Async started = false
     Async result = null

Resolved Exception:
             Type = null

ModelAndView:
        View name = null
             View = null
            Model = null

FlashMap:
       Attributes = null

MockHttpServletResponse:
           Status = 200
    Error message = null
          Headers = [Content-Type:"application/json", X-Content-Type-Options:"nosniff", X-XSS-Protection:"0", Cache-Control:"no-cache, no-store, max-age=0, must-revalidate", Pragma:"no-cache", Expires:"0", X-Frame-Options:"DENY"]
     Content type = application/json
             Body = {"token":"eyJhbGciOiJIUzI1NiJ9.eyJzdWIiOiIxMDUzODQ3NjAxIiwicm9sZXMiOlsiQURNSU4iXSwiaWF0IjoxNzUwNzc4Njk5LCJleHAiOjE3NTA3ODU4OTl9.g9XF5Y9cHW7wKZyHz4ZNGTtvnN9KDgwjOXUEyjpOqgI"}
    Forwarded URL = null
   Redirected URL = null
          Cookies = []
]]></system-out>
  </testcase>
  <testcase name="testExistsCreatePatient" classname="com.project.doctorya.PatientIntegrationTest" time="0.163">
    <system-out><![CDATA[2025-06-24T10:25:00.001-05:00 DEBUG 28216 --- [doctorya] [           main] o.s.security.web.FilterChainProxy        : Securing POST /auth/register
2025-06-24T10:25:00.001-05:00 DEBUG 28216 --- [doctorya] [           main] o.s.s.w.a.AnonymousAuthenticationFilter  : Set SecurityContextHolder to anonymous SecurityContext
2025-06-24T10:25:00.001-05:00 DEBUG 28216 --- [doctorya] [           main] o.s.security.web.FilterChainProxy        : Secured POST /auth/register
Hibernate: select a1_0.id,a1_0.identification,a1_0.password,a1_0.role from auth a1_0 where a1_0.identification=?
Hibernate: insert into auth (identification,password,role,id) values (?,?,?,?)
2025-06-24T10:25:00.072-05:00 DEBUG 28216 --- [doctorya] [           main] o.s.security.web.FilterChainProxy        : Securing POST /auth/login
2025-06-24T10:25:00.073-05:00 DEBUG 28216 --- [doctorya] [           main] o.s.s.w.a.AnonymousAuthenticationFilter  : Set SecurityContextHolder to anonymous SecurityContext
2025-06-24T10:25:00.073-05:00 DEBUG 28216 --- [doctorya] [           main] o.s.security.web.FilterChainProxy        : Secured POST /auth/login
Hibernate: select a1_0.id,a1_0.identification,a1_0.password,a1_0.role from auth a1_0 where a1_0.identification=?
Hibernate: insert into auth (identification,password,role,id) values (?,?,?,?)
Hibernate: insert into patient (auth_id,insurance,name,id) values (?,?,?,?)
2025-06-24T10:25:00.146-05:00 DEBUG 28216 --- [doctorya] [           main] o.s.security.web.FilterChainProxy        : Securing POST /patient
2025-06-24T10:25:00.147-05:00 DEBUG 28216 --- [doctorya] [           main] o.s.s.o.s.r.a.JwtAuthenticationProvider  : Authenticated token
2025-06-24T10:25:00.147-05:00 DEBUG 28216 --- [doctorya] [           main] .s.r.w.a.BearerTokenAuthenticationFilter : Set SecurityContextHolder to JwtAuthenticationToken [Principal=org.springframework.security.oauth2.jwt.Jwt@6a3646f7, Credentials=[PROTECTED], Authenticated=true, Details=WebAuthenticationDetails [RemoteIpAddress=127.0.0.1, SessionId=null], Granted Authorities=[ROLE_ADMIN]]
2025-06-24T10:25:00.147-05:00 DEBUG 28216 --- [doctorya] [           main] o.s.security.web.FilterChainProxy        : Secured POST /patient
2025-06-24T10:25:00.148-05:00 DEBUG 28216 --- [doctorya] [           main] horizationManagerBeforeMethodInterceptor : Authorizing method invocation ReflectiveMethodInvocation: public org.springframework.http.ResponseEntity com.project.doctorya.patient.rest.controller.PatientController.create(com.project.doctorya.patient.rest.dto.PatientDTO); target is of class [com.project.doctorya.patient.rest.controller.PatientController]
2025-06-24T10:25:00.148-05:00 DEBUG 28216 --- [doctorya] [           main] horizationManagerBeforeMethodInterceptor : Authorized method invocation ReflectiveMethodInvocation: public org.springframework.http.ResponseEntity com.project.doctorya.patient.rest.controller.PatientController.create(com.project.doctorya.patient.rest.dto.PatientDTO); target is of class [com.project.doctorya.patient.rest.controller.PatientController]
Hibernate: select a1_0.id,a1_0.identification,a1_0.password,a1_0.role from auth a1_0 where a1_0.identification=?
Hibernate: select p1_0.id,p1_0.auth_id,p1_0.insurance,p1_0.name from patient p1_0
Hibernate: select a1_0.id,a1_0.identification,a1_0.password,a1_0.role from auth a1_0 where a1_0.id=?
Hibernate: delete from patient where id=?
Hibernate: delete from auth where id=?
Hibernate: select a1_0.id,a1_0.identification,a1_0.password,a1_0.role from auth a1_0
Hibernate: delete from auth where id=?
]]></system-out>
  </testcase>
  <testcase name="testGetByIdPatient" classname="com.project.doctorya.PatientIntegrationTest" time="0.15">
    <system-out><![CDATA[2025-06-24T10:25:00.165-05:00 DEBUG 28216 --- [doctorya] [           main] o.s.security.web.FilterChainProxy        : Securing POST /auth/register
2025-06-24T10:25:00.166-05:00 DEBUG 28216 --- [doctorya] [           main] o.s.s.w.a.AnonymousAuthenticationFilter  : Set SecurityContextHolder to anonymous SecurityContext
2025-06-24T10:25:00.166-05:00 DEBUG 28216 --- [doctorya] [           main] o.s.security.web.FilterChainProxy        : Secured POST /auth/register
Hibernate: select a1_0.id,a1_0.identification,a1_0.password,a1_0.role from auth a1_0 where a1_0.identification=?
Hibernate: insert into auth (identification,password,role,id) values (?,?,?,?)
2025-06-24T10:25:00.233-05:00 DEBUG 28216 --- [doctorya] [           main] o.s.security.web.FilterChainProxy        : Securing POST /auth/login
2025-06-24T10:25:00.233-05:00 DEBUG 28216 --- [doctorya] [           main] o.s.s.w.a.AnonymousAuthenticationFilter  : Set SecurityContextHolder to anonymous SecurityContext
2025-06-24T10:25:00.233-05:00 DEBUG 28216 --- [doctorya] [           main] o.s.security.web.FilterChainProxy        : Secured POST /auth/login
Hibernate: select a1_0.id,a1_0.identification,a1_0.password,a1_0.role from auth a1_0 where a1_0.identification=?
Hibernate: insert into auth (identification,password,role,id) values (?,?,?,?)
Hibernate: insert into patient (auth_id,insurance,name,id) values (?,?,?,?)
2025-06-24T10:25:00.299-05:00 DEBUG 28216 --- [doctorya] [           main] o.s.security.web.FilterChainProxy        : Securing GET /patient/16d44334-53c6-48bb-8939-2a1355353442
2025-06-24T10:25:00.300-05:00 DEBUG 28216 --- [doctorya] [           main] o.s.s.o.s.r.a.JwtAuthenticationProvider  : Authenticated token
2025-06-24T10:25:00.300-05:00 DEBUG 28216 --- [doctorya] [           main] .s.r.w.a.BearerTokenAuthenticationFilter : Set SecurityContextHolder to JwtAuthenticationToken [Principal=org.springframework.security.oauth2.jwt.Jwt@6a3646f7, Credentials=[PROTECTED], Authenticated=true, Details=WebAuthenticationDetails [RemoteIpAddress=127.0.0.1, SessionId=null], Granted Authorities=[ROLE_ADMIN]]
2025-06-24T10:25:00.300-05:00 DEBUG 28216 --- [doctorya] [           main] o.s.security.web.FilterChainProxy        : Secured GET /patient/16d44334-53c6-48bb-8939-2a1355353442
2025-06-24T10:25:00.301-05:00 DEBUG 28216 --- [doctorya] [           main] horizationManagerBeforeMethodInterceptor : Authorizing method invocation ReflectiveMethodInvocation: public org.springframework.http.ResponseEntity com.project.doctorya.patient.rest.controller.PatientController.getById(java.util.UUID); target is of class [com.project.doctorya.patient.rest.controller.PatientController]
2025-06-24T10:25:00.301-05:00 DEBUG 28216 --- [doctorya] [           main] horizationManagerBeforeMethodInterceptor : Authorized method invocation ReflectiveMethodInvocation: public org.springframework.http.ResponseEntity com.project.doctorya.patient.rest.controller.PatientController.getById(java.util.UUID); target is of class [com.project.doctorya.patient.rest.controller.PatientController]
Hibernate: select p1_0.id,a1_0.id,a1_0.identification,a1_0.password,a1_0.role,p1_0.insurance,p1_0.name from patient p1_0 left join auth a1_0 on a1_0.id=p1_0.auth_id where p1_0.id=?
Hibernate: select p1_0.id,p1_0.auth_id,p1_0.insurance,p1_0.name from patient p1_0
Hibernate: select a1_0.id,a1_0.identification,a1_0.password,a1_0.role from auth a1_0 where a1_0.id=?
Hibernate: delete from patient where id=?
Hibernate: delete from auth where id=?
Hibernate: select a1_0.id,a1_0.identification,a1_0.password,a1_0.role from auth a1_0
Hibernate: delete from auth where id=?
]]></system-out>
  </testcase>
  <testcase name="testDeletePatient" classname="com.project.doctorya.PatientIntegrationTest" time="0.163">
    <system-out><![CDATA[2025-06-24T10:25:00.316-05:00 DEBUG 28216 --- [doctorya] [           main] o.s.security.web.FilterChainProxy        : Securing POST /auth/register
2025-06-24T10:25:00.316-05:00 DEBUG 28216 --- [doctorya] [           main] o.s.s.w.a.AnonymousAuthenticationFilter  : Set SecurityContextHolder to anonymous SecurityContext
2025-06-24T10:25:00.317-05:00 DEBUG 28216 --- [doctorya] [           main] o.s.security.web.FilterChainProxy        : Secured POST /auth/register
Hibernate: select a1_0.id,a1_0.identification,a1_0.password,a1_0.role from auth a1_0 where a1_0.identification=?
Hibernate: insert into auth (identification,password,role,id) values (?,?,?,?)
2025-06-24T10:25:00.396-05:00 DEBUG 28216 --- [doctorya] [           main] o.s.security.web.FilterChainProxy        : Securing POST /auth/login
2025-06-24T10:25:00.396-05:00 DEBUG 28216 --- [doctorya] [           main] o.s.s.w.a.AnonymousAuthenticationFilter  : Set SecurityContextHolder to anonymous SecurityContext
2025-06-24T10:25:00.396-05:00 DEBUG 28216 --- [doctorya] [           main] o.s.security.web.FilterChainProxy        : Secured POST /auth/login
Hibernate: select a1_0.id,a1_0.identification,a1_0.password,a1_0.role from auth a1_0 where a1_0.identification=?
Hibernate: insert into auth (identification,password,role,id) values (?,?,?,?)
Hibernate: insert into patient (auth_id,insurance,name,id) values (?,?,?,?)
2025-06-24T10:25:00.461-05:00 DEBUG 28216 --- [doctorya] [           main] o.s.security.web.FilterChainProxy        : Securing DELETE /patient/a1f39124-9f02-44f0-bf30-0387480d2eb1
2025-06-24T10:25:00.462-05:00 DEBUG 28216 --- [doctorya] [           main] o.s.s.o.s.r.a.JwtAuthenticationProvider  : Authenticated token
2025-06-24T10:25:00.462-05:00 DEBUG 28216 --- [doctorya] [           main] .s.r.w.a.BearerTokenAuthenticationFilter : Set SecurityContextHolder to JwtAuthenticationToken [Principal=org.springframework.security.oauth2.jwt.Jwt@6a3646f7, Credentials=[PROTECTED], Authenticated=true, Details=WebAuthenticationDetails [RemoteIpAddress=127.0.0.1, SessionId=null], Granted Authorities=[ROLE_ADMIN]]
2025-06-24T10:25:00.462-05:00 DEBUG 28216 --- [doctorya] [           main] o.s.security.web.FilterChainProxy        : Secured DELETE /patient/a1f39124-9f02-44f0-bf30-0387480d2eb1
2025-06-24T10:25:00.463-05:00 DEBUG 28216 --- [doctorya] [           main] horizationManagerBeforeMethodInterceptor : Authorizing method invocation ReflectiveMethodInvocation: public void com.project.doctorya.patient.rest.controller.PatientController.delete(java.util.UUID); target is of class [com.project.doctorya.patient.rest.controller.PatientController]
2025-06-24T10:25:00.463-05:00 DEBUG 28216 --- [doctorya] [           main] horizationManagerBeforeMethodInterceptor : Authorized method invocation ReflectiveMethodInvocation: public void com.project.doctorya.patient.rest.controller.PatientController.delete(java.util.UUID); target is of class [com.project.doctorya.patient.rest.controller.PatientController]
Hibernate: select p1_0.id,a1_0.id,a1_0.identification,a1_0.password,a1_0.role,p1_0.insurance,p1_0.name from patient p1_0 left join auth a1_0 on a1_0.id=p1_0.auth_id where p1_0.id=?
Hibernate: delete from patient where id=?
Hibernate: delete from auth where id=?
Hibernate: select p1_0.id,a1_0.id,a1_0.identification,a1_0.password,a1_0.role,p1_0.insurance,p1_0.name from patient p1_0 left join auth a1_0 on a1_0.id=p1_0.auth_id where p1_0.id=?
Hibernate: select p1_0.id,p1_0.auth_id,p1_0.insurance,p1_0.name from patient p1_0
Hibernate: select a1_0.id,a1_0.identification,a1_0.password,a1_0.role from auth a1_0
Hibernate: delete from auth where id=?
]]></system-out>
  </testcase>
  <testcase name="testGetByIdNotFoundPatient" classname="com.project.doctorya.PatientIntegrationTest" time="0.155">
    <system-out><![CDATA[2025-06-24T10:25:00.481-05:00 DEBUG 28216 --- [doctorya] [           main] o.s.security.web.FilterChainProxy        : Securing POST /auth/register
2025-06-24T10:25:00.481-05:00 DEBUG 28216 --- [doctorya] [           main] o.s.s.w.a.AnonymousAuthenticationFilter  : Set SecurityContextHolder to anonymous SecurityContext
2025-06-24T10:25:00.481-05:00 DEBUG 28216 --- [doctorya] [           main] o.s.security.web.FilterChainProxy        : Secured POST /auth/register
Hibernate: select a1_0.id,a1_0.identification,a1_0.password,a1_0.role from auth a1_0 where a1_0.identification=?
Hibernate: insert into auth (identification,password,role,id) values (?,?,?,?)
2025-06-24T10:25:00.547-05:00 DEBUG 28216 --- [doctorya] [           main] o.s.security.web.FilterChainProxy        : Securing POST /auth/login
2025-06-24T10:25:00.548-05:00 DEBUG 28216 --- [doctorya] [           main] o.s.s.w.a.AnonymousAuthenticationFilter  : Set SecurityContextHolder to anonymous SecurityContext
2025-06-24T10:25:00.548-05:00 DEBUG 28216 --- [doctorya] [           main] o.s.security.web.FilterChainProxy        : Secured POST /auth/login
Hibernate: select a1_0.id,a1_0.identification,a1_0.password,a1_0.role from auth a1_0 where a1_0.identification=?
2025-06-24T10:25:00.618-05:00 DEBUG 28216 --- [doctorya] [           main] o.s.security.web.FilterChainProxy        : Securing GET /patient/ed0ac943-3547-4461-9638-077f6b60b420
2025-06-24T10:25:00.619-05:00 DEBUG 28216 --- [doctorya] [           main] o.s.s.o.s.r.a.JwtAuthenticationProvider  : Authenticated token
2025-06-24T10:25:00.620-05:00 DEBUG 28216 --- [doctorya] [           main] .s.r.w.a.BearerTokenAuthenticationFilter : Set SecurityContextHolder to JwtAuthenticationToken [Principal=org.springframework.security.oauth2.jwt.Jwt@6a3646f7, Credentials=[PROTECTED], Authenticated=true, Details=WebAuthenticationDetails [RemoteIpAddress=127.0.0.1, SessionId=null], Granted Authorities=[ROLE_ADMIN]]
2025-06-24T10:25:00.620-05:00 DEBUG 28216 --- [doctorya] [           main] o.s.security.web.FilterChainProxy        : Secured GET /patient/ed0ac943-3547-4461-9638-077f6b60b420
2025-06-24T10:25:00.621-05:00 DEBUG 28216 --- [doctorya] [           main] horizationManagerBeforeMethodInterceptor : Authorizing method invocation ReflectiveMethodInvocation: public org.springframework.http.ResponseEntity com.project.doctorya.patient.rest.controller.PatientController.getById(java.util.UUID); target is of class [com.project.doctorya.patient.rest.controller.PatientController]
2025-06-24T10:25:00.621-05:00 DEBUG 28216 --- [doctorya] [           main] horizationManagerBeforeMethodInterceptor : Authorized method invocation ReflectiveMethodInvocation: public org.springframework.http.ResponseEntity com.project.doctorya.patient.rest.controller.PatientController.getById(java.util.UUID); target is of class [com.project.doctorya.patient.rest.controller.PatientController]
Hibernate: select p1_0.id,a1_0.id,a1_0.identification,a1_0.password,a1_0.role,p1_0.insurance,p1_0.name from patient p1_0 left join auth a1_0 on a1_0.id=p1_0.auth_id where p1_0.id=?
Hibernate: select p1_0.id,p1_0.auth_id,p1_0.insurance,p1_0.name from patient p1_0
Hibernate: select a1_0.id,a1_0.identification,a1_0.password,a1_0.role from auth a1_0
Hibernate: delete from auth where id=?
]]></system-out>
  </testcase>
  <testcase name="testNotFoundUpdatePatient" classname="com.project.doctorya.PatientIntegrationTest" time="0.148">
    <error message="Request processing failed: org.springframework.orm.jpa.JpaObjectRetrievalFailureException: Physician not found" type="jakarta.servlet.ServletException"><![CDATA[jakarta.servlet.ServletException: Request processing failed: org.springframework.orm.jpa.JpaObjectRetrievalFailureException: Physician not found
	at org.springframework.web.servlet.FrameworkServlet.processRequest(FrameworkServlet.java:1022)
	at org.springframework.web.servlet.FrameworkServlet.doPut(FrameworkServlet.java:925)
	at jakarta.servlet.http.HttpServlet.service(HttpServlet.java:593)
	at org.springframework.web.servlet.FrameworkServlet.service(FrameworkServlet.java:885)
	at org.springframework.test.web.servlet.TestDispatcherServlet.service(TestDispatcherServlet.java:72)
	at jakarta.servlet.http.HttpServlet.service(HttpServlet.java:658)
	at org.springframework.mock.web.MockFilterChain$ServletFilterProxy.doFilter(MockFilterChain.java:165)
	at org.springframework.mock.web.MockFilterChain.doFilter(MockFilterChain.java:132)
	at org.springframework.web.filter.CompositeFilter$VirtualFilterChain.doFilter(CompositeFilter.java:108)
	at org.springframework.security.web.FilterChainProxy.lambda$doFilterInternal$3(FilterChainProxy.java:231)
	at org.springframework.security.web.FilterChainProxy$VirtualFilterChain.doFilter(FilterChainProxy.java:365)
	at org.springframework.security.web.access.intercept.AuthorizationFilter.doFilter(AuthorizationFilter.java:101)
	at org.springframework.security.web.FilterChainProxy$VirtualFilterChain.doFilter(FilterChainProxy.java:374)
	at org.springframework.security.web.access.ExceptionTranslationFilter.doFilter(ExceptionTranslationFilter.java:126)
	at org.springframework.security.web.access.ExceptionTranslationFilter.doFilter(ExceptionTranslationFilter.java:120)
	at org.springframework.security.web.FilterChainProxy$VirtualFilterChain.doFilter(FilterChainProxy.java:374)
	at org.springframework.security.web.session.SessionManagementFilter.doFilter(SessionManagementFilter.java:131)
	at org.springframework.security.web.session.SessionManagementFilter.doFilter(SessionManagementFilter.java:85)
	at org.springframework.security.web.FilterChainProxy$VirtualFilterChain.doFilter(FilterChainProxy.java:374)
	at org.springframework.security.web.authentication.AnonymousAuthenticationFilter.doFilter(AnonymousAuthenticationFilter.java:100)
	at org.springframework.security.web.FilterChainProxy$VirtualFilterChain.doFilter(FilterChainProxy.java:374)
	at org.springframework.security.web.servletapi.SecurityContextHolderAwareRequestFilter.doFilter(SecurityContextHolderAwareRequestFilter.java:179)
	at org.springframework.security.web.FilterChainProxy$VirtualFilterChain.doFilter(FilterChainProxy.java:374)
	at org.springframework.security.web.savedrequest.RequestCacheAwareFilter.doFilter(RequestCacheAwareFilter.java:63)
	at org.springframework.security.web.FilterChainProxy$VirtualFilterChain.doFilter(FilterChainProxy.java:374)
	at org.springframework.security.oauth2.server.resource.web.authentication.BearerTokenAuthenticationFilter.doFilterInternal(BearerTokenAuthenticationFilter.java:145)
	at org.springframework.web.filter.OncePerRequestFilter.doFilter(OncePerRequestFilter.java:116)
	at org.springframework.security.web.FilterChainProxy$VirtualFilterChain.doFilter(FilterChainProxy.java:374)
	at org.springframework.security.web.authentication.logout.LogoutFilter.doFilter(LogoutFilter.java:107)
	at org.springframework.security.web.authentication.logout.LogoutFilter.doFilter(LogoutFilter.java:93)
	at org.springframework.security.web.FilterChainProxy$VirtualFilterChain.doFilter(FilterChainProxy.java:374)
	at org.springframework.security.web.header.HeaderWriterFilter.doHeadersAfter(HeaderWriterFilter.java:90)
	at org.springframework.security.web.header.HeaderWriterFilter.doFilterInternal(HeaderWriterFilter.java:75)
	at org.springframework.web.filter.OncePerRequestFilter.doFilter(OncePerRequestFilter.java:116)
	at org.springframework.security.web.FilterChainProxy$VirtualFilterChain.doFilter(FilterChainProxy.java:374)
	at org.springframework.security.web.context.SecurityContextHolderFilter.doFilter(SecurityContextHolderFilter.java:82)
	at org.springframework.security.web.context.SecurityContextHolderFilter.doFilter(SecurityContextHolderFilter.java:69)
	at org.springframework.security.web.FilterChainProxy$VirtualFilterChain.doFilter(FilterChainProxy.java:374)
	at org.springframework.security.web.context.request.async.WebAsyncManagerIntegrationFilter.doFilterInternal(WebAsyncManagerIntegrationFilter.java:62)
	at org.springframework.web.filter.OncePerRequestFilter.doFilter(OncePerRequestFilter.java:116)
	at org.springframework.security.web.FilterChainProxy$VirtualFilterChain.doFilter(FilterChainProxy.java:374)
	at org.springframework.security.web.session.DisableEncodeUrlFilter.doFilterInternal(DisableEncodeUrlFilter.java:42)
	at org.springframework.web.filter.OncePerRequestFilter.doFilter(OncePerRequestFilter.java:116)
	at org.springframework.security.web.FilterChainProxy$VirtualFilterChain.doFilter(FilterChainProxy.java:374)
	at org.springframework.security.web.FilterChainProxy.doFilterInternal(FilterChainProxy.java:233)
	at org.springframework.security.web.FilterChainProxy.doFilter(FilterChainProxy.java:191)
	at org.springframework.web.filter.CompositeFilter$VirtualFilterChain.doFilter(CompositeFilter.java:113)
	at org.springframework.web.servlet.handler.HandlerMappingIntrospector.lambda$createCacheFilter$3(HandlerMappingIntrospector.java:243)
	at org.springframework.web.filter.CompositeFilter$VirtualFilterChain.doFilter(CompositeFilter.java:113)
	at org.springframework.web.filter.CompositeFilter.doFilter(CompositeFilter.java:74)
	at org.springframework.security.config.annotation.web.configuration.WebMvcSecurityConfiguration$CompositeFilterChainProxy.doFilter(WebMvcSecurityConfiguration.java:238)
	at org.springframework.web.filter.DelegatingFilterProxy.invokeDelegate(DelegatingFilterProxy.java:362)
	at org.springframework.web.filter.DelegatingFilterProxy.doFilter(DelegatingFilterProxy.java:278)
	at org.springframework.test.web.servlet.setup.MockMvcFilterDecorator.doFilter(MockMvcFilterDecorator.java:162)
	at org.springframework.mock.web.MockFilterChain.doFilter(MockFilterChain.java:132)
	at org.springframework.web.filter.RequestContextFilter.doFilterInternal(RequestContextFilter.java:100)
	at org.springframework.web.filter.OncePerRequestFilter.doFilter(OncePerRequestFilter.java:116)
	at org.springframework.test.web.servlet.setup.MockMvcFilterDecorator.doFilter(MockMvcFilterDecorator.java:162)
	at org.springframework.mock.web.MockFilterChain.doFilter(MockFilterChain.java:132)
	at org.springframework.web.filter.FormContentFilter.doFilterInternal(FormContentFilter.java:93)
	at org.springframework.web.filter.OncePerRequestFilter.doFilter(OncePerRequestFilter.java:116)
	at org.springframework.test.web.servlet.setup.MockMvcFilterDecorator.doFilter(MockMvcFilterDecorator.java:162)
	at org.springframework.mock.web.MockFilterChain.doFilter(MockFilterChain.java:132)
	at org.springframework.web.filter.CharacterEncodingFilter.doFilterInternal(CharacterEncodingFilter.java:201)
	at org.springframework.web.filter.OncePerRequestFilter.doFilter(OncePerRequestFilter.java:116)
	at org.springframework.test.web.servlet.setup.MockMvcFilterDecorator.doFilter(MockMvcFilterDecorator.java:162)
	at org.springframework.mock.web.MockFilterChain.doFilter(MockFilterChain.java:132)
	at org.springframework.test.web.servlet.MockMvc.perform(MockMvc.java:201)
	at com.project.doctorya.PatientIntegrationTest.testNotFoundUpdatePatient(PatientIntegrationTest.java:256)
	at java.base/java.lang.reflect.Method.invoke(Method.java:580)
	at java.base/java.util.ArrayList.forEach(ArrayList.java:1596)
	at java.base/java.util.ArrayList.forEach(ArrayList.java:1596)
Caused by: org.springframework.orm.jpa.JpaObjectRetrievalFailureException: Physician not found
	at org.springframework.orm.jpa.EntityManagerFactoryUtils.convertJpaAccessExceptionIfPossible(EntityManagerFactoryUtils.java:376)
	at org.springframework.orm.jpa.vendor.HibernateJpaDialect.translateExceptionIfPossible(HibernateJpaDialect.java:246)
	at org.springframework.orm.jpa.AbstractEntityManagerFactoryBean.translateExceptionIfPossible(AbstractEntityManagerFactoryBean.java:560)
	at org.springframework.dao.support.ChainedPersistenceExceptionTranslator.translateExceptionIfPossible(ChainedPersistenceExceptionTranslator.java:61)
	at org.springframework.dao.support.DataAccessUtils.translateIfNecessary(DataAccessUtils.java:343)
	at org.springframework.dao.support.PersistenceExceptionTranslationInterceptor.invoke(PersistenceExceptionTranslationInterceptor.java:160)
	at org.springframework.aop.framework.ReflectiveMethodInvocation.proceed(ReflectiveMethodInvocation.java:184)
	at org.springframework.aop.framework.CglibAopProxy$DynamicAdvisedInterceptor.intercept(CglibAopProxy.java:728)
	at com.project.doctorya.patient.infrastructure.repository.PatientRepository$$SpringCGLIB$$0.update(<generated>)
	at com.project.doctorya.patient.application.usecase.PatientUpdateUseCase.execute(PatientUpdateUseCase.java:20)
	at com.project.doctorya.patient.rest.controller.PatientController.update(PatientController.java:112)
	at java.base/jdk.internal.reflect.DirectMethodHandleAccessor.invoke(DirectMethodHandleAccessor.java:103)
	at java.base/java.lang.reflect.Method.invoke(Method.java:580)
	at org.springframework.aop.support.AopUtils.invokeJoinpointUsingReflection(AopUtils.java:359)
	at org.springframework.aop.framework.ReflectiveMethodInvocation.invokeJoinpoint(ReflectiveMethodInvocation.java:196)
	at org.springframework.aop.framework.ReflectiveMethodInvocation.proceed(ReflectiveMethodInvocation.java:163)
	at org.springframework.validation.beanvalidation.MethodValidationInterceptor.invoke(MethodValidationInterceptor.java:174)
	at org.springframework.aop.framework.ReflectiveMethodInvocation.proceed(ReflectiveMethodInvocation.java:184)
	at org.springframework.aop.framework.CglibAopProxy$DynamicAdvisedInterceptor.intercept(CglibAopProxy.java:728)
	at com.project.doctorya.patient.rest.controller.PatientController$$SpringCGLIB$$0.update(<generated>)
	at java.base/jdk.internal.reflect.DirectMethodHandleAccessor.invoke(DirectMethodHandleAccessor.java:103)
	at java.base/java.lang.reflect.Method.invoke(Method.java:580)
	at org.springframework.web.method.support.InvocableHandlerMethod.doInvoke(InvocableHandlerMethod.java:258)
	at org.springframework.web.method.support.InvocableHandlerMethod.invokeForRequest(InvocableHandlerMethod.java:191)
	at org.springframework.web.servlet.mvc.method.annotation.ServletInvocableHandlerMethod.invokeAndHandle(ServletInvocableHandlerMethod.java:118)
	at org.springframework.web.servlet.mvc.method.annotation.RequestMappingHandlerAdapter.invokeHandlerMethod(RequestMappingHandlerAdapter.java:986)
	at org.springframework.web.servlet.mvc.method.annotation.RequestMappingHandlerAdapter.handleInternal(RequestMappingHandlerAdapter.java:891)
	at org.springframework.web.servlet.mvc.method.AbstractHandlerMethodAdapter.handle(AbstractHandlerMethodAdapter.java:87)
	at org.springframework.web.servlet.DispatcherServlet.doDispatch(DispatcherServlet.java:1089)
	at org.springframework.web.servlet.DispatcherServlet.doService(DispatcherServlet.java:979)
	at org.springframework.web.servlet.FrameworkServlet.processRequest(FrameworkServlet.java:1014)
	... 71 more
Caused by: jakarta.persistence.EntityNotFoundException: Physician not found
	at com.project.doctorya.patient.infrastructure.repository.PatientRepository.update(PatientRepository.java:64)
	at java.base/jdk.internal.reflect.DirectMethodHandleAccessor.invoke(DirectMethodHandleAccessor.java:103)
	at java.base/java.lang.reflect.Method.invoke(Method.java:580)
	at org.springframework.aop.support.AopUtils.invokeJoinpointUsingReflection(AopUtils.java:359)
	at org.springframework.aop.framework.ReflectiveMethodInvocation.invokeJoinpoint(ReflectiveMethodInvocation.java:196)
	at org.springframework.aop.framework.ReflectiveMethodInvocation.proceed(ReflectiveMethodInvocation.java:163)
	at org.springframework.dao.support.PersistenceExceptionTranslationInterceptor.invoke(PersistenceExceptionTranslationInterceptor.java:138)
	... 96 more
]]></error>
    <system-out><![CDATA[2025-06-24T10:25:00.639-05:00 DEBUG 28216 --- [doctorya] [           main] o.s.security.web.FilterChainProxy        : Securing POST /auth/register
2025-06-24T10:25:00.639-05:00 DEBUG 28216 --- [doctorya] [           main] o.s.s.w.a.AnonymousAuthenticationFilter  : Set SecurityContextHolder to anonymous SecurityContext
2025-06-24T10:25:00.639-05:00 DEBUG 28216 --- [doctorya] [           main] o.s.security.web.FilterChainProxy        : Secured POST /auth/register
Hibernate: select a1_0.id,a1_0.identification,a1_0.password,a1_0.role from auth a1_0 where a1_0.identification=?
Hibernate: insert into auth (identification,password,role,id) values (?,?,?,?)
2025-06-24T10:25:00.708-05:00 DEBUG 28216 --- [doctorya] [           main] o.s.security.web.FilterChainProxy        : Securing POST /auth/login
2025-06-24T10:25:00.708-05:00 DEBUG 28216 --- [doctorya] [           main] o.s.s.w.a.AnonymousAuthenticationFilter  : Set SecurityContextHolder to anonymous SecurityContext
2025-06-24T10:25:00.708-05:00 DEBUG 28216 --- [doctorya] [           main] o.s.security.web.FilterChainProxy        : Secured POST /auth/login
Hibernate: select a1_0.id,a1_0.identification,a1_0.password,a1_0.role from auth a1_0 where a1_0.identification=?
Hibernate: insert into auth (identification,password,role,id) values (?,?,?,?)
Hibernate: insert into patient (auth_id,insurance,name,id) values (?,?,?,?)
2025-06-24T10:25:00.770-05:00 DEBUG 28216 --- [doctorya] [           main] o.s.security.web.FilterChainProxy        : Securing PUT /patient/155f9bf4-7836-45d8-8bf2-bf1070dc5b6a
2025-06-24T10:25:00.771-05:00 DEBUG 28216 --- [doctorya] [           main] o.s.s.o.s.r.a.JwtAuthenticationProvider  : Authenticated token
2025-06-24T10:25:00.771-05:00 DEBUG 28216 --- [doctorya] [           main] .s.r.w.a.BearerTokenAuthenticationFilter : Set SecurityContextHolder to JwtAuthenticationToken [Principal=org.springframework.security.oauth2.jwt.Jwt@6a3646f7, Credentials=[PROTECTED], Authenticated=true, Details=WebAuthenticationDetails [RemoteIpAddress=127.0.0.1, SessionId=null], Granted Authorities=[ROLE_ADMIN]]
2025-06-24T10:25:00.771-05:00 DEBUG 28216 --- [doctorya] [           main] o.s.security.web.FilterChainProxy        : Secured PUT /patient/155f9bf4-7836-45d8-8bf2-bf1070dc5b6a
Hibernate: select p1_0.id,a1_0.id,a1_0.identification,a1_0.password,a1_0.role,p1_0.insurance,p1_0.name from patient p1_0 left join auth a1_0 on a1_0.id=p1_0.auth_id where p1_0.id=?
Hibernate: select p1_0.id,p1_0.auth_id,p1_0.insurance,p1_0.name from patient p1_0
Hibernate: select a1_0.id,a1_0.identification,a1_0.password,a1_0.role from auth a1_0 where a1_0.id=?
Hibernate: delete from patient where id=?
Hibernate: delete from auth where id=?
Hibernate: select a1_0.id,a1_0.identification,a1_0.password,a1_0.role from auth a1_0
Hibernate: delete from auth where id=?

MockHttpServletRequest:
      HTTP Method = POST
      Request URI = /auth/register
       Parameters = {}
          Headers = [Content-Type:"application/json;charset=UTF-8", Content-Length:"50"]
             Body = {"identification":"1053847601","password":"12345"}
    Session Attrs = {}

Handler:
             Type = com.project.doctorya.auth.rest.controller.AuthController
           Method = com.project.doctorya.auth.rest.controller.AuthController#register(AuthDTO)

Async:
    Async started = false
     Async result = null

Resolved Exception:
             Type = null

ModelAndView:
        View name = null
             View = null
            Model = null

FlashMap:
       Attributes = null

MockHttpServletResponse:
           Status = 200
    Error message = null
          Headers = [Content-Type:"application/json", X-Content-Type-Options:"nosniff", X-XSS-Protection:"0", Cache-Control:"no-cache, no-store, max-age=0, must-revalidate", Pragma:"no-cache", Expires:"0", X-Frame-Options:"DENY"]
     Content type = application/json
             Body = {"identification":"1053847601"}
    Forwarded URL = null
   Redirected URL = null
          Cookies = []

MockHttpServletRequest:
      HTTP Method = POST
      Request URI = /auth/login
       Parameters = {}
          Headers = [Content-Type:"application/json;charset=UTF-8", Content-Length:"50"]
             Body = {"identification":"1053847601","password":"12345"}
    Session Attrs = {}

Handler:
             Type = com.project.doctorya.auth.rest.controller.AuthController
           Method = com.project.doctorya.auth.rest.controller.AuthController#login(AuthDTO)

Async:
    Async started = false
     Async result = null

Resolved Exception:
             Type = null

ModelAndView:
        View name = null
             View = null
            Model = null

FlashMap:
       Attributes = null

MockHttpServletResponse:
           Status = 200
    Error message = null
          Headers = [Content-Type:"application/json", X-Content-Type-Options:"nosniff", X-XSS-Protection:"0", Cache-Control:"no-cache, no-store, max-age=0, must-revalidate", Pragma:"no-cache", Expires:"0", X-Frame-Options:"DENY"]
     Content type = application/json
             Body = {"token":"eyJhbGciOiJIUzI1NiJ9.eyJzdWIiOiIxMDUzODQ3NjAxIiwicm9sZXMiOlsiQURNSU4iXSwiaWF0IjoxNzUwNzc4NzAwLCJleHAiOjE3NTA3ODU5MDB9.j0nmCvw4J56w8auh3qq-O-D-F9O3X3SQvQ0GvOTalGY"}
    Forwarded URL = null
   Redirected URL = null
          Cookies = []
]]></system-out>
  </testcase>
  <testcase name="testGetByIdentificationPatient" classname="com.project.doctorya.PatientIntegrationTest" time="0.148">
    <system-out><![CDATA[2025-06-24T10:25:00.786-05:00 DEBUG 28216 --- [doctorya] [           main] o.s.security.web.FilterChainProxy        : Securing POST /auth/register
2025-06-24T10:25:00.786-05:00 DEBUG 28216 --- [doctorya] [           main] o.s.s.w.a.AnonymousAuthenticationFilter  : Set SecurityContextHolder to anonymous SecurityContext
2025-06-24T10:25:00.786-05:00 DEBUG 28216 --- [doctorya] [           main] o.s.security.web.FilterChainProxy        : Secured POST /auth/register
Hibernate: select a1_0.id,a1_0.identification,a1_0.password,a1_0.role from auth a1_0 where a1_0.identification=?
Hibernate: insert into auth (identification,password,role,id) values (?,?,?,?)
2025-06-24T10:25:00.851-05:00 DEBUG 28216 --- [doctorya] [           main] o.s.security.web.FilterChainProxy        : Securing POST /auth/login
2025-06-24T10:25:00.851-05:00 DEBUG 28216 --- [doctorya] [           main] o.s.s.w.a.AnonymousAuthenticationFilter  : Set SecurityContextHolder to anonymous SecurityContext
2025-06-24T10:25:00.851-05:00 DEBUG 28216 --- [doctorya] [           main] o.s.security.web.FilterChainProxy        : Secured POST /auth/login
Hibernate: select a1_0.id,a1_0.identification,a1_0.password,a1_0.role from auth a1_0 where a1_0.identification=?
Hibernate: insert into auth (identification,password,role,id) values (?,?,?,?)
Hibernate: insert into patient (auth_id,insurance,name,id) values (?,?,?,?)
2025-06-24T10:25:00.911-05:00 DEBUG 28216 --- [doctorya] [           main] o.s.security.web.FilterChainProxy        : Securing GET /patient/identification/1053847610
2025-06-24T10:25:00.912-05:00 DEBUG 28216 --- [doctorya] [           main] o.s.s.o.s.r.a.JwtAuthenticationProvider  : Authenticated token
2025-06-24T10:25:00.912-05:00 DEBUG 28216 --- [doctorya] [           main] .s.r.w.a.BearerTokenAuthenticationFilter : Set SecurityContextHolder to JwtAuthenticationToken [Principal=org.springframework.security.oauth2.jwt.Jwt@6a3646f7, Credentials=[PROTECTED], Authenticated=true, Details=WebAuthenticationDetails [RemoteIpAddress=127.0.0.1, SessionId=null], Granted Authorities=[ROLE_ADMIN]]
2025-06-24T10:25:00.912-05:00 DEBUG 28216 --- [doctorya] [           main] o.s.security.web.FilterChainProxy        : Secured GET /patient/identification/1053847610
Hibernate: select p1_0.id,p1_0.auth_id,p1_0.insurance,p1_0.name from patient p1_0 left join auth a1_0 on a1_0.id=p1_0.auth_id where a1_0.identification=?
Hibernate: select a1_0.id,a1_0.identification,a1_0.password,a1_0.role from auth a1_0 where a1_0.id=?
Hibernate: select p1_0.id,p1_0.auth_id,p1_0.insurance,p1_0.name from patient p1_0
Hibernate: select a1_0.id,a1_0.identification,a1_0.password,a1_0.role from auth a1_0 where a1_0.id=?
Hibernate: delete from patient where id=?
Hibernate: delete from auth where id=?
Hibernate: select a1_0.id,a1_0.identification,a1_0.password,a1_0.role from auth a1_0
Hibernate: delete from auth where id=?
]]></system-out>
  </testcase>
  <testcase name="testGetByIdentificationNotFoundPatient" classname="com.project.doctorya.PatientIntegrationTest" time="0.137">
    <system-out><![CDATA[2025-06-24T10:25:00.935-05:00 DEBUG 28216 --- [doctorya] [           main] o.s.security.web.FilterChainProxy        : Securing POST /auth/register
2025-06-24T10:25:00.935-05:00 DEBUG 28216 --- [doctorya] [           main] o.s.s.w.a.AnonymousAuthenticationFilter  : Set SecurityContextHolder to anonymous SecurityContext
2025-06-24T10:25:00.935-05:00 DEBUG 28216 --- [doctorya] [           main] o.s.security.web.FilterChainProxy        : Secured POST /auth/register
Hibernate: select a1_0.id,a1_0.identification,a1_0.password,a1_0.role from auth a1_0 where a1_0.identification=?
Hibernate: insert into auth (identification,password,role,id) values (?,?,?,?)
2025-06-24T10:25:01.001-05:00 DEBUG 28216 --- [doctorya] [           main] o.s.security.web.FilterChainProxy        : Securing POST /auth/login
2025-06-24T10:25:01.001-05:00 DEBUG 28216 --- [doctorya] [           main] o.s.s.w.a.AnonymousAuthenticationFilter  : Set SecurityContextHolder to anonymous SecurityContext
2025-06-24T10:25:01.001-05:00 DEBUG 28216 --- [doctorya] [           main] o.s.security.web.FilterChainProxy        : Secured POST /auth/login
Hibernate: select a1_0.id,a1_0.identification,a1_0.password,a1_0.role from auth a1_0 where a1_0.identification=?
2025-06-24T10:25:01.060-05:00 DEBUG 28216 --- [doctorya] [           main] o.s.security.web.FilterChainProxy        : Securing GET /patient/identification/1053847600
2025-06-24T10:25:01.060-05:00 DEBUG 28216 --- [doctorya] [           main] o.s.s.o.s.r.a.JwtAuthenticationProvider  : Authenticated token
2025-06-24T10:25:01.060-05:00 DEBUG 28216 --- [doctorya] [           main] .s.r.w.a.BearerTokenAuthenticationFilter : Set SecurityContextHolder to JwtAuthenticationToken [Principal=org.springframework.security.oauth2.jwt.Jwt@f654e4b0, Credentials=[PROTECTED], Authenticated=true, Details=WebAuthenticationDetails [RemoteIpAddress=127.0.0.1, SessionId=null], Granted Authorities=[ROLE_ADMIN]]
2025-06-24T10:25:01.060-05:00 DEBUG 28216 --- [doctorya] [           main] o.s.security.web.FilterChainProxy        : Secured GET /patient/identification/1053847600
Hibernate: select p1_0.id,p1_0.auth_id,p1_0.insurance,p1_0.name from patient p1_0 left join auth a1_0 on a1_0.id=p1_0.auth_id where a1_0.identification=?
Hibernate: select p1_0.id,p1_0.auth_id,p1_0.insurance,p1_0.name from patient p1_0
Hibernate: select a1_0.id,a1_0.identification,a1_0.password,a1_0.role from auth a1_0
Hibernate: delete from auth where id=?
]]></system-out>
  </testcase>
</testsuite>