<?xml version="1.0" encoding="UTF-8"?>
<testsuite xmlns:xsi="http://www.w3.org/2001/XMLSchema-instance" xsi:noNamespaceSchemaLocation="https://maven.apache.org/surefire/maven-surefire-plugin/xsd/surefire-test-report.xsd" version="3.0.2" name="com.project.doctorya.AppointmentIntegrationTest" time="15.292" tests="10" errors="2" skipped="0" failures="1">
  <properties>
[...]
</properties>
  <testcase name="testGetByIdAppointment" classname="com.project.doctorya.AppointmentIntegrationTest" time="2.413">
    <system-out><![CDATA[10:24:43.224 [main] INFO org.springframework.test.context.support.AnnotationConfigContextLoaderUtils -- Could not detect default configuration classes for test class [com.project.doctorya.AppointmentIntegrationTest]: AppointmentIntegrationTest does not declare any static, non-private, non-final, nested classes annotated with @Configuration.
10:24:43.611 [main] INFO org.springframework.boot.test.context.SpringBootTestContextBootstrapper -- Found @SpringBootConfiguration com.project.doctorya.DoctoryaApplication for test class com.project.doctorya.AppointmentIntegrationTest
10:24:43.966 [main] INFO org.springframework.boot.devtools.restart.RestartApplicationListener -- Restart disabled due to context in which it is running

  .   ____          _            __ _ _
 /\\ / ___'_ __ _ _(_)_ __  __ _ \ \ \ \
( ( )\___ | '_ | '_| | '_ \/ _` | \ \ \ \
 \\/  ___)| |_)| | | | | || (_| |  ) ) ) )
  '  |____| .__|_| |_|_| |_\__, | / / / /
 =========|_|==============|___/=/_/_/_/

 :: Spring Boot ::                (v3.4.5)

2025-06-24T10:24:44.472-05:00  INFO 28216 --- [doctorya] [           main] c.p.doctorya.AppointmentIntegrationTest  : Starting AppointmentIntegrationTest using Java 21.0.7 with PID 28216 (started by joaaguir in C:\Users\joaaguir\Documents\github\DoctorYa-Java-SpringBoot)
2025-06-24T10:24:44.475-05:00  INFO 28216 --- [doctorya] [           main] c.p.doctorya.AppointmentIntegrationTest  : No active profile set, falling back to 1 default profile: "default"
2025-06-24T10:24:46.570-05:00  INFO 28216 --- [doctorya] [           main] .s.d.r.c.RepositoryConfigurationDelegate : Bootstrapping Spring Data JPA repositories in DEFAULT mode.
2025-06-24T10:24:46.714-05:00  INFO 28216 --- [doctorya] [           main] .s.d.r.c.RepositoryConfigurationDelegate : Finished Spring Data repository scanning in 131 ms. Found 4 JPA repository interfaces.
2025-06-24T10:24:47.863-05:00  INFO 28216 --- [doctorya] [           main] o.hibernate.jpa.internal.util.LogHelper  : HHH000204: Processing PersistenceUnitInfo [name: default]
2025-06-24T10:24:47.956-05:00  INFO 28216 --- [doctorya] [           main] org.hibernate.Version                    : HHH000412: Hibernate ORM core version 6.6.13.Final
2025-06-24T10:24:48.007-05:00  INFO 28216 --- [doctorya] [           main] o.h.c.internal.RegionFactoryInitiator    : HHH000026: Second-level cache disabled
2025-06-24T10:24:48.400-05:00  INFO 28216 --- [doctorya] [           main] o.s.o.j.p.SpringPersistenceUnitInfo      : No LoadTimeWeaver setup: ignoring JPA class transformer
2025-06-24T10:24:48.450-05:00  INFO 28216 --- [doctorya] [           main] com.zaxxer.hikari.HikariDataSource       : HikariPool-1 - Starting...
2025-06-24T10:24:48.912-05:00  INFO 28216 --- [doctorya] [           main] com.zaxxer.hikari.pool.HikariPool        : HikariPool-1 - Added connection org.postgresql.jdbc.PgConnection@6b3eb57
2025-06-24T10:24:48.916-05:00  INFO 28216 --- [doctorya] [           main] com.zaxxer.hikari.HikariDataSource       : HikariPool-1 - Start completed.
2025-06-24T10:24:49.099-05:00  INFO 28216 --- [doctorya] [           main] org.hibernate.orm.connections.pooling    : HHH10001005: Database info:
	Database JDBC URL [Connecting through datasource 'HikariDataSource (HikariPool-1)']
	Database driver: undefined/unknown
	Database version: 13.4
	Autocommit mode: undefined/unknown
	Isolation level: undefined/unknown
	Minimum pool size: undefined/unknown
	Maximum pool size: undefined/unknown
2025-06-24T10:24:50.562-05:00  INFO 28216 --- [doctorya] [           main] o.h.e.t.j.p.i.JtaPlatformInitiator       : HHH000489: No JTA platform available (set 'hibernate.transaction.jta.platform' to enable JTA platform integration)
Hibernate: set client_min_messages = WARNING
Hibernate: alter table if exists appointment drop constraint if exists FK4apif2ewfyf14077ichee8g06
Hibernate: alter table if exists appointment drop constraint if exists FK68g9pht8khvj6imavqgopylme
Hibernate: alter table if exists patient drop constraint if exists FKd0938jirih56x9extwo7ostuc
Hibernate: alter table if exists physician drop constraint if exists FKhe1w4md7rlf6d2t2c2abtxjmw
Hibernate: drop table if exists appointment cascade
Hibernate: drop table if exists auth cascade
Hibernate: drop table if exists patient cascade
Hibernate: drop table if exists physician cascade
Hibernate: create table appointment (duration integer not null, end_date timestamp(6) not null, start_date timestamp(6) not null, id uuid not null, patient_id uuid not null, physician_id uuid not null, reason varchar(255) not null, primary key (id))
Hibernate: create table auth (id uuid not null, identification varchar(255) not null unique, password varchar(255) not null, role varchar(255) check (role in ('ADMIN','PATIENT','PHYSICIAN')), primary key (id))
Hibernate: create table patient (auth_id uuid unique, id uuid not null, insurance varchar(255) not null, name varchar(255) not null, primary key (id))
Hibernate: create table physician (auth_id uuid unique, id uuid not null, code varchar(255) not null, name varchar(255) not null, speciality varchar(255) not null, primary key (id))
Hibernate: alter table if exists appointment add constraint FK4apif2ewfyf14077ichee8g06 foreign key (patient_id) references patient
Hibernate: alter table if exists appointment add constraint FK68g9pht8khvj6imavqgopylme foreign key (physician_id) references physician
Hibernate: alter table if exists patient add constraint FKd0938jirih56x9extwo7ostuc foreign key (auth_id) references auth
Hibernate: alter table if exists physician add constraint FKhe1w4md7rlf6d2t2c2abtxjmw foreign key (auth_id) references auth
2025-06-24T10:24:50.701-05:00  INFO 28216 --- [doctorya] [           main] j.LocalContainerEntityManagerFactoryBean : Initialized JPA EntityManagerFactory for persistence unit 'default'
2025-06-24T10:24:51.067-05:00  INFO 28216 --- [doctorya] [           main] o.s.d.j.r.query.QueryEnhancerFactory     : Hibernate is in classpath; If applicable, HQL parser will be used.
2025-06-24T10:24:52.436-05:00  WARN 28216 --- [doctorya] [           main] JpaBaseConfiguration$JpaWebConfiguration : spring.jpa.open-in-view is enabled by default. Therefore, database queries may be performed during view rendering. Explicitly configure spring.jpa.open-in-view to disable this warning
2025-06-24T10:24:52.483-05:00 DEBUG 28216 --- [doctorya] [           main] swordEncoderAuthenticationManagerBuilder : No authenticationProviders and no parentAuthenticationManager defined. Returning null.
2025-06-24T10:24:53.291-05:00 DEBUG 28216 --- [doctorya] [           main] o.s.s.web.DefaultSecurityFilterChain     : Will secure any request with filters: DisableEncodeUrlFilter, WebAsyncManagerIntegrationFilter, SecurityContextHolderFilter, HeaderWriterFilter, LogoutFilter, BearerTokenAuthenticationFilter, RequestCacheAwareFilter, SecurityContextHolderAwareRequestFilter, AnonymousAuthenticationFilter, SessionManagementFilter, ExceptionTranslationFilter, AuthorizationFilter
2025-06-24T10:24:53.900-05:00  INFO 28216 --- [doctorya] [           main] o.s.b.t.m.w.SpringBootMockServletContext : Initializing Spring TestDispatcherServlet ''
2025-06-24T10:24:53.900-05:00  INFO 28216 --- [doctorya] [           main] o.s.t.web.servlet.TestDispatcherServlet  : Initializing Servlet ''
2025-06-24T10:24:53.901-05:00  INFO 28216 --- [doctorya] [           main] o.s.t.web.servlet.TestDispatcherServlet  : Completed initialization in 1 ms
2025-06-24T10:24:53.929-05:00  INFO 28216 --- [doctorya] [           main] c.p.doctorya.AppointmentIntegrationTest  : Started AppointmentIntegrationTest in 9.986 seconds (process running for 12.973)
2025-06-24T10:24:55.685-05:00 DEBUG 28216 --- [doctorya] [           main] o.s.security.web.FilterChainProxy        : Securing POST /auth/register
2025-06-24T10:24:55.693-05:00 DEBUG 28216 --- [doctorya] [           main] o.s.s.w.a.AnonymousAuthenticationFilter  : Set SecurityContextHolder to anonymous SecurityContext
2025-06-24T10:24:55.695-05:00 DEBUG 28216 --- [doctorya] [           main] o.s.security.web.FilterChainProxy        : Secured POST /auth/register
Hibernate: select a1_0.id,a1_0.identification,a1_0.password,a1_0.role from auth a1_0 where a1_0.identification=?
Hibernate: insert into auth (identification,password,role,id) values (?,?,?,?)
2025-06-24T10:24:56.056-05:00 DEBUG 28216 --- [doctorya] [           main] o.s.security.web.FilterChainProxy        : Securing POST /auth/login
2025-06-24T10:24:56.056-05:00 DEBUG 28216 --- [doctorya] [           main] o.s.s.w.a.AnonymousAuthenticationFilter  : Set SecurityContextHolder to anonymous SecurityContext
2025-06-24T10:24:56.057-05:00 DEBUG 28216 --- [doctorya] [           main] o.s.security.web.FilterChainProxy        : Secured POST /auth/login
Hibernate: select a1_0.id,a1_0.identification,a1_0.password,a1_0.role from auth a1_0 where a1_0.identification=?
Hibernate: insert into auth (identification,password,role,id) values (?,?,?,?)
Hibernate: insert into patient (auth_id,insurance,name,id) values (?,?,?,?)
Hibernate: insert into auth (identification,password,role,id) values (?,?,?,?)
Hibernate: insert into physician (auth_id,code,name,speciality,id) values (?,?,?,?,?)
Hibernate: insert into appointment (duration,end_date,patient_id,physician_id,reason,start_date,id) values (?,?,?,?,?,?,?)
2025-06-24T10:24:56.174-05:00 DEBUG 28216 --- [doctorya] [           main] o.s.security.web.FilterChainProxy        : Securing GET /appointment/88fa5d7e-a9ad-440e-8306-7ad563a59a15
2025-06-24T10:24:56.261-05:00 DEBUG 28216 --- [doctorya] [           main] o.s.s.o.s.r.a.JwtAuthenticationProvider  : Authenticated token
2025-06-24T10:24:56.262-05:00 DEBUG 28216 --- [doctorya] [           main] .s.r.w.a.BearerTokenAuthenticationFilter : Set SecurityContextHolder to JwtAuthenticationToken [Principal=org.springframework.security.oauth2.jwt.Jwt@a7d068cd, Credentials=[PROTECTED], Authenticated=true, Details=WebAuthenticationDetails [RemoteIpAddress=127.0.0.1, SessionId=null], Granted Authorities=[ROLE_ADMIN]]
2025-06-24T10:24:56.262-05:00 DEBUG 28216 --- [doctorya] [           main] o.s.security.web.FilterChainProxy        : Secured GET /appointment/88fa5d7e-a9ad-440e-8306-7ad563a59a15
Hibernate: select a1_0.id,a1_0.duration,a1_0.end_date,a1_0.patient_id,p1_0.id,a2_0.id,a2_0.identification,a2_0.password,a2_0.role,p1_0.insurance,p1_0.name,a1_0.physician_id,p2_0.id,a3_0.id,a3_0.identification,a3_0.password,a3_0.role,p2_0.code,p2_0.name,p2_0.speciality,a1_0.reason,a1_0.start_date from appointment a1_0 join patient p1_0 on p1_0.id=a1_0.patient_id left join auth a2_0 on a2_0.id=p1_0.auth_id join physician p2_0 on p2_0.id=a1_0.physician_id left join auth a3_0 on a3_0.id=p2_0.auth_id where a1_0.id=?
Hibernate: select a1_0.id,a1_0.duration,a1_0.end_date,a1_0.patient_id,a1_0.physician_id,a1_0.reason,a1_0.start_date from appointment a1_0
Hibernate: select p1_0.id,a1_0.id,a1_0.identification,a1_0.password,a1_0.role,p1_0.insurance,p1_0.name from patient p1_0 left join auth a1_0 on a1_0.id=p1_0.auth_id where p1_0.id=?
Hibernate: select p1_0.id,a1_0.id,a1_0.identification,a1_0.password,a1_0.role,p1_0.code,p1_0.name,p1_0.speciality from physician p1_0 left join auth a1_0 on a1_0.id=p1_0.auth_id where p1_0.id=?
Hibernate: delete from appointment where id=?
Hibernate: select p1_0.id,p1_0.auth_id,p1_0.insurance,p1_0.name from patient p1_0
Hibernate: select a1_0.id,a1_0.identification,a1_0.password,a1_0.role from auth a1_0 where a1_0.id=?
Hibernate: delete from patient where id=?
Hibernate: delete from auth where id=?
Hibernate: select p1_0.id,p1_0.auth_id,p1_0.code,p1_0.name,p1_0.speciality from physician p1_0
Hibernate: select a1_0.id,a1_0.identification,a1_0.password,a1_0.role from auth a1_0 where a1_0.id=?
Hibernate: delete from physician where id=?
Hibernate: delete from auth where id=?
Hibernate: select a1_0.id,a1_0.identification,a1_0.password,a1_0.role from auth a1_0
Hibernate: delete from auth where id=?
]]></system-out>
    <system-err><![CDATA[Mockito is currently self-attaching to enable the inline-mock-maker. This will no longer work in future releases of the JDK. Please add Mockito as an agent to your build what is described in Mockito's documentation: https://javadoc.io/doc/org.mockito/mockito-core/latest/org/mockito/Mockito.html#0.3
WARNING: A Java agent has been loaded dynamically (C:\Users\joaaguir\.m2\repository\net\bytebuddy\byte-buddy-agent\1.15.11\byte-buddy-agent-1.15.11.jar)
WARNING: If a serviceability tool is in use, please run with -XX:+EnableDynamicAgentLoading to hide this warning
WARNING: If a serviceability tool is not in use, please run with -Djdk.instrument.traceUsage for more information
WARNING: Dynamic loading of agents will be disallowed by default in a future release
]]></system-err>
  </testcase>
  <testcase name="testUpdateAppointment" classname="com.project.doctorya.AppointmentIntegrationTest" time="0.187">
    <error message="Request processing failed: org.springframework.dao.InvalidDataAccessApiUsageException: org.hibernate.TransientPropertyValueException: Not-null property references a transient value - transient instance must be saved before current operation: com.project.doctorya.appointment.infrastructure.entity.Appointment.patient -&gt; com.project.doctorya.patient.infrastructure.entity.Patient" type="jakarta.servlet.ServletException"><![CDATA[jakarta.servlet.ServletException: Request processing failed: org.springframework.dao.InvalidDataAccessApiUsageException: org.hibernate.TransientPropertyValueException: Not-null property references a transient value - transient instance must be saved before current operation: com.project.doctorya.appointment.infrastructure.entity.Appointment.patient -> com.project.doctorya.patient.infrastructure.entity.Patient
	at org.springframework.web.servlet.FrameworkServlet.processRequest(FrameworkServlet.java:1022)
	at org.springframework.web.servlet.FrameworkServlet.doPut(FrameworkServlet.java:925)
	at jakarta.servlet.http.HttpServlet.service(HttpServlet.java:593)
	at org.springframework.web.servlet.FrameworkServlet.service(FrameworkServlet.java:885)
	at org.springframework.test.web.servlet.TestDispatcherServlet.service(TestDispatcherServlet.java:72)
	at jakarta.servlet.http.HttpServlet.service(HttpServlet.java:658)
	at org.springframework.mock.web.MockFilterChain$ServletFilterProxy.doFilter(MockFilterChain.java:165)
	at org.springframework.mock.web.MockFilterChain.doFilter(MockFilterChain.java:132)
	at org.springframework.web.filter.CompositeFilter$VirtualFilterChain.doFilter(CompositeFilter.java:108)
	at org.springframework.security.web.FilterChainProxy.lambda$doFilterInternal$3(FilterChainProxy.java:231)
	at org.springframework.security.web.FilterChainProxy$VirtualFilterChain.doFilter(FilterChainProxy.java:365)
	at org.springframework.security.web.access.intercept.AuthorizationFilter.doFilter(AuthorizationFilter.java:101)
	at org.springframework.security.web.FilterChainProxy$VirtualFilterChain.doFilter(FilterChainProxy.java:374)
	at org.springframework.security.web.access.ExceptionTranslationFilter.doFilter(ExceptionTranslationFilter.java:126)
	at org.springframework.security.web.access.ExceptionTranslationFilter.doFilter(ExceptionTranslationFilter.java:120)
	at org.springframework.security.web.FilterChainProxy$VirtualFilterChain.doFilter(FilterChainProxy.java:374)
	at org.springframework.security.web.session.SessionManagementFilter.doFilter(SessionManagementFilter.java:131)
	at org.springframework.security.web.session.SessionManagementFilter.doFilter(SessionManagementFilter.java:85)
	at org.springframework.security.web.FilterChainProxy$VirtualFilterChain.doFilter(FilterChainProxy.java:374)
	at org.springframework.security.web.authentication.AnonymousAuthenticationFilter.doFilter(AnonymousAuthenticationFilter.java:100)
	at org.springframework.security.web.FilterChainProxy$VirtualFilterChain.doFilter(FilterChainProxy.java:374)
	at org.springframework.security.web.servletapi.SecurityContextHolderAwareRequestFilter.doFilter(SecurityContextHolderAwareRequestFilter.java:179)
	at org.springframework.security.web.FilterChainProxy$VirtualFilterChain.doFilter(FilterChainProxy.java:374)
	at org.springframework.security.web.savedrequest.RequestCacheAwareFilter.doFilter(RequestCacheAwareFilter.java:63)
	at org.springframework.security.web.FilterChainProxy$VirtualFilterChain.doFilter(FilterChainProxy.java:374)
	at org.springframework.security.oauth2.server.resource.web.authentication.BearerTokenAuthenticationFilter.doFilterInternal(BearerTokenAuthenticationFilter.java:145)
	at org.springframework.web.filter.OncePerRequestFilter.doFilter(OncePerRequestFilter.java:116)
	at org.springframework.security.web.FilterChainProxy$VirtualFilterChain.doFilter(FilterChainProxy.java:374)
	at org.springframework.security.web.authentication.logout.LogoutFilter.doFilter(LogoutFilter.java:107)
	at org.springframework.security.web.authentication.logout.LogoutFilter.doFilter(LogoutFilter.java:93)
	at org.springframework.security.web.FilterChainProxy$VirtualFilterChain.doFilter(FilterChainProxy.java:374)
	at org.springframework.security.web.header.HeaderWriterFilter.doHeadersAfter(HeaderWriterFilter.java:90)
	at org.springframework.security.web.header.HeaderWriterFilter.doFilterInternal(HeaderWriterFilter.java:75)
	at org.springframework.web.filter.OncePerRequestFilter.doFilter(OncePerRequestFilter.java:116)
	at org.springframework.security.web.FilterChainProxy$VirtualFilterChain.doFilter(FilterChainProxy.java:374)
	at org.springframework.security.web.context.SecurityContextHolderFilter.doFilter(SecurityContextHolderFilter.java:82)
	at org.springframework.security.web.context.SecurityContextHolderFilter.doFilter(SecurityContextHolderFilter.java:69)
	at org.springframework.security.web.FilterChainProxy$VirtualFilterChain.doFilter(FilterChainProxy.java:374)
	at org.springframework.security.web.context.request.async.WebAsyncManagerIntegrationFilter.doFilterInternal(WebAsyncManagerIntegrationFilter.java:62)
	at org.springframework.web.filter.OncePerRequestFilter.doFilter(OncePerRequestFilter.java:116)
	at org.springframework.security.web.FilterChainProxy$VirtualFilterChain.doFilter(FilterChainProxy.java:374)
	at org.springframework.security.web.session.DisableEncodeUrlFilter.doFilterInternal(DisableEncodeUrlFilter.java:42)
	at org.springframework.web.filter.OncePerRequestFilter.doFilter(OncePerRequestFilter.java:116)
	at org.springframework.security.web.FilterChainProxy$VirtualFilterChain.doFilter(FilterChainProxy.java:374)
	at org.springframework.security.web.FilterChainProxy.doFilterInternal(FilterChainProxy.java:233)
	at org.springframework.security.web.FilterChainProxy.doFilter(FilterChainProxy.java:191)
	at org.springframework.web.filter.CompositeFilter$VirtualFilterChain.doFilter(CompositeFilter.java:113)
	at org.springframework.web.servlet.handler.HandlerMappingIntrospector.lambda$createCacheFilter$3(HandlerMappingIntrospector.java:243)
	at org.springframework.web.filter.CompositeFilter$VirtualFilterChain.doFilter(CompositeFilter.java:113)
	at org.springframework.web.filter.CompositeFilter.doFilter(CompositeFilter.java:74)
	at org.springframework.security.config.annotation.web.configuration.WebMvcSecurityConfiguration$CompositeFilterChainProxy.doFilter(WebMvcSecurityConfiguration.java:238)
	at org.springframework.web.filter.DelegatingFilterProxy.invokeDelegate(DelegatingFilterProxy.java:362)
	at org.springframework.web.filter.DelegatingFilterProxy.doFilter(DelegatingFilterProxy.java:278)
	at org.springframework.test.web.servlet.setup.MockMvcFilterDecorator.doFilter(MockMvcFilterDecorator.java:162)
	at org.springframework.mock.web.MockFilterChain.doFilter(MockFilterChain.java:132)
	at org.springframework.web.filter.RequestContextFilter.doFilterInternal(RequestContextFilter.java:100)
	at org.springframework.web.filter.OncePerRequestFilter.doFilter(OncePerRequestFilter.java:116)
	at org.springframework.test.web.servlet.setup.MockMvcFilterDecorator.doFilter(MockMvcFilterDecorator.java:162)
	at org.springframework.mock.web.MockFilterChain.doFilter(MockFilterChain.java:132)
	at org.springframework.web.filter.FormContentFilter.doFilterInternal(FormContentFilter.java:93)
	at org.springframework.web.filter.OncePerRequestFilter.doFilter(OncePerRequestFilter.java:116)
	at org.springframework.test.web.servlet.setup.MockMvcFilterDecorator.doFilter(MockMvcFilterDecorator.java:162)
	at org.springframework.mock.web.MockFilterChain.doFilter(MockFilterChain.java:132)
	at org.springframework.web.filter.CharacterEncodingFilter.doFilterInternal(CharacterEncodingFilter.java:201)
	at org.springframework.web.filter.OncePerRequestFilter.doFilter(OncePerRequestFilter.java:116)
	at org.springframework.test.web.servlet.setup.MockMvcFilterDecorator.doFilter(MockMvcFilterDecorator.java:162)
	at org.springframework.mock.web.MockFilterChain.doFilter(MockFilterChain.java:132)
	at org.springframework.test.web.servlet.MockMvc.perform(MockMvc.java:201)
	at com.project.doctorya.AppointmentIntegrationTest.testUpdateAppointment(AppointmentIntegrationTest.java:256)
	at java.base/java.lang.reflect.Method.invoke(Method.java:580)
	at java.base/java.util.ArrayList.forEach(ArrayList.java:1596)
	at java.base/java.util.ArrayList.forEach(ArrayList.java:1596)
Caused by: org.springframework.dao.InvalidDataAccessApiUsageException: org.hibernate.TransientPropertyValueException: Not-null property references a transient value - transient instance must be saved before current operation: com.project.doctorya.appointment.infrastructure.entity.Appointment.patient -> com.project.doctorya.patient.infrastructure.entity.Patient
	at org.springframework.orm.jpa.EntityManagerFactoryUtils.convertJpaAccessExceptionIfPossible(EntityManagerFactoryUtils.java:368)
	at org.springframework.orm.jpa.vendor.HibernateJpaDialect.translateExceptionIfPossible(HibernateJpaDialect.java:246)
	at org.springframework.orm.jpa.AbstractEntityManagerFactoryBean.translateExceptionIfPossible(AbstractEntityManagerFactoryBean.java:560)
	at org.springframework.dao.support.ChainedPersistenceExceptionTranslator.translateExceptionIfPossible(ChainedPersistenceExceptionTranslator.java:61)
	at org.springframework.dao.support.DataAccessUtils.translateIfNecessary(DataAccessUtils.java:343)
	at org.springframework.dao.support.PersistenceExceptionTranslationInterceptor.invoke(PersistenceExceptionTranslationInterceptor.java:160)
	at org.springframework.aop.framework.ReflectiveMethodInvocation.proceed(ReflectiveMethodInvocation.java:184)
	at org.springframework.data.jpa.repository.support.CrudMethodMetadataPostProcessor$CrudMethodMetadataPopulatingMethodInterceptor.invoke(CrudMethodMetadataPostProcessor.java:165)
	at org.springframework.aop.framework.ReflectiveMethodInvocation.proceed(ReflectiveMethodInvocation.java:184)
	at org.springframework.aop.framework.JdkDynamicAopProxy.invoke(JdkDynamicAopProxy.java:223)
	at jdk.proxy2/jdk.proxy2.$Proxy146.save(Unknown Source)
	at com.project.doctorya.appointment.infrastructure.repository.AppointmentRespository.update(AppointmentRespository.java:59)
	at java.base/jdk.internal.reflect.DirectMethodHandleAccessor.invoke(DirectMethodHandleAccessor.java:103)
	at java.base/java.lang.reflect.Method.invoke(Method.java:580)
	at org.springframework.aop.support.AopUtils.invokeJoinpointUsingReflection(AopUtils.java:359)
	at org.springframework.aop.framework.ReflectiveMethodInvocation.invokeJoinpoint(ReflectiveMethodInvocation.java:196)
	at org.springframework.aop.framework.ReflectiveMethodInvocation.proceed(ReflectiveMethodInvocation.java:163)
	at org.springframework.dao.support.PersistenceExceptionTranslationInterceptor.invoke(PersistenceExceptionTranslationInterceptor.java:138)
	at org.springframework.aop.framework.ReflectiveMethodInvocation.proceed(ReflectiveMethodInvocation.java:184)
	at org.springframework.aop.framework.CglibAopProxy$DynamicAdvisedInterceptor.intercept(CglibAopProxy.java:728)
	at com.project.doctorya.appointment.infrastructure.repository.AppointmentRespository$$SpringCGLIB$$0.update(<generated>)
	at com.project.doctorya.appointment.application.usecase.AppointmentUpdateUseCase.execute(AppointmentUpdateUseCase.java:20)
	at com.project.doctorya.appointment.rest.controller.AppointmentController.update(AppointmentController.java:100)
	at java.base/jdk.internal.reflect.DirectMethodHandleAccessor.invoke(DirectMethodHandleAccessor.java:103)
	at java.base/java.lang.reflect.Method.invoke(Method.java:580)
	at org.springframework.aop.support.AopUtils.invokeJoinpointUsingReflection(AopUtils.java:359)
	at org.springframework.aop.framework.ReflectiveMethodInvocation.invokeJoinpoint(ReflectiveMethodInvocation.java:196)
	at org.springframework.aop.framework.ReflectiveMethodInvocation.proceed(ReflectiveMethodInvocation.java:163)
	at org.springframework.validation.beanvalidation.MethodValidationInterceptor.invoke(MethodValidationInterceptor.java:174)
	at org.springframework.aop.framework.ReflectiveMethodInvocation.proceed(ReflectiveMethodInvocation.java:184)
	at org.springframework.aop.framework.CglibAopProxy$DynamicAdvisedInterceptor.intercept(CglibAopProxy.java:728)
	at com.project.doctorya.appointment.rest.controller.AppointmentController$$SpringCGLIB$$0.update(<generated>)
	at java.base/jdk.internal.reflect.DirectMethodHandleAccessor.invoke(DirectMethodHandleAccessor.java:103)
	at java.base/java.lang.reflect.Method.invoke(Method.java:580)
	at org.springframework.web.method.support.InvocableHandlerMethod.doInvoke(InvocableHandlerMethod.java:258)
	at org.springframework.web.method.support.InvocableHandlerMethod.invokeForRequest(InvocableHandlerMethod.java:191)
	at org.springframework.web.servlet.mvc.method.annotation.ServletInvocableHandlerMethod.invokeAndHandle(ServletInvocableHandlerMethod.java:118)
	at org.springframework.web.servlet.mvc.method.annotation.RequestMappingHandlerAdapter.invokeHandlerMethod(RequestMappingHandlerAdapter.java:986)
	at org.springframework.web.servlet.mvc.method.annotation.RequestMappingHandlerAdapter.handleInternal(RequestMappingHandlerAdapter.java:891)
	at org.springframework.web.servlet.mvc.method.AbstractHandlerMethodAdapter.handle(AbstractHandlerMethodAdapter.java:87)
	at org.springframework.web.servlet.DispatcherServlet.doDispatch(DispatcherServlet.java:1089)
	at org.springframework.web.servlet.DispatcherServlet.doService(DispatcherServlet.java:979)
	at org.springframework.web.servlet.FrameworkServlet.processRequest(FrameworkServlet.java:1014)
	... 71 more
Caused by: java.lang.IllegalStateException: org.hibernate.TransientPropertyValueException: Not-null property references a transient value - transient instance must be saved before current operation: com.project.doctorya.appointment.infrastructure.entity.Appointment.patient -> com.project.doctorya.patient.infrastructure.entity.Patient
	at org.hibernate.internal.ExceptionConverterImpl.convert(ExceptionConverterImpl.java:157)
	at org.hibernate.internal.ExceptionConverterImpl.convert(ExceptionConverterImpl.java:167)
	at org.hibernate.internal.ExceptionConverterImpl.convert(ExceptionConverterImpl.java:173)
	at org.hibernate.internal.SessionImpl.firePersist(SessionImpl.java:778)
	at org.hibernate.internal.SessionImpl.persist(SessionImpl.java:745)
	at java.base/jdk.internal.reflect.DirectMethodHandleAccessor.invoke(DirectMethodHandleAccessor.java:103)
	at java.base/java.lang.reflect.Method.invoke(Method.java:580)
	at org.springframework.orm.jpa.ExtendedEntityManagerCreator$ExtendedEntityManagerInvocationHandler.invoke(ExtendedEntityManagerCreator.java:364)
	at jdk.proxy2/jdk.proxy2.$Proxy141.persist(Unknown Source)
	at java.base/jdk.internal.reflect.DirectMethodHandleAccessor.invoke(DirectMethodHandleAccessor.java:103)
	at java.base/java.lang.reflect.Method.invoke(Method.java:580)
	at org.springframework.orm.jpa.SharedEntityManagerCreator$SharedEntityManagerInvocationHandler.invoke(SharedEntityManagerCreator.java:320)
	at jdk.proxy2/jdk.proxy2.$Proxy141.persist(Unknown Source)
	at org.springframework.data.jpa.repository.support.SimpleJpaRepository.save(SimpleJpaRepository.java:636)
	at java.base/jdk.internal.reflect.DirectMethodHandleAccessor.invoke(DirectMethodHandleAccessor.java:103)
	at java.base/java.lang.reflect.Method.invoke(Method.java:580)
	at org.springframework.aop.support.AopUtils.invokeJoinpointUsingReflection(AopUtils.java:359)
	at org.springframework.data.repository.core.support.RepositoryMethodInvoker$RepositoryFragmentMethodInvoker.lambda$new$0(RepositoryMethodInvoker.java:277)
	at org.springframework.data.repository.core.support.RepositoryMethodInvoker.doInvoke(RepositoryMethodInvoker.java:170)
	at org.springframework.data.repository.core.support.RepositoryMethodInvoker.invoke(RepositoryMethodInvoker.java:158)
	at org.springframework.data.repository.core.support.RepositoryComposition$RepositoryFragments.invoke(RepositoryComposition.java:515)
	at org.springframework.data.repository.core.support.RepositoryComposition.invoke(RepositoryComposition.java:284)
	at org.springframework.data.repository.core.support.RepositoryFactorySupport$ImplementationMethodExecutionInterceptor.invoke(RepositoryFactorySupport.java:731)
	at org.springframework.aop.framework.ReflectiveMethodInvocation.proceed(ReflectiveMethodInvocation.java:184)
	at org.springframework.data.repository.core.support.QueryExecutorMethodInterceptor.doInvoke(QueryExecutorMethodInterceptor.java:174)
	at org.springframework.data.repository.core.support.QueryExecutorMethodInterceptor.invoke(QueryExecutorMethodInterceptor.java:149)
	at org.springframework.aop.framework.ReflectiveMethodInvocation.proceed(ReflectiveMethodInvocation.java:184)
	at org.springframework.data.projection.DefaultMethodInvokingMethodInterceptor.invoke(DefaultMethodInvokingMethodInterceptor.java:69)
	at org.springframework.aop.framework.ReflectiveMethodInvocation.proceed(ReflectiveMethodInvocation.java:184)
	at org.springframework.transaction.interceptor.TransactionAspectSupport.invokeWithinTransaction(TransactionAspectSupport.java:380)
	at org.springframework.transaction.interceptor.TransactionInterceptor.invoke(TransactionInterceptor.java:119)
	at org.springframework.aop.framework.ReflectiveMethodInvocation.proceed(ReflectiveMethodInvocation.java:184)
	at org.springframework.dao.support.PersistenceExceptionTranslationInterceptor.invoke(PersistenceExceptionTranslationInterceptor.java:138)
	... 108 more
Caused by: org.hibernate.TransientPropertyValueException: Not-null property references a transient value - transient instance must be saved before current operation: com.project.doctorya.appointment.infrastructure.entity.Appointment.patient -> com.project.doctorya.patient.infrastructure.entity.Patient
	at org.hibernate.action.internal.UnresolvedEntityInsertActions.checkNoUnresolvedActionsAfterOperation(UnresolvedEntityInsertActions.java:123)
	at org.hibernate.engine.spi.ActionQueue.checkNoUnresolvedActionsAfterOperation(ActionQueue.java:461)
	at org.hibernate.internal.SessionImpl.checkNoUnresolvedActionsAfterOperation(SessionImpl.java:601)
	at org.hibernate.internal.SessionImpl.firePersist(SessionImpl.java:775)
	... 137 more
]]></error>
    <system-out><![CDATA[2025-06-24T10:24:56.364-05:00 DEBUG 28216 --- [doctorya] [           main] o.s.security.web.FilterChainProxy        : Securing POST /auth/register
2025-06-24T10:24:56.364-05:00 DEBUG 28216 --- [doctorya] [           main] o.s.s.w.a.AnonymousAuthenticationFilter  : Set SecurityContextHolder to anonymous SecurityContext
2025-06-24T10:24:56.365-05:00 DEBUG 28216 --- [doctorya] [           main] o.s.security.web.FilterChainProxy        : Secured POST /auth/register
Hibernate: select a1_0.id,a1_0.identification,a1_0.password,a1_0.role from auth a1_0 where a1_0.identification=?
Hibernate: insert into auth (identification,password,role,id) values (?,?,?,?)
2025-06-24T10:24:56.431-05:00 DEBUG 28216 --- [doctorya] [           main] o.s.security.web.FilterChainProxy        : Securing POST /auth/login
2025-06-24T10:24:56.431-05:00 DEBUG 28216 --- [doctorya] [           main] o.s.s.w.a.AnonymousAuthenticationFilter  : Set SecurityContextHolder to anonymous SecurityContext
2025-06-24T10:24:56.432-05:00 DEBUG 28216 --- [doctorya] [           main] o.s.security.web.FilterChainProxy        : Secured POST /auth/login
Hibernate: select a1_0.id,a1_0.identification,a1_0.password,a1_0.role from auth a1_0 where a1_0.identification=?
Hibernate: insert into auth (identification,password,role,id) values (?,?,?,?)
Hibernate: insert into patient (auth_id,insurance,name,id) values (?,?,?,?)
Hibernate: insert into auth (identification,password,role,id) values (?,?,?,?)
Hibernate: insert into physician (auth_id,code,name,speciality,id) values (?,?,?,?,?)
Hibernate: insert into appointment (duration,end_date,patient_id,physician_id,reason,start_date,id) values (?,?,?,?,?,?,?)
2025-06-24T10:24:56.502-05:00 DEBUG 28216 --- [doctorya] [           main] o.s.security.web.FilterChainProxy        : Securing PUT /appointment/73375f20-fea0-45b7-8d31-d9cc46dab7f0
2025-06-24T10:24:56.503-05:00 DEBUG 28216 --- [doctorya] [           main] o.s.s.o.s.r.a.JwtAuthenticationProvider  : Authenticated token
2025-06-24T10:24:56.503-05:00 DEBUG 28216 --- [doctorya] [           main] .s.r.w.a.BearerTokenAuthenticationFilter : Set SecurityContextHolder to JwtAuthenticationToken [Principal=org.springframework.security.oauth2.jwt.Jwt@a7d068cd, Credentials=[PROTECTED], Authenticated=true, Details=WebAuthenticationDetails [RemoteIpAddress=127.0.0.1, SessionId=null], Granted Authorities=[ROLE_ADMIN]]
2025-06-24T10:24:56.503-05:00 DEBUG 28216 --- [doctorya] [           main] o.s.security.web.FilterChainProxy        : Secured PUT /appointment/73375f20-fea0-45b7-8d31-d9cc46dab7f0
Hibernate: select a1_0.id,a1_0.duration,a1_0.end_date,a1_0.patient_id,p1_0.id,a2_0.id,a2_0.identification,a2_0.password,a2_0.role,p1_0.insurance,p1_0.name,a1_0.physician_id,p2_0.id,a3_0.id,a3_0.identification,a3_0.password,a3_0.role,p2_0.code,p2_0.name,p2_0.speciality,a1_0.reason,a1_0.start_date from appointment a1_0 join patient p1_0 on p1_0.id=a1_0.patient_id left join auth a2_0 on a2_0.id=p1_0.auth_id join physician p2_0 on p2_0.id=a1_0.physician_id left join auth a3_0 on a3_0.id=p2_0.auth_id where a1_0.id=?
2025-06-24T10:24:56.516-05:00  WARN 28216 --- [doctorya] [           main] o.h.a.i.UnresolvedEntityInsertActions    : HHH000437: Attempting to save one or more entities that have a non-nullable association with an unsaved transient entity. The unsaved transient entity must be saved in an operation prior to saving these dependent entities.
	Unsaved transient entity: ([com.project.doctorya.patient.infrastructure.entity.Patient#<null>])
	Dependent entities: ([[com.project.doctorya.appointment.infrastructure.entity.Appointment#e5a8b1ee-0352-4775-94ef-28189a2b8613]])
	Non-nullable association(s): ([com.project.doctorya.appointment.infrastructure.entity.Appointment.patient])
2025-06-24T10:24:56.517-05:00  WARN 28216 --- [doctorya] [           main] o.h.a.i.UnresolvedEntityInsertActions    : HHH000437: Attempting to save one or more entities that have a non-nullable association with an unsaved transient entity. The unsaved transient entity must be saved in an operation prior to saving these dependent entities.
	Unsaved transient entity: ([com.project.doctorya.physician.infrastructure.entity.Physician#<null>])
	Dependent entities: ([[com.project.doctorya.appointment.infrastructure.entity.Appointment#e5a8b1ee-0352-4775-94ef-28189a2b8613]])
	Non-nullable association(s): ([com.project.doctorya.appointment.infrastructure.entity.Appointment.physician])
Hibernate: select a1_0.id,a1_0.duration,a1_0.end_date,a1_0.patient_id,a1_0.physician_id,a1_0.reason,a1_0.start_date from appointment a1_0
Hibernate: select p1_0.id,a1_0.id,a1_0.identification,a1_0.password,a1_0.role,p1_0.insurance,p1_0.name from patient p1_0 left join auth a1_0 on a1_0.id=p1_0.auth_id where p1_0.id=?
Hibernate: select p1_0.id,a1_0.id,a1_0.identification,a1_0.password,a1_0.role,p1_0.code,p1_0.name,p1_0.speciality from physician p1_0 left join auth a1_0 on a1_0.id=p1_0.auth_id where p1_0.id=?
Hibernate: delete from appointment where id=?
Hibernate: select p1_0.id,p1_0.auth_id,p1_0.insurance,p1_0.name from patient p1_0
Hibernate: select a1_0.id,a1_0.identification,a1_0.password,a1_0.role from auth a1_0 where a1_0.id=?
Hibernate: delete from patient where id=?
Hibernate: delete from auth where id=?
Hibernate: select p1_0.id,p1_0.auth_id,p1_0.code,p1_0.name,p1_0.speciality from physician p1_0
Hibernate: select a1_0.id,a1_0.identification,a1_0.password,a1_0.role from auth a1_0 where a1_0.id=?
Hibernate: delete from physician where id=?
Hibernate: delete from auth where id=?
Hibernate: select a1_0.id,a1_0.identification,a1_0.password,a1_0.role from auth a1_0
Hibernate: delete from auth where id=?

MockHttpServletRequest:
      HTTP Method = POST
      Request URI = /auth/register
       Parameters = {}
          Headers = [Content-Type:"application/json;charset=UTF-8", Content-Length:"50"]
             Body = {"identification":"1053847601","password":"12345"}
    Session Attrs = {}

Handler:
             Type = com.project.doctorya.auth.rest.controller.AuthController
           Method = com.project.doctorya.auth.rest.controller.AuthController#register(AuthDTO)

Async:
    Async started = false
     Async result = null

Resolved Exception:
             Type = null

ModelAndView:
        View name = null
             View = null
            Model = null

FlashMap:
       Attributes = null

MockHttpServletResponse:
           Status = 200
    Error message = null
          Headers = [Content-Type:"application/json", X-Content-Type-Options:"nosniff", X-XSS-Protection:"0", Cache-Control:"no-cache, no-store, max-age=0, must-revalidate", Pragma:"no-cache", Expires:"0", X-Frame-Options:"DENY"]
     Content type = application/json
             Body = {"identification":"1053847601"}
    Forwarded URL = null
   Redirected URL = null
          Cookies = []

MockHttpServletRequest:
      HTTP Method = POST
      Request URI = /auth/login
       Parameters = {}
          Headers = [Content-Type:"application/json;charset=UTF-8", Content-Length:"50"]
             Body = {"identification":"1053847601","password":"12345"}
    Session Attrs = {}

Handler:
             Type = com.project.doctorya.auth.rest.controller.AuthController
           Method = com.project.doctorya.auth.rest.controller.AuthController#login(AuthDTO)

Async:
    Async started = false
     Async result = null

Resolved Exception:
             Type = null

ModelAndView:
        View name = null
             View = null
            Model = null

FlashMap:
       Attributes = null

MockHttpServletResponse:
           Status = 200
    Error message = null
          Headers = [Content-Type:"application/json", X-Content-Type-Options:"nosniff", X-XSS-Protection:"0", Cache-Control:"no-cache, no-store, max-age=0, must-revalidate", Pragma:"no-cache", Expires:"0", X-Frame-Options:"DENY"]
     Content type = application/json
             Body = {"token":"eyJhbGciOiJIUzI1NiJ9.eyJzdWIiOiIxMDUzODQ3NjAxIiwicm9sZXMiOlsiQURNSU4iXSwiaWF0IjoxNzUwNzc4Njk2LCJleHAiOjE3NTA3ODU4OTZ9.YOijVgy3e5sD03k9Aw7yQok8io5WDlbFbp80tge60lI"}
    Forwarded URL = null
   Redirected URL = null
          Cookies = []
]]></system-out>
  </testcase>
  <testcase name="testPatientNotFoundCreateAppointment" classname="com.project.doctorya.AppointmentIntegrationTest" time="0.173">
    <system-out><![CDATA[2025-06-24T10:24:56.554-05:00 DEBUG 28216 --- [doctorya] [           main] o.s.security.web.FilterChainProxy        : Securing POST /auth/register
2025-06-24T10:24:56.555-05:00 DEBUG 28216 --- [doctorya] [           main] o.s.s.w.a.AnonymousAuthenticationFilter  : Set SecurityContextHolder to anonymous SecurityContext
2025-06-24T10:24:56.555-05:00 DEBUG 28216 --- [doctorya] [           main] o.s.security.web.FilterChainProxy        : Secured POST /auth/register
Hibernate: select a1_0.id,a1_0.identification,a1_0.password,a1_0.role from auth a1_0 where a1_0.identification=?
Hibernate: insert into auth (identification,password,role,id) values (?,?,?,?)
2025-06-24T10:24:56.621-05:00 DEBUG 28216 --- [doctorya] [           main] o.s.security.web.FilterChainProxy        : Securing POST /auth/login
2025-06-24T10:24:56.621-05:00 DEBUG 28216 --- [doctorya] [           main] o.s.s.w.a.AnonymousAuthenticationFilter  : Set SecurityContextHolder to anonymous SecurityContext
2025-06-24T10:24:56.622-05:00 DEBUG 28216 --- [doctorya] [           main] o.s.security.web.FilterChainProxy        : Secured POST /auth/login
Hibernate: select a1_0.id,a1_0.identification,a1_0.password,a1_0.role from auth a1_0 where a1_0.identification=?
Hibernate: insert into auth (identification,password,role,id) values (?,?,?,?)
Hibernate: insert into patient (auth_id,insurance,name,id) values (?,?,?,?)
Hibernate: insert into auth (identification,password,role,id) values (?,?,?,?)
Hibernate: insert into physician (auth_id,code,name,speciality,id) values (?,?,?,?,?)
2025-06-24T10:24:56.692-05:00 DEBUG 28216 --- [doctorya] [           main] o.s.security.web.FilterChainProxy        : Securing POST /appointment
2025-06-24T10:24:56.692-05:00 DEBUG 28216 --- [doctorya] [           main] o.s.s.o.s.r.a.JwtAuthenticationProvider  : Authenticated token
2025-06-24T10:24:56.692-05:00 DEBUG 28216 --- [doctorya] [           main] .s.r.w.a.BearerTokenAuthenticationFilter : Set SecurityContextHolder to JwtAuthenticationToken [Principal=org.springframework.security.oauth2.jwt.Jwt@a7d068cd, Credentials=[PROTECTED], Authenticated=true, Details=WebAuthenticationDetails [RemoteIpAddress=127.0.0.1, SessionId=null], Granted Authorities=[ROLE_ADMIN]]
2025-06-24T10:24:56.693-05:00 DEBUG 28216 --- [doctorya] [           main] o.s.security.web.FilterChainProxy        : Secured POST /appointment
2025-06-24T10:24:56.694-05:00 DEBUG 28216 --- [doctorya] [           main] horizationManagerBeforeMethodInterceptor : Authorizing method invocation ReflectiveMethodInvocation: public org.springframework.http.ResponseEntity com.project.doctorya.appointment.rest.controller.AppointmentController.create(com.project.doctorya.appointment.rest.dto.AppointmentDTO); target is of class [com.project.doctorya.appointment.rest.controller.AppointmentController]
2025-06-24T10:24:56.702-05:00 DEBUG 28216 --- [doctorya] [           main] horizationManagerBeforeMethodInterceptor : Authorized method invocation ReflectiveMethodInvocation: public org.springframework.http.ResponseEntity com.project.doctorya.appointment.rest.controller.AppointmentController.create(com.project.doctorya.appointment.rest.dto.AppointmentDTO); target is of class [com.project.doctorya.appointment.rest.controller.AppointmentController]
Hibernate: select p1_0.id,p1_0.auth_id,p1_0.insurance,p1_0.name from patient p1_0 left join auth a1_0 on a1_0.id=p1_0.auth_id where a1_0.identification=?
Hibernate: select a1_0.id,a1_0.duration,a1_0.end_date,a1_0.patient_id,a1_0.physician_id,a1_0.reason,a1_0.start_date from appointment a1_0
Hibernate: select p1_0.id,p1_0.auth_id,p1_0.insurance,p1_0.name from patient p1_0
Hibernate: select a1_0.id,a1_0.identification,a1_0.password,a1_0.role from auth a1_0 where a1_0.id=?
Hibernate: delete from patient where id=?
Hibernate: delete from auth where id=?
Hibernate: select p1_0.id,p1_0.auth_id,p1_0.code,p1_0.name,p1_0.speciality from physician p1_0
Hibernate: select a1_0.id,a1_0.identification,a1_0.password,a1_0.role from auth a1_0 where a1_0.id=?
Hibernate: delete from physician where id=?
Hibernate: delete from auth where id=?
Hibernate: select a1_0.id,a1_0.identification,a1_0.password,a1_0.role from auth a1_0
Hibernate: delete from auth where id=?
]]></system-out>
  </testcase>
  <testcase name="testDeleteAppointment" classname="com.project.doctorya.AppointmentIntegrationTest" time="0.162">
    <system-out><![CDATA[2025-06-24T10:24:56.728-05:00 DEBUG 28216 --- [doctorya] [           main] o.s.security.web.FilterChainProxy        : Securing POST /auth/register
2025-06-24T10:24:56.728-05:00 DEBUG 28216 --- [doctorya] [           main] o.s.s.w.a.AnonymousAuthenticationFilter  : Set SecurityContextHolder to anonymous SecurityContext
2025-06-24T10:24:56.729-05:00 DEBUG 28216 --- [doctorya] [           main] o.s.security.web.FilterChainProxy        : Secured POST /auth/register
Hibernate: select a1_0.id,a1_0.identification,a1_0.password,a1_0.role from auth a1_0 where a1_0.identification=?
Hibernate: insert into auth (identification,password,role,id) values (?,?,?,?)
2025-06-24T10:24:56.792-05:00 DEBUG 28216 --- [doctorya] [           main] o.s.security.web.FilterChainProxy        : Securing POST /auth/login
2025-06-24T10:24:56.792-05:00 DEBUG 28216 --- [doctorya] [           main] o.s.s.w.a.AnonymousAuthenticationFilter  : Set SecurityContextHolder to anonymous SecurityContext
2025-06-24T10:24:56.793-05:00 DEBUG 28216 --- [doctorya] [           main] o.s.security.web.FilterChainProxy        : Secured POST /auth/login
Hibernate: select a1_0.id,a1_0.identification,a1_0.password,a1_0.role from auth a1_0 where a1_0.identification=?
Hibernate: insert into auth (identification,password,role,id) values (?,?,?,?)
Hibernate: insert into patient (auth_id,insurance,name,id) values (?,?,?,?)
Hibernate: insert into auth (identification,password,role,id) values (?,?,?,?)
Hibernate: insert into physician (auth_id,code,name,speciality,id) values (?,?,?,?,?)
Hibernate: insert into appointment (duration,end_date,patient_id,physician_id,reason,start_date,id) values (?,?,?,?,?,?,?)
2025-06-24T10:24:56.859-05:00 DEBUG 28216 --- [doctorya] [           main] o.s.security.web.FilterChainProxy        : Securing DELETE /appointment/bc4992fa-21cb-4ec9-9423-a7a21f28f256
2025-06-24T10:24:56.860-05:00 DEBUG 28216 --- [doctorya] [           main] o.s.s.o.s.r.a.JwtAuthenticationProvider  : Authenticated token
2025-06-24T10:24:56.860-05:00 DEBUG 28216 --- [doctorya] [           main] .s.r.w.a.BearerTokenAuthenticationFilter : Set SecurityContextHolder to JwtAuthenticationToken [Principal=org.springframework.security.oauth2.jwt.Jwt@a7d068cd, Credentials=[PROTECTED], Authenticated=true, Details=WebAuthenticationDetails [RemoteIpAddress=127.0.0.1, SessionId=null], Granted Authorities=[ROLE_ADMIN]]
2025-06-24T10:24:56.860-05:00 DEBUG 28216 --- [doctorya] [           main] o.s.security.web.FilterChainProxy        : Secured DELETE /appointment/bc4992fa-21cb-4ec9-9423-a7a21f28f256
2025-06-24T10:24:56.861-05:00 DEBUG 28216 --- [doctorya] [           main] horizationManagerBeforeMethodInterceptor : Authorizing method invocation ReflectiveMethodInvocation: public void com.project.doctorya.appointment.rest.controller.AppointmentController.delete(java.util.UUID); target is of class [com.project.doctorya.appointment.rest.controller.AppointmentController]
2025-06-24T10:24:56.861-05:00 DEBUG 28216 --- [doctorya] [           main] horizationManagerBeforeMethodInterceptor : Authorized method invocation ReflectiveMethodInvocation: public void com.project.doctorya.appointment.rest.controller.AppointmentController.delete(java.util.UUID); target is of class [com.project.doctorya.appointment.rest.controller.AppointmentController]
Hibernate: select a1_0.id,a1_0.duration,a1_0.end_date,a1_0.patient_id,p1_0.id,a2_0.id,a2_0.identification,a2_0.password,a2_0.role,p1_0.insurance,p1_0.name,a1_0.physician_id,p2_0.id,a3_0.id,a3_0.identification,a3_0.password,a3_0.role,p2_0.code,p2_0.name,p2_0.speciality,a1_0.reason,a1_0.start_date from appointment a1_0 join patient p1_0 on p1_0.id=a1_0.patient_id left join auth a2_0 on a2_0.id=p1_0.auth_id join physician p2_0 on p2_0.id=a1_0.physician_id left join auth a3_0 on a3_0.id=p2_0.auth_id where a1_0.id=?
Hibernate: delete from appointment where id=?
Hibernate: select a1_0.id,a1_0.duration,a1_0.end_date,a1_0.patient_id,p1_0.id,a2_0.id,a2_0.identification,a2_0.password,a2_0.role,p1_0.insurance,p1_0.name,a1_0.physician_id,p2_0.id,a3_0.id,a3_0.identification,a3_0.password,a3_0.role,p2_0.code,p2_0.name,p2_0.speciality,a1_0.reason,a1_0.start_date from appointment a1_0 join patient p1_0 on p1_0.id=a1_0.patient_id left join auth a2_0 on a2_0.id=p1_0.auth_id join physician p2_0 on p2_0.id=a1_0.physician_id left join auth a3_0 on a3_0.id=p2_0.auth_id where a1_0.id=?
Hibernate: select a1_0.id,a1_0.duration,a1_0.end_date,a1_0.patient_id,a1_0.physician_id,a1_0.reason,a1_0.start_date from appointment a1_0
Hibernate: select p1_0.id,p1_0.auth_id,p1_0.insurance,p1_0.name from patient p1_0
Hibernate: select a1_0.id,a1_0.identification,a1_0.password,a1_0.role from auth a1_0 where a1_0.id=?
Hibernate: delete from patient where id=?
Hibernate: delete from auth where id=?
Hibernate: select p1_0.id,p1_0.auth_id,p1_0.code,p1_0.name,p1_0.speciality from physician p1_0
Hibernate: select a1_0.id,a1_0.identification,a1_0.password,a1_0.role from auth a1_0 where a1_0.id=?
Hibernate: delete from physician where id=?
Hibernate: delete from auth where id=?
Hibernate: select a1_0.id,a1_0.identification,a1_0.password,a1_0.role from auth a1_0
Hibernate: delete from auth where id=?
]]></system-out>
  </testcase>
  <testcase name="testDeleteNotFoundAppointment" classname="com.project.doctorya.AppointmentIntegrationTest" time="0.184">
    <failure message="Status expected:&lt;404&gt; but was:&lt;200&gt;" type="java.lang.AssertionError"><![CDATA[java.lang.AssertionError: Status expected:<404> but was:<200>
	at org.springframework.test.util.AssertionErrors.fail(AssertionErrors.java:61)
	at org.springframework.test.util.AssertionErrors.assertEquals(AssertionErrors.java:128)
	at org.springframework.test.web.servlet.result.StatusResultMatchers.lambda$matcher$9(StatusResultMatchers.java:640)
	at org.springframework.test.web.servlet.MockMvc$1.andExpect(MockMvc.java:214)
	at com.project.doctorya.AppointmentIntegrationTest.testDeleteNotFoundAppointment(AppointmentIntegrationTest.java:317)
	at java.base/java.lang.reflect.Method.invoke(Method.java:580)
	at java.base/java.util.ArrayList.forEach(ArrayList.java:1596)
	at java.base/java.util.ArrayList.forEach(ArrayList.java:1596)
]]></failure>
    <system-out><![CDATA[2025-06-24T10:24:56.892-05:00 DEBUG 28216 --- [doctorya] [           main] o.s.security.web.FilterChainProxy        : Securing POST /auth/register
2025-06-24T10:24:56.892-05:00 DEBUG 28216 --- [doctorya] [           main] o.s.s.w.a.AnonymousAuthenticationFilter  : Set SecurityContextHolder to anonymous SecurityContext
2025-06-24T10:24:56.893-05:00 DEBUG 28216 --- [doctorya] [           main] o.s.security.web.FilterChainProxy        : Secured POST /auth/register
Hibernate: select a1_0.id,a1_0.identification,a1_0.password,a1_0.role from auth a1_0 where a1_0.identification=?
Hibernate: insert into auth (identification,password,role,id) values (?,?,?,?)
2025-06-24T10:24:56.968-05:00 DEBUG 28216 --- [doctorya] [           main] o.s.security.web.FilterChainProxy        : Securing POST /auth/login
2025-06-24T10:24:56.968-05:00 DEBUG 28216 --- [doctorya] [           main] o.s.s.w.a.AnonymousAuthenticationFilter  : Set SecurityContextHolder to anonymous SecurityContext
2025-06-24T10:24:56.968-05:00 DEBUG 28216 --- [doctorya] [           main] o.s.security.web.FilterChainProxy        : Secured POST /auth/login
Hibernate: select a1_0.id,a1_0.identification,a1_0.password,a1_0.role from auth a1_0 where a1_0.identification=?
Hibernate: insert into auth (identification,password,role,id) values (?,?,?,?)
Hibernate: insert into patient (auth_id,insurance,name,id) values (?,?,?,?)
Hibernate: insert into auth (identification,password,role,id) values (?,?,?,?)
Hibernate: insert into physician (auth_id,code,name,speciality,id) values (?,?,?,?,?)
2025-06-24T10:24:57.042-05:00 DEBUG 28216 --- [doctorya] [           main] o.s.security.web.FilterChainProxy        : Securing DELETE /appointment/c54c47cd-0f46-4419-a8e7-e905d741910e
2025-06-24T10:24:57.043-05:00 DEBUG 28216 --- [doctorya] [           main] o.s.s.o.s.r.a.JwtAuthenticationProvider  : Authenticated token
2025-06-24T10:24:57.043-05:00 DEBUG 28216 --- [doctorya] [           main] .s.r.w.a.BearerTokenAuthenticationFilter : Set SecurityContextHolder to JwtAuthenticationToken [Principal=org.springframework.security.oauth2.jwt.Jwt@14d56dec, Credentials=[PROTECTED], Authenticated=true, Details=WebAuthenticationDetails [RemoteIpAddress=127.0.0.1, SessionId=null], Granted Authorities=[ROLE_ADMIN]]
2025-06-24T10:24:57.043-05:00 DEBUG 28216 --- [doctorya] [           main] o.s.security.web.FilterChainProxy        : Secured DELETE /appointment/c54c47cd-0f46-4419-a8e7-e905d741910e
2025-06-24T10:24:57.044-05:00 DEBUG 28216 --- [doctorya] [           main] horizationManagerBeforeMethodInterceptor : Authorizing method invocation ReflectiveMethodInvocation: public void com.project.doctorya.appointment.rest.controller.AppointmentController.delete(java.util.UUID); target is of class [com.project.doctorya.appointment.rest.controller.AppointmentController]
2025-06-24T10:24:57.044-05:00 DEBUG 28216 --- [doctorya] [           main] horizationManagerBeforeMethodInterceptor : Authorized method invocation ReflectiveMethodInvocation: public void com.project.doctorya.appointment.rest.controller.AppointmentController.delete(java.util.UUID); target is of class [com.project.doctorya.appointment.rest.controller.AppointmentController]
Hibernate: select a1_0.id,a1_0.duration,a1_0.end_date,a1_0.patient_id,p1_0.id,a2_0.id,a2_0.identification,a2_0.password,a2_0.role,p1_0.insurance,p1_0.name,a1_0.physician_id,p2_0.id,a3_0.id,a3_0.identification,a3_0.password,a3_0.role,p2_0.code,p2_0.name,p2_0.speciality,a1_0.reason,a1_0.start_date from appointment a1_0 join patient p1_0 on p1_0.id=a1_0.patient_id left join auth a2_0 on a2_0.id=p1_0.auth_id join physician p2_0 on p2_0.id=a1_0.physician_id left join auth a3_0 on a3_0.id=p2_0.auth_id where a1_0.id=?
Hibernate: select a1_0.id,a1_0.duration,a1_0.end_date,a1_0.patient_id,a1_0.physician_id,a1_0.reason,a1_0.start_date from appointment a1_0
Hibernate: select p1_0.id,p1_0.auth_id,p1_0.insurance,p1_0.name from patient p1_0
Hibernate: select a1_0.id,a1_0.identification,a1_0.password,a1_0.role from auth a1_0 where a1_0.id=?
Hibernate: delete from patient where id=?
Hibernate: delete from auth where id=?
Hibernate: select p1_0.id,p1_0.auth_id,p1_0.code,p1_0.name,p1_0.speciality from physician p1_0
Hibernate: select a1_0.id,a1_0.identification,a1_0.password,a1_0.role from auth a1_0 where a1_0.id=?
Hibernate: delete from physician where id=?
Hibernate: delete from auth where id=?
Hibernate: select a1_0.id,a1_0.identification,a1_0.password,a1_0.role from auth a1_0
Hibernate: delete from auth where id=?

MockHttpServletRequest:
      HTTP Method = POST
      Request URI = /auth/register
       Parameters = {}
          Headers = [Content-Type:"application/json;charset=UTF-8", Content-Length:"50"]
             Body = {"identification":"1053847601","password":"12345"}
    Session Attrs = {}

Handler:
             Type = com.project.doctorya.auth.rest.controller.AuthController
           Method = com.project.doctorya.auth.rest.controller.AuthController#register(AuthDTO)

Async:
    Async started = false
     Async result = null

Resolved Exception:
             Type = null

ModelAndView:
        View name = null
             View = null
            Model = null

FlashMap:
       Attributes = null

MockHttpServletResponse:
           Status = 200
    Error message = null
          Headers = [Content-Type:"application/json", X-Content-Type-Options:"nosniff", X-XSS-Protection:"0", Cache-Control:"no-cache, no-store, max-age=0, must-revalidate", Pragma:"no-cache", Expires:"0", X-Frame-Options:"DENY"]
     Content type = application/json
             Body = {"identification":"1053847601"}
    Forwarded URL = null
   Redirected URL = null
          Cookies = []

MockHttpServletRequest:
      HTTP Method = POST
      Request URI = /auth/login
       Parameters = {}
          Headers = [Content-Type:"application/json;charset=UTF-8", Content-Length:"50"]
             Body = {"identification":"1053847601","password":"12345"}
    Session Attrs = {}

Handler:
             Type = com.project.doctorya.auth.rest.controller.AuthController
           Method = com.project.doctorya.auth.rest.controller.AuthController#login(AuthDTO)

Async:
    Async started = false
     Async result = null

Resolved Exception:
             Type = null

ModelAndView:
        View name = null
             View = null
            Model = null

FlashMap:
       Attributes = null

MockHttpServletResponse:
           Status = 200
    Error message = null
          Headers = [Content-Type:"application/json", X-Content-Type-Options:"nosniff", X-XSS-Protection:"0", Cache-Control:"no-cache, no-store, max-age=0, must-revalidate", Pragma:"no-cache", Expires:"0", X-Frame-Options:"DENY"]
     Content type = application/json
             Body = {"token":"eyJhbGciOiJIUzI1NiJ9.eyJzdWIiOiIxMDUzODQ3NjAxIiwicm9sZXMiOlsiQURNSU4iXSwiaWF0IjoxNzUwNzc4Njk3LCJleHAiOjE3NTA3ODU4OTd9.E4v4bHd61Dx5gUWbTf5FEx7ga3iaCq6G7jLHZS9tf7Q"}
    Forwarded URL = null
   Redirected URL = null
          Cookies = []

MockHttpServletRequest:
      HTTP Method = DELETE
      Request URI = /appointment/c54c47cd-0f46-4419-a8e7-e905d741910e
       Parameters = {}
          Headers = [Content-Type:"application/json;charset=UTF-8", Authorization:"Bearer eyJhbGciOiJIUzI1NiJ9.eyJzdWIiOiIxMDUzODQ3NjAxIiwicm9sZXMiOlsiQURNSU4iXSwiaWF0IjoxNzUwNzc4Njk3LCJleHAiOjE3NTA3ODU4OTd9.E4v4bHd61Dx5gUWbTf5FEx7ga3iaCq6G7jLHZS9tf7Q"]
             Body = null
    Session Attrs = {}

Handler:
             Type = com.project.doctorya.appointment.rest.controller.AppointmentController
           Method = com.project.doctorya.appointment.rest.controller.AppointmentController#delete(UUID)

Async:
    Async started = false
     Async result = null

Resolved Exception:
             Type = null

ModelAndView:
        View name = null
             View = null
            Model = null

FlashMap:
       Attributes = null

MockHttpServletResponse:
           Status = 200
    Error message = null
          Headers = [X-Content-Type-Options:"nosniff", X-XSS-Protection:"0", Cache-Control:"no-cache, no-store, max-age=0, must-revalidate", Pragma:"no-cache", Expires:"0", X-Frame-Options:"DENY"]
     Content type = null
             Body = 
    Forwarded URL = null
   Redirected URL = null
          Cookies = []
]]></system-out>
  </testcase>
  <testcase name="testGetAppointment" classname="com.project.doctorya.AppointmentIntegrationTest" time="0.2">
    <system-out><![CDATA[2025-06-24T10:24:57.078-05:00 DEBUG 28216 --- [doctorya] [           main] o.s.security.web.FilterChainProxy        : Securing POST /auth/register
2025-06-24T10:24:57.078-05:00 DEBUG 28216 --- [doctorya] [           main] o.s.s.w.a.AnonymousAuthenticationFilter  : Set SecurityContextHolder to anonymous SecurityContext
2025-06-24T10:24:57.079-05:00 DEBUG 28216 --- [doctorya] [           main] o.s.security.web.FilterChainProxy        : Secured POST /auth/register
Hibernate: select a1_0.id,a1_0.identification,a1_0.password,a1_0.role from auth a1_0 where a1_0.identification=?
Hibernate: insert into auth (identification,password,role,id) values (?,?,?,?)
2025-06-24T10:24:57.157-05:00 DEBUG 28216 --- [doctorya] [           main] o.s.security.web.FilterChainProxy        : Securing POST /auth/login
2025-06-24T10:24:57.157-05:00 DEBUG 28216 --- [doctorya] [           main] o.s.s.w.a.AnonymousAuthenticationFilter  : Set SecurityContextHolder to anonymous SecurityContext
2025-06-24T10:24:57.157-05:00 DEBUG 28216 --- [doctorya] [           main] o.s.security.web.FilterChainProxy        : Secured POST /auth/login
Hibernate: select a1_0.id,a1_0.identification,a1_0.password,a1_0.role from auth a1_0 where a1_0.identification=?
Hibernate: insert into auth (identification,password,role,id) values (?,?,?,?)
Hibernate: insert into patient (auth_id,insurance,name,id) values (?,?,?,?)
Hibernate: insert into auth (identification,password,role,id) values (?,?,?,?)
Hibernate: insert into physician (auth_id,code,name,speciality,id) values (?,?,?,?,?)
Hibernate: insert into appointment (duration,end_date,patient_id,physician_id,reason,start_date,id) values (?,?,?,?,?,?,?)
2025-06-24T10:24:57.232-05:00 DEBUG 28216 --- [doctorya] [           main] o.s.security.web.FilterChainProxy        : Securing GET /appointment
2025-06-24T10:24:57.232-05:00 DEBUG 28216 --- [doctorya] [           main] o.s.s.o.s.r.a.JwtAuthenticationProvider  : Authenticated token
2025-06-24T10:24:57.233-05:00 DEBUG 28216 --- [doctorya] [           main] .s.r.w.a.BearerTokenAuthenticationFilter : Set SecurityContextHolder to JwtAuthenticationToken [Principal=org.springframework.security.oauth2.jwt.Jwt@14d56dec, Credentials=[PROTECTED], Authenticated=true, Details=WebAuthenticationDetails [RemoteIpAddress=127.0.0.1, SessionId=null], Granted Authorities=[ROLE_ADMIN]]
2025-06-24T10:24:57.233-05:00 DEBUG 28216 --- [doctorya] [           main] o.s.security.web.FilterChainProxy        : Secured GET /appointment
Hibernate: select a1_0.id,a1_0.duration,a1_0.end_date,a1_0.patient_id,a1_0.physician_id,a1_0.reason,a1_0.start_date from appointment a1_0
Hibernate: select p1_0.id,a1_0.id,a1_0.identification,a1_0.password,a1_0.role,p1_0.insurance,p1_0.name from patient p1_0 left join auth a1_0 on a1_0.id=p1_0.auth_id where p1_0.id=?
Hibernate: select p1_0.id,a1_0.id,a1_0.identification,a1_0.password,a1_0.role,p1_0.code,p1_0.name,p1_0.speciality from physician p1_0 left join auth a1_0 on a1_0.id=p1_0.auth_id where p1_0.id=?
Hibernate: select a1_0.id,a1_0.duration,a1_0.end_date,a1_0.patient_id,a1_0.physician_id,a1_0.reason,a1_0.start_date from appointment a1_0
Hibernate: select p1_0.id,a1_0.id,a1_0.identification,a1_0.password,a1_0.role,p1_0.insurance,p1_0.name from patient p1_0 left join auth a1_0 on a1_0.id=p1_0.auth_id where p1_0.id=?
Hibernate: select p1_0.id,a1_0.id,a1_0.identification,a1_0.password,a1_0.role,p1_0.code,p1_0.name,p1_0.speciality from physician p1_0 left join auth a1_0 on a1_0.id=p1_0.auth_id where p1_0.id=?
Hibernate: delete from appointment where id=?
Hibernate: select p1_0.id,p1_0.auth_id,p1_0.insurance,p1_0.name from patient p1_0
Hibernate: select a1_0.id,a1_0.identification,a1_0.password,a1_0.role from auth a1_0 where a1_0.id=?
Hibernate: delete from patient where id=?
Hibernate: delete from auth where id=?
Hibernate: select p1_0.id,p1_0.auth_id,p1_0.code,p1_0.name,p1_0.speciality from physician p1_0
Hibernate: select a1_0.id,a1_0.identification,a1_0.password,a1_0.role from auth a1_0 where a1_0.id=?
Hibernate: delete from physician where id=?
Hibernate: delete from auth where id=?
Hibernate: select a1_0.id,a1_0.identification,a1_0.password,a1_0.role from auth a1_0
Hibernate: delete from auth where id=?
]]></system-out>
  </testcase>
  <testcase name="testGetByIdNotFoundAppointment" classname="com.project.doctorya.AppointmentIntegrationTest" time="0.192">
    <system-out><![CDATA[2025-06-24T10:24:57.278-05:00 DEBUG 28216 --- [doctorya] [           main] o.s.security.web.FilterChainProxy        : Securing POST /auth/register
2025-06-24T10:24:57.279-05:00 DEBUG 28216 --- [doctorya] [           main] o.s.s.w.a.AnonymousAuthenticationFilter  : Set SecurityContextHolder to anonymous SecurityContext
2025-06-24T10:24:57.279-05:00 DEBUG 28216 --- [doctorya] [           main] o.s.security.web.FilterChainProxy        : Secured POST /auth/register
Hibernate: select a1_0.id,a1_0.identification,a1_0.password,a1_0.role from auth a1_0 where a1_0.identification=?
Hibernate: insert into auth (identification,password,role,id) values (?,?,?,?)
2025-06-24T10:24:57.351-05:00 DEBUG 28216 --- [doctorya] [           main] o.s.security.web.FilterChainProxy        : Securing POST /auth/login
2025-06-24T10:24:57.352-05:00 DEBUG 28216 --- [doctorya] [           main] o.s.s.w.a.AnonymousAuthenticationFilter  : Set SecurityContextHolder to anonymous SecurityContext
2025-06-24T10:24:57.352-05:00 DEBUG 28216 --- [doctorya] [           main] o.s.security.web.FilterChainProxy        : Secured POST /auth/login
Hibernate: select a1_0.id,a1_0.identification,a1_0.password,a1_0.role from auth a1_0 where a1_0.identification=?
Hibernate: insert into auth (identification,password,role,id) values (?,?,?,?)
Hibernate: insert into patient (auth_id,insurance,name,id) values (?,?,?,?)
Hibernate: insert into auth (identification,password,role,id) values (?,?,?,?)
Hibernate: insert into physician (auth_id,code,name,speciality,id) values (?,?,?,?,?)
2025-06-24T10:24:57.436-05:00 DEBUG 28216 --- [doctorya] [           main] o.s.security.web.FilterChainProxy        : Securing GET /appointment/90694f1f-8608-46bf-a1a6-5f750fc267cc
2025-06-24T10:24:57.437-05:00 DEBUG 28216 --- [doctorya] [           main] o.s.s.o.s.r.a.JwtAuthenticationProvider  : Authenticated token
2025-06-24T10:24:57.437-05:00 DEBUG 28216 --- [doctorya] [           main] .s.r.w.a.BearerTokenAuthenticationFilter : Set SecurityContextHolder to JwtAuthenticationToken [Principal=org.springframework.security.oauth2.jwt.Jwt@14d56dec, Credentials=[PROTECTED], Authenticated=true, Details=WebAuthenticationDetails [RemoteIpAddress=127.0.0.1, SessionId=null], Granted Authorities=[ROLE_ADMIN]]
2025-06-24T10:24:57.437-05:00 DEBUG 28216 --- [doctorya] [           main] o.s.security.web.FilterChainProxy        : Secured GET /appointment/90694f1f-8608-46bf-a1a6-5f750fc267cc
Hibernate: select a1_0.id,a1_0.duration,a1_0.end_date,a1_0.patient_id,p1_0.id,a2_0.id,a2_0.identification,a2_0.password,a2_0.role,p1_0.insurance,p1_0.name,a1_0.physician_id,p2_0.id,a3_0.id,a3_0.identification,a3_0.password,a3_0.role,p2_0.code,p2_0.name,p2_0.speciality,a1_0.reason,a1_0.start_date from appointment a1_0 join patient p1_0 on p1_0.id=a1_0.patient_id left join auth a2_0 on a2_0.id=p1_0.auth_id join physician p2_0 on p2_0.id=a1_0.physician_id left join auth a3_0 on a3_0.id=p2_0.auth_id where a1_0.id=?
Hibernate: select a1_0.id,a1_0.duration,a1_0.end_date,a1_0.patient_id,a1_0.physician_id,a1_0.reason,a1_0.start_date from appointment a1_0
Hibernate: select p1_0.id,p1_0.auth_id,p1_0.insurance,p1_0.name from patient p1_0
Hibernate: select a1_0.id,a1_0.identification,a1_0.password,a1_0.role from auth a1_0 where a1_0.id=?
Hibernate: delete from patient where id=?
Hibernate: delete from auth where id=?
Hibernate: select p1_0.id,p1_0.auth_id,p1_0.code,p1_0.name,p1_0.speciality from physician p1_0
Hibernate: select a1_0.id,a1_0.identification,a1_0.password,a1_0.role from auth a1_0 where a1_0.id=?
Hibernate: delete from physician where id=?
Hibernate: delete from auth where id=?
Hibernate: select a1_0.id,a1_0.identification,a1_0.password,a1_0.role from auth a1_0
Hibernate: delete from auth where id=?
]]></system-out>
  </testcase>
  <testcase name="testCreateAppointment" classname="com.project.doctorya.AppointmentIntegrationTest" time="0.2">
    <system-out><![CDATA[2025-06-24T10:24:57.473-05:00 DEBUG 28216 --- [doctorya] [           main] o.s.security.web.FilterChainProxy        : Securing POST /auth/register
2025-06-24T10:24:57.474-05:00 DEBUG 28216 --- [doctorya] [           main] o.s.s.w.a.AnonymousAuthenticationFilter  : Set SecurityContextHolder to anonymous SecurityContext
2025-06-24T10:24:57.474-05:00 DEBUG 28216 --- [doctorya] [           main] o.s.security.web.FilterChainProxy        : Secured POST /auth/register
Hibernate: select a1_0.id,a1_0.identification,a1_0.password,a1_0.role from auth a1_0 where a1_0.identification=?
Hibernate: insert into auth (identification,password,role,id) values (?,?,?,?)
2025-06-24T10:24:57.550-05:00 DEBUG 28216 --- [doctorya] [           main] o.s.security.web.FilterChainProxy        : Securing POST /auth/login
2025-06-24T10:24:57.550-05:00 DEBUG 28216 --- [doctorya] [           main] o.s.s.w.a.AnonymousAuthenticationFilter  : Set SecurityContextHolder to anonymous SecurityContext
2025-06-24T10:24:57.550-05:00 DEBUG 28216 --- [doctorya] [           main] o.s.security.web.FilterChainProxy        : Secured POST /auth/login
Hibernate: select a1_0.id,a1_0.identification,a1_0.password,a1_0.role from auth a1_0 where a1_0.identification=?
Hibernate: insert into auth (identification,password,role,id) values (?,?,?,?)
Hibernate: insert into patient (auth_id,insurance,name,id) values (?,?,?,?)
Hibernate: insert into auth (identification,password,role,id) values (?,?,?,?)
Hibernate: insert into physician (auth_id,code,name,speciality,id) values (?,?,?,?,?)
2025-06-24T10:24:57.622-05:00 DEBUG 28216 --- [doctorya] [           main] o.s.security.web.FilterChainProxy        : Securing POST /appointment
2025-06-24T10:24:57.624-05:00 DEBUG 28216 --- [doctorya] [           main] o.s.s.o.s.r.a.JwtAuthenticationProvider  : Authenticated token
2025-06-24T10:24:57.624-05:00 DEBUG 28216 --- [doctorya] [           main] .s.r.w.a.BearerTokenAuthenticationFilter : Set SecurityContextHolder to JwtAuthenticationToken [Principal=org.springframework.security.oauth2.jwt.Jwt@14d56dec, Credentials=[PROTECTED], Authenticated=true, Details=WebAuthenticationDetails [RemoteIpAddress=127.0.0.1, SessionId=null], Granted Authorities=[ROLE_ADMIN]]
2025-06-24T10:24:57.624-05:00 DEBUG 28216 --- [doctorya] [           main] o.s.security.web.FilterChainProxy        : Secured POST /appointment
2025-06-24T10:24:57.625-05:00 DEBUG 28216 --- [doctorya] [           main] horizationManagerBeforeMethodInterceptor : Authorizing method invocation ReflectiveMethodInvocation: public org.springframework.http.ResponseEntity com.project.doctorya.appointment.rest.controller.AppointmentController.create(com.project.doctorya.appointment.rest.dto.AppointmentDTO); target is of class [com.project.doctorya.appointment.rest.controller.AppointmentController]
2025-06-24T10:24:57.625-05:00 DEBUG 28216 --- [doctorya] [           main] horizationManagerBeforeMethodInterceptor : Authorized method invocation ReflectiveMethodInvocation: public org.springframework.http.ResponseEntity com.project.doctorya.appointment.rest.controller.AppointmentController.create(com.project.doctorya.appointment.rest.dto.AppointmentDTO); target is of class [com.project.doctorya.appointment.rest.controller.AppointmentController]
Hibernate: select p1_0.id,p1_0.auth_id,p1_0.insurance,p1_0.name from patient p1_0 left join auth a1_0 on a1_0.id=p1_0.auth_id where a1_0.identification=?
Hibernate: select a1_0.id,a1_0.identification,a1_0.password,a1_0.role from auth a1_0 where a1_0.id=?
Hibernate: select p1_0.id,p1_0.auth_id,p1_0.code,p1_0.name,p1_0.speciality from physician p1_0 left join auth a1_0 on a1_0.id=p1_0.auth_id where a1_0.identification=?
Hibernate: select a1_0.id,a1_0.identification,a1_0.password,a1_0.role from auth a1_0 where a1_0.id=?
Hibernate: select a1_0.id,a1_0.duration,a1_0.end_date,a1_0.patient_id,a1_0.physician_id,a1_0.reason,a1_0.start_date from appointment a1_0 join physician p2_0 on p2_0.id=a1_0.physician_id join auth a2_0 on a2_0.id=p2_0.auth_id where a1_0.start_date<? and a1_0.end_date>? and a2_0.identification=?
Hibernate: insert into appointment (duration,end_date,patient_id,physician_id,reason,start_date,id) values (?,?,?,?,?,?,?)
Hibernate: select a1_0.id,a1_0.duration,a1_0.end_date,a1_0.patient_id,a1_0.physician_id,a1_0.reason,a1_0.start_date from appointment a1_0
Hibernate: select p1_0.id,a1_0.id,a1_0.identification,a1_0.password,a1_0.role,p1_0.insurance,p1_0.name from patient p1_0 left join auth a1_0 on a1_0.id=p1_0.auth_id where p1_0.id=?
Hibernate: select p1_0.id,a1_0.id,a1_0.identification,a1_0.password,a1_0.role,p1_0.code,p1_0.name,p1_0.speciality from physician p1_0 left join auth a1_0 on a1_0.id=p1_0.auth_id where p1_0.id=?
Hibernate: delete from appointment where id=?
Hibernate: select p1_0.id,p1_0.auth_id,p1_0.insurance,p1_0.name from patient p1_0
Hibernate: select a1_0.id,a1_0.identification,a1_0.password,a1_0.role from auth a1_0 where a1_0.id=?
Hibernate: delete from patient where id=?
Hibernate: delete from auth where id=?
Hibernate: select p1_0.id,p1_0.auth_id,p1_0.code,p1_0.name,p1_0.speciality from physician p1_0
Hibernate: select a1_0.id,a1_0.identification,a1_0.password,a1_0.role from auth a1_0 where a1_0.id=?
Hibernate: delete from physician where id=?
Hibernate: delete from auth where id=?
Hibernate: select a1_0.id,a1_0.identification,a1_0.password,a1_0.role from auth a1_0
Hibernate: delete from auth where id=?
]]></system-out>
  </testcase>
  <testcase name="testUpdateNotFoundAppointment" classname="com.project.doctorya.AppointmentIntegrationTest" time="0.183">
    <error message="Request processing failed: org.springframework.orm.jpa.JpaObjectRetrievalFailureException: Appointment not found" type="jakarta.servlet.ServletException"><![CDATA[jakarta.servlet.ServletException: Request processing failed: org.springframework.orm.jpa.JpaObjectRetrievalFailureException: Appointment not found
	at org.springframework.web.servlet.FrameworkServlet.processRequest(FrameworkServlet.java:1022)
	at org.springframework.web.servlet.FrameworkServlet.doPut(FrameworkServlet.java:925)
	at jakarta.servlet.http.HttpServlet.service(HttpServlet.java:593)
	at org.springframework.web.servlet.FrameworkServlet.service(FrameworkServlet.java:885)
	at org.springframework.test.web.servlet.TestDispatcherServlet.service(TestDispatcherServlet.java:72)
	at jakarta.servlet.http.HttpServlet.service(HttpServlet.java:658)
	at org.springframework.mock.web.MockFilterChain$ServletFilterProxy.doFilter(MockFilterChain.java:165)
	at org.springframework.mock.web.MockFilterChain.doFilter(MockFilterChain.java:132)
	at org.springframework.web.filter.CompositeFilter$VirtualFilterChain.doFilter(CompositeFilter.java:108)
	at org.springframework.security.web.FilterChainProxy.lambda$doFilterInternal$3(FilterChainProxy.java:231)
	at org.springframework.security.web.FilterChainProxy$VirtualFilterChain.doFilter(FilterChainProxy.java:365)
	at org.springframework.security.web.access.intercept.AuthorizationFilter.doFilter(AuthorizationFilter.java:101)
	at org.springframework.security.web.FilterChainProxy$VirtualFilterChain.doFilter(FilterChainProxy.java:374)
	at org.springframework.security.web.access.ExceptionTranslationFilter.doFilter(ExceptionTranslationFilter.java:126)
	at org.springframework.security.web.access.ExceptionTranslationFilter.doFilter(ExceptionTranslationFilter.java:120)
	at org.springframework.security.web.FilterChainProxy$VirtualFilterChain.doFilter(FilterChainProxy.java:374)
	at org.springframework.security.web.session.SessionManagementFilter.doFilter(SessionManagementFilter.java:131)
	at org.springframework.security.web.session.SessionManagementFilter.doFilter(SessionManagementFilter.java:85)
	at org.springframework.security.web.FilterChainProxy$VirtualFilterChain.doFilter(FilterChainProxy.java:374)
	at org.springframework.security.web.authentication.AnonymousAuthenticationFilter.doFilter(AnonymousAuthenticationFilter.java:100)
	at org.springframework.security.web.FilterChainProxy$VirtualFilterChain.doFilter(FilterChainProxy.java:374)
	at org.springframework.security.web.servletapi.SecurityContextHolderAwareRequestFilter.doFilter(SecurityContextHolderAwareRequestFilter.java:179)
	at org.springframework.security.web.FilterChainProxy$VirtualFilterChain.doFilter(FilterChainProxy.java:374)
	at org.springframework.security.web.savedrequest.RequestCacheAwareFilter.doFilter(RequestCacheAwareFilter.java:63)
	at org.springframework.security.web.FilterChainProxy$VirtualFilterChain.doFilter(FilterChainProxy.java:374)
	at org.springframework.security.oauth2.server.resource.web.authentication.BearerTokenAuthenticationFilter.doFilterInternal(BearerTokenAuthenticationFilter.java:145)
	at org.springframework.web.filter.OncePerRequestFilter.doFilter(OncePerRequestFilter.java:116)
	at org.springframework.security.web.FilterChainProxy$VirtualFilterChain.doFilter(FilterChainProxy.java:374)
	at org.springframework.security.web.authentication.logout.LogoutFilter.doFilter(LogoutFilter.java:107)
	at org.springframework.security.web.authentication.logout.LogoutFilter.doFilter(LogoutFilter.java:93)
	at org.springframework.security.web.FilterChainProxy$VirtualFilterChain.doFilter(FilterChainProxy.java:374)
	at org.springframework.security.web.header.HeaderWriterFilter.doHeadersAfter(HeaderWriterFilter.java:90)
	at org.springframework.security.web.header.HeaderWriterFilter.doFilterInternal(HeaderWriterFilter.java:75)
	at org.springframework.web.filter.OncePerRequestFilter.doFilter(OncePerRequestFilter.java:116)
	at org.springframework.security.web.FilterChainProxy$VirtualFilterChain.doFilter(FilterChainProxy.java:374)
	at org.springframework.security.web.context.SecurityContextHolderFilter.doFilter(SecurityContextHolderFilter.java:82)
	at org.springframework.security.web.context.SecurityContextHolderFilter.doFilter(SecurityContextHolderFilter.java:69)
	at org.springframework.security.web.FilterChainProxy$VirtualFilterChain.doFilter(FilterChainProxy.java:374)
	at org.springframework.security.web.context.request.async.WebAsyncManagerIntegrationFilter.doFilterInternal(WebAsyncManagerIntegrationFilter.java:62)
	at org.springframework.web.filter.OncePerRequestFilter.doFilter(OncePerRequestFilter.java:116)
	at org.springframework.security.web.FilterChainProxy$VirtualFilterChain.doFilter(FilterChainProxy.java:374)
	at org.springframework.security.web.session.DisableEncodeUrlFilter.doFilterInternal(DisableEncodeUrlFilter.java:42)
	at org.springframework.web.filter.OncePerRequestFilter.doFilter(OncePerRequestFilter.java:116)
	at org.springframework.security.web.FilterChainProxy$VirtualFilterChain.doFilter(FilterChainProxy.java:374)
	at org.springframework.security.web.FilterChainProxy.doFilterInternal(FilterChainProxy.java:233)
	at org.springframework.security.web.FilterChainProxy.doFilter(FilterChainProxy.java:191)
	at org.springframework.web.filter.CompositeFilter$VirtualFilterChain.doFilter(CompositeFilter.java:113)
	at org.springframework.web.servlet.handler.HandlerMappingIntrospector.lambda$createCacheFilter$3(HandlerMappingIntrospector.java:243)
	at org.springframework.web.filter.CompositeFilter$VirtualFilterChain.doFilter(CompositeFilter.java:113)
	at org.springframework.web.filter.CompositeFilter.doFilter(CompositeFilter.java:74)
	at org.springframework.security.config.annotation.web.configuration.WebMvcSecurityConfiguration$CompositeFilterChainProxy.doFilter(WebMvcSecurityConfiguration.java:238)
	at org.springframework.web.filter.DelegatingFilterProxy.invokeDelegate(DelegatingFilterProxy.java:362)
	at org.springframework.web.filter.DelegatingFilterProxy.doFilter(DelegatingFilterProxy.java:278)
	at org.springframework.test.web.servlet.setup.MockMvcFilterDecorator.doFilter(MockMvcFilterDecorator.java:162)
	at org.springframework.mock.web.MockFilterChain.doFilter(MockFilterChain.java:132)
	at org.springframework.web.filter.RequestContextFilter.doFilterInternal(RequestContextFilter.java:100)
	at org.springframework.web.filter.OncePerRequestFilter.doFilter(OncePerRequestFilter.java:116)
	at org.springframework.test.web.servlet.setup.MockMvcFilterDecorator.doFilter(MockMvcFilterDecorator.java:162)
	at org.springframework.mock.web.MockFilterChain.doFilter(MockFilterChain.java:132)
	at org.springframework.web.filter.FormContentFilter.doFilterInternal(FormContentFilter.java:93)
	at org.springframework.web.filter.OncePerRequestFilter.doFilter(OncePerRequestFilter.java:116)
	at org.springframework.test.web.servlet.setup.MockMvcFilterDecorator.doFilter(MockMvcFilterDecorator.java:162)
	at org.springframework.mock.web.MockFilterChain.doFilter(MockFilterChain.java:132)
	at org.springframework.web.filter.CharacterEncodingFilter.doFilterInternal(CharacterEncodingFilter.java:201)
	at org.springframework.web.filter.OncePerRequestFilter.doFilter(OncePerRequestFilter.java:116)
	at org.springframework.test.web.servlet.setup.MockMvcFilterDecorator.doFilter(MockMvcFilterDecorator.java:162)
	at org.springframework.mock.web.MockFilterChain.doFilter(MockFilterChain.java:132)
	at org.springframework.test.web.servlet.MockMvc.perform(MockMvc.java:201)
	at com.project.doctorya.AppointmentIntegrationTest.testUpdateNotFoundAppointment(AppointmentIntegrationTest.java:283)
	at java.base/java.lang.reflect.Method.invoke(Method.java:580)
	at java.base/java.util.ArrayList.forEach(ArrayList.java:1596)
	at java.base/java.util.ArrayList.forEach(ArrayList.java:1596)
Caused by: org.springframework.orm.jpa.JpaObjectRetrievalFailureException: Appointment not found
	at org.springframework.orm.jpa.EntityManagerFactoryUtils.convertJpaAccessExceptionIfPossible(EntityManagerFactoryUtils.java:376)
	at org.springframework.orm.jpa.vendor.HibernateJpaDialect.translateExceptionIfPossible(HibernateJpaDialect.java:246)
	at org.springframework.orm.jpa.AbstractEntityManagerFactoryBean.translateExceptionIfPossible(AbstractEntityManagerFactoryBean.java:560)
	at org.springframework.dao.support.ChainedPersistenceExceptionTranslator.translateExceptionIfPossible(ChainedPersistenceExceptionTranslator.java:61)
	at org.springframework.dao.support.DataAccessUtils.translateIfNecessary(DataAccessUtils.java:343)
	at org.springframework.dao.support.PersistenceExceptionTranslationInterceptor.invoke(PersistenceExceptionTranslationInterceptor.java:160)
	at org.springframework.aop.framework.ReflectiveMethodInvocation.proceed(ReflectiveMethodInvocation.java:184)
	at org.springframework.aop.framework.CglibAopProxy$DynamicAdvisedInterceptor.intercept(CglibAopProxy.java:728)
	at com.project.doctorya.appointment.infrastructure.repository.AppointmentRespository$$SpringCGLIB$$0.update(<generated>)
	at com.project.doctorya.appointment.application.usecase.AppointmentUpdateUseCase.execute(AppointmentUpdateUseCase.java:20)
	at com.project.doctorya.appointment.rest.controller.AppointmentController.update(AppointmentController.java:100)
	at java.base/jdk.internal.reflect.DirectMethodHandleAccessor.invoke(DirectMethodHandleAccessor.java:103)
	at java.base/java.lang.reflect.Method.invoke(Method.java:580)
	at org.springframework.aop.support.AopUtils.invokeJoinpointUsingReflection(AopUtils.java:359)
	at org.springframework.aop.framework.ReflectiveMethodInvocation.invokeJoinpoint(ReflectiveMethodInvocation.java:196)
	at org.springframework.aop.framework.ReflectiveMethodInvocation.proceed(ReflectiveMethodInvocation.java:163)
	at org.springframework.validation.beanvalidation.MethodValidationInterceptor.invoke(MethodValidationInterceptor.java:174)
	at org.springframework.aop.framework.ReflectiveMethodInvocation.proceed(ReflectiveMethodInvocation.java:184)
	at org.springframework.aop.framework.CglibAopProxy$DynamicAdvisedInterceptor.intercept(CglibAopProxy.java:728)
	at com.project.doctorya.appointment.rest.controller.AppointmentController$$SpringCGLIB$$0.update(<generated>)
	at java.base/jdk.internal.reflect.DirectMethodHandleAccessor.invoke(DirectMethodHandleAccessor.java:103)
	at java.base/java.lang.reflect.Method.invoke(Method.java:580)
	at org.springframework.web.method.support.InvocableHandlerMethod.doInvoke(InvocableHandlerMethod.java:258)
	at org.springframework.web.method.support.InvocableHandlerMethod.invokeForRequest(InvocableHandlerMethod.java:191)
	at org.springframework.web.servlet.mvc.method.annotation.ServletInvocableHandlerMethod.invokeAndHandle(ServletInvocableHandlerMethod.java:118)
	at org.springframework.web.servlet.mvc.method.annotation.RequestMappingHandlerAdapter.invokeHandlerMethod(RequestMappingHandlerAdapter.java:986)
	at org.springframework.web.servlet.mvc.method.annotation.RequestMappingHandlerAdapter.handleInternal(RequestMappingHandlerAdapter.java:891)
	at org.springframework.web.servlet.mvc.method.AbstractHandlerMethodAdapter.handle(AbstractHandlerMethodAdapter.java:87)
	at org.springframework.web.servlet.DispatcherServlet.doDispatch(DispatcherServlet.java:1089)
	at org.springframework.web.servlet.DispatcherServlet.doService(DispatcherServlet.java:979)
	at org.springframework.web.servlet.FrameworkServlet.processRequest(FrameworkServlet.java:1014)
	... 71 more
Caused by: jakarta.persistence.EntityNotFoundException: Appointment not found
	at com.project.doctorya.appointment.infrastructure.repository.AppointmentRespository.update(AppointmentRespository.java:56)
	at java.base/jdk.internal.reflect.DirectMethodHandleAccessor.invoke(DirectMethodHandleAccessor.java:103)
	at java.base/java.lang.reflect.Method.invoke(Method.java:580)
	at org.springframework.aop.support.AopUtils.invokeJoinpointUsingReflection(AopUtils.java:359)
	at org.springframework.aop.framework.ReflectiveMethodInvocation.invokeJoinpoint(ReflectiveMethodInvocation.java:196)
	at org.springframework.aop.framework.ReflectiveMethodInvocation.proceed(ReflectiveMethodInvocation.java:163)
	at org.springframework.dao.support.PersistenceExceptionTranslationInterceptor.invoke(PersistenceExceptionTranslationInterceptor.java:138)
	... 96 more
]]></error>
    <system-out><![CDATA[2025-06-24T10:24:57.672-05:00 DEBUG 28216 --- [doctorya] [           main] o.s.security.web.FilterChainProxy        : Securing POST /auth/register
2025-06-24T10:24:57.672-05:00 DEBUG 28216 --- [doctorya] [           main] o.s.s.w.a.AnonymousAuthenticationFilter  : Set SecurityContextHolder to anonymous SecurityContext
2025-06-24T10:24:57.672-05:00 DEBUG 28216 --- [doctorya] [           main] o.s.security.web.FilterChainProxy        : Secured POST /auth/register
Hibernate: select a1_0.id,a1_0.identification,a1_0.password,a1_0.role from auth a1_0 where a1_0.identification=?
Hibernate: insert into auth (identification,password,role,id) values (?,?,?,?)
2025-06-24T10:24:57.746-05:00 DEBUG 28216 --- [doctorya] [           main] o.s.security.web.FilterChainProxy        : Securing POST /auth/login
2025-06-24T10:24:57.746-05:00 DEBUG 28216 --- [doctorya] [           main] o.s.s.w.a.AnonymousAuthenticationFilter  : Set SecurityContextHolder to anonymous SecurityContext
2025-06-24T10:24:57.746-05:00 DEBUG 28216 --- [doctorya] [           main] o.s.security.web.FilterChainProxy        : Secured POST /auth/login
Hibernate: select a1_0.id,a1_0.identification,a1_0.password,a1_0.role from auth a1_0 where a1_0.identification=?
Hibernate: insert into auth (identification,password,role,id) values (?,?,?,?)
Hibernate: insert into patient (auth_id,insurance,name,id) values (?,?,?,?)
Hibernate: insert into auth (identification,password,role,id) values (?,?,?,?)
Hibernate: insert into physician (auth_id,code,name,speciality,id) values (?,?,?,?,?)
Hibernate: insert into appointment (duration,end_date,patient_id,physician_id,reason,start_date,id) values (?,?,?,?,?,?,?)
2025-06-24T10:24:57.824-05:00 DEBUG 28216 --- [doctorya] [           main] o.s.security.web.FilterChainProxy        : Securing PUT /appointment/f0b42666-a105-407c-b55f-0d0c125879a6
2025-06-24T10:24:57.825-05:00 DEBUG 28216 --- [doctorya] [           main] o.s.s.o.s.r.a.JwtAuthenticationProvider  : Authenticated token
2025-06-24T10:24:57.826-05:00 DEBUG 28216 --- [doctorya] [           main] .s.r.w.a.BearerTokenAuthenticationFilter : Set SecurityContextHolder to JwtAuthenticationToken [Principal=org.springframework.security.oauth2.jwt.Jwt@14d56dec, Credentials=[PROTECTED], Authenticated=true, Details=WebAuthenticationDetails [RemoteIpAddress=127.0.0.1, SessionId=null], Granted Authorities=[ROLE_ADMIN]]
2025-06-24T10:24:57.826-05:00 DEBUG 28216 --- [doctorya] [           main] o.s.security.web.FilterChainProxy        : Secured PUT /appointment/f0b42666-a105-407c-b55f-0d0c125879a6
Hibernate: select a1_0.id,a1_0.duration,a1_0.end_date,a1_0.patient_id,p1_0.id,a2_0.id,a2_0.identification,a2_0.password,a2_0.role,p1_0.insurance,p1_0.name,a1_0.physician_id,p2_0.id,a3_0.id,a3_0.identification,a3_0.password,a3_0.role,p2_0.code,p2_0.name,p2_0.speciality,a1_0.reason,a1_0.start_date from appointment a1_0 join patient p1_0 on p1_0.id=a1_0.patient_id left join auth a2_0 on a2_0.id=p1_0.auth_id join physician p2_0 on p2_0.id=a1_0.physician_id left join auth a3_0 on a3_0.id=p2_0.auth_id where a1_0.id=?
Hibernate: select a1_0.id,a1_0.duration,a1_0.end_date,a1_0.patient_id,a1_0.physician_id,a1_0.reason,a1_0.start_date from appointment a1_0
Hibernate: select p1_0.id,a1_0.id,a1_0.identification,a1_0.password,a1_0.role,p1_0.insurance,p1_0.name from patient p1_0 left join auth a1_0 on a1_0.id=p1_0.auth_id where p1_0.id=?
Hibernate: select p1_0.id,a1_0.id,a1_0.identification,a1_0.password,a1_0.role,p1_0.code,p1_0.name,p1_0.speciality from physician p1_0 left join auth a1_0 on a1_0.id=p1_0.auth_id where p1_0.id=?
Hibernate: delete from appointment where id=?
Hibernate: select p1_0.id,p1_0.auth_id,p1_0.insurance,p1_0.name from patient p1_0
Hibernate: select a1_0.id,a1_0.identification,a1_0.password,a1_0.role from auth a1_0 where a1_0.id=?
Hibernate: delete from patient where id=?
Hibernate: delete from auth where id=?
Hibernate: select p1_0.id,p1_0.auth_id,p1_0.code,p1_0.name,p1_0.speciality from physician p1_0
Hibernate: select a1_0.id,a1_0.identification,a1_0.password,a1_0.role from auth a1_0 where a1_0.id=?
Hibernate: delete from physician where id=?
Hibernate: delete from auth where id=?
Hibernate: select a1_0.id,a1_0.identification,a1_0.password,a1_0.role from auth a1_0
Hibernate: delete from auth where id=?

MockHttpServletRequest:
      HTTP Method = POST
      Request URI = /auth/register
       Parameters = {}
          Headers = [Content-Type:"application/json;charset=UTF-8", Content-Length:"50"]
             Body = {"identification":"1053847601","password":"12345"}
    Session Attrs = {}

Handler:
             Type = com.project.doctorya.auth.rest.controller.AuthController
           Method = com.project.doctorya.auth.rest.controller.AuthController#register(AuthDTO)

Async:
    Async started = false
     Async result = null

Resolved Exception:
             Type = null

ModelAndView:
        View name = null
             View = null
            Model = null

FlashMap:
       Attributes = null

MockHttpServletResponse:
           Status = 200
    Error message = null
          Headers = [Content-Type:"application/json", X-Content-Type-Options:"nosniff", X-XSS-Protection:"0", Cache-Control:"no-cache, no-store, max-age=0, must-revalidate", Pragma:"no-cache", Expires:"0", X-Frame-Options:"DENY"]
     Content type = application/json
             Body = {"identification":"1053847601"}
    Forwarded URL = null
   Redirected URL = null
          Cookies = []

MockHttpServletRequest:
      HTTP Method = POST
      Request URI = /auth/login
       Parameters = {}
          Headers = [Content-Type:"application/json;charset=UTF-8", Content-Length:"50"]
             Body = {"identification":"1053847601","password":"12345"}
    Session Attrs = {}

Handler:
             Type = com.project.doctorya.auth.rest.controller.AuthController
           Method = com.project.doctorya.auth.rest.controller.AuthController#login(AuthDTO)

Async:
    Async started = false
     Async result = null

Resolved Exception:
             Type = null

ModelAndView:
        View name = null
             View = null
            Model = null

FlashMap:
       Attributes = null

MockHttpServletResponse:
           Status = 200
    Error message = null
          Headers = [Content-Type:"application/json", X-Content-Type-Options:"nosniff", X-XSS-Protection:"0", Cache-Control:"no-cache, no-store, max-age=0, must-revalidate", Pragma:"no-cache", Expires:"0", X-Frame-Options:"DENY"]
     Content type = application/json
             Body = {"token":"eyJhbGciOiJIUzI1NiJ9.eyJzdWIiOiIxMDUzODQ3NjAxIiwicm9sZXMiOlsiQURNSU4iXSwiaWF0IjoxNzUwNzc4Njk3LCJleHAiOjE3NTA3ODU4OTd9.E4v4bHd61Dx5gUWbTf5FEx7ga3iaCq6G7jLHZS9tf7Q"}
    Forwarded URL = null
   Redirected URL = null
          Cookies = []
]]></system-out>
  </testcase>
  <testcase name="testPhysicianNotFoundCreateAppointment" classname="com.project.doctorya.AppointmentIntegrationTest" time="0.159">
    <system-out><![CDATA[2025-06-24T10:24:57.857-05:00 DEBUG 28216 --- [doctorya] [           main] o.s.security.web.FilterChainProxy        : Securing POST /auth/register
2025-06-24T10:24:57.857-05:00 DEBUG 28216 --- [doctorya] [           main] o.s.s.w.a.AnonymousAuthenticationFilter  : Set SecurityContextHolder to anonymous SecurityContext
2025-06-24T10:24:57.857-05:00 DEBUG 28216 --- [doctorya] [           main] o.s.security.web.FilterChainProxy        : Secured POST /auth/register
Hibernate: select a1_0.id,a1_0.identification,a1_0.password,a1_0.role from auth a1_0 where a1_0.identification=?
Hibernate: insert into auth (identification,password,role,id) values (?,?,?,?)
2025-06-24T10:24:57.923-05:00 DEBUG 28216 --- [doctorya] [           main] o.s.security.web.FilterChainProxy        : Securing POST /auth/login
2025-06-24T10:24:57.923-05:00 DEBUG 28216 --- [doctorya] [           main] o.s.s.w.a.AnonymousAuthenticationFilter  : Set SecurityContextHolder to anonymous SecurityContext
2025-06-24T10:24:57.923-05:00 DEBUG 28216 --- [doctorya] [           main] o.s.security.web.FilterChainProxy        : Secured POST /auth/login
Hibernate: select a1_0.id,a1_0.identification,a1_0.password,a1_0.role from auth a1_0 where a1_0.identification=?
Hibernate: insert into auth (identification,password,role,id) values (?,?,?,?)
Hibernate: insert into patient (auth_id,insurance,name,id) values (?,?,?,?)
Hibernate: insert into auth (identification,password,role,id) values (?,?,?,?)
Hibernate: insert into physician (auth_id,code,name,speciality,id) values (?,?,?,?,?)
2025-06-24T10:24:57.989-05:00 DEBUG 28216 --- [doctorya] [           main] o.s.security.web.FilterChainProxy        : Securing POST /appointment
2025-06-24T10:24:57.990-05:00 DEBUG 28216 --- [doctorya] [           main] o.s.s.o.s.r.a.JwtAuthenticationProvider  : Authenticated token
2025-06-24T10:24:57.990-05:00 DEBUG 28216 --- [doctorya] [           main] .s.r.w.a.BearerTokenAuthenticationFilter : Set SecurityContextHolder to JwtAuthenticationToken [Principal=org.springframework.security.oauth2.jwt.Jwt@14d56dec, Credentials=[PROTECTED], Authenticated=true, Details=WebAuthenticationDetails [RemoteIpAddress=127.0.0.1, SessionId=null], Granted Authorities=[ROLE_ADMIN]]
2025-06-24T10:24:57.990-05:00 DEBUG 28216 --- [doctorya] [           main] o.s.security.web.FilterChainProxy        : Secured POST /appointment
2025-06-24T10:24:57.991-05:00 DEBUG 28216 --- [doctorya] [           main] horizationManagerBeforeMethodInterceptor : Authorizing method invocation ReflectiveMethodInvocation: public org.springframework.http.ResponseEntity com.project.doctorya.appointment.rest.controller.AppointmentController.create(com.project.doctorya.appointment.rest.dto.AppointmentDTO); target is of class [com.project.doctorya.appointment.rest.controller.AppointmentController]
2025-06-24T10:24:57.991-05:00 DEBUG 28216 --- [doctorya] [           main] horizationManagerBeforeMethodInterceptor : Authorized method invocation ReflectiveMethodInvocation: public org.springframework.http.ResponseEntity com.project.doctorya.appointment.rest.controller.AppointmentController.create(com.project.doctorya.appointment.rest.dto.AppointmentDTO); target is of class [com.project.doctorya.appointment.rest.controller.AppointmentController]
Hibernate: select p1_0.id,p1_0.auth_id,p1_0.insurance,p1_0.name from patient p1_0 left join auth a1_0 on a1_0.id=p1_0.auth_id where a1_0.identification=?
Hibernate: select a1_0.id,a1_0.identification,a1_0.password,a1_0.role from auth a1_0 where a1_0.id=?
Hibernate: select p1_0.id,p1_0.auth_id,p1_0.code,p1_0.name,p1_0.speciality from physician p1_0 left join auth a1_0 on a1_0.id=p1_0.auth_id where a1_0.identification=?
Hibernate: select a1_0.id,a1_0.duration,a1_0.end_date,a1_0.patient_id,a1_0.physician_id,a1_0.reason,a1_0.start_date from appointment a1_0
Hibernate: select p1_0.id,p1_0.auth_id,p1_0.insurance,p1_0.name from patient p1_0
Hibernate: select a1_0.id,a1_0.identification,a1_0.password,a1_0.role from auth a1_0 where a1_0.id=?
Hibernate: delete from patient where id=?
Hibernate: delete from auth where id=?
Hibernate: select p1_0.id,p1_0.auth_id,p1_0.code,p1_0.name,p1_0.speciality from physician p1_0
Hibernate: select a1_0.id,a1_0.identification,a1_0.password,a1_0.role from auth a1_0 where a1_0.id=?
Hibernate: delete from physician where id=?
Hibernate: delete from auth where id=?
Hibernate: select a1_0.id,a1_0.identification,a1_0.password,a1_0.role from auth a1_0
Hibernate: delete from auth where id=?
]]></system-out>
  </testcase>
</testsuite>