<?xml version="1.0" encoding="UTF-8"?>
<testsuite xmlns:xsi="http://www.w3.org/2001/XMLSchema-instance" xsi:noNamespaceSchemaLocation="https://maven.apache.org/surefire/maven-surefire-plugin/xsd/surefire-test-report.xsd" version="3.0.2" name="com.project.doctorya.PhysicianTest.PhysicianIntegrationTest" time="1.706" tests="8" errors="0" skipped="0" failures="0">
  <properties>
[...]
</properties>
  <testcase name="testGetByIdentificationPhysician" classname="com.project.doctorya.PhysicianTest.PhysicianIntegrationTest" time="0.195">
    <system-out><![CDATA[2025-05-27T11:47:03.058-05:00  INFO 31576 --- [doctorya] [           main] t.c.s.AnnotationConfigContextLoaderUtils : Could not detect default configuration classes for test class [com.project.doctorya.PhysicianTest.PhysicianIntegrationTest]: PhysicianIntegrationTest does not declare any static, non-private, non-final, nested classes annotated with @Configuration.
2025-05-27T11:47:03.088-05:00  INFO 31576 --- [doctorya] [           main] .b.t.c.SpringBootTestContextBootstrapper : Found @SpringBootConfiguration com.project.doctorya.DoctoryaApplication for test class com.project.doctorya.PhysicianTest.PhysicianIntegrationTest
2025-05-27T11:47:03.092-05:00 DEBUG 31576 --- [doctorya] [           main] o.s.security.web.FilterChainProxy        : Securing POST /auth/register
2025-05-27T11:47:03.092-05:00 DEBUG 31576 --- [doctorya] [           main] o.s.s.w.a.AnonymousAuthenticationFilter  : Set SecurityContextHolder to anonymous SecurityContext
2025-05-27T11:47:03.092-05:00 DEBUG 31576 --- [doctorya] [           main] o.s.security.web.FilterChainProxy        : Secured POST /auth/register
Hibernate: select a1_0.id,a1_0.identification,a1_0.password,a1_0.rol from auth a1_0 where a1_0.identification=?
Hibernate: insert into auth (identification,password,rol,id) values (?,?,?,?)
2025-05-27T11:47:03.175-05:00 DEBUG 31576 --- [doctorya] [           main] o.s.security.web.FilterChainProxy        : Securing POST /auth/login
2025-05-27T11:47:03.175-05:00 DEBUG 31576 --- [doctorya] [           main] o.s.s.w.a.AnonymousAuthenticationFilter  : Set SecurityContextHolder to anonymous SecurityContext
2025-05-27T11:47:03.175-05:00 DEBUG 31576 --- [doctorya] [           main] o.s.security.web.FilterChainProxy        : Secured POST /auth/login
1053847601
Hibernate: select a1_0.id,a1_0.identification,a1_0.password,a1_0.rol from auth a1_0 where a1_0.identification=?
Hibernate: insert into auth (identification,password,rol,id) values (?,?,?,?)
Hibernate: insert into physician (auth_id,code,name,speciality,id) values (?,?,?,?,?)
2025-05-27T11:47:03.258-05:00 DEBUG 31576 --- [doctorya] [           main] o.s.security.web.FilterChainProxy        : Securing GET /physician/identification/1053847620
2025-05-27T11:47:03.259-05:00 DEBUG 31576 --- [doctorya] [           main] o.s.s.o.s.r.a.JwtAuthenticationProvider  : Authenticated token
2025-05-27T11:47:03.259-05:00 DEBUG 31576 --- [doctorya] [           main] .s.r.w.a.BearerTokenAuthenticationFilter : Set SecurityContextHolder to JwtAuthenticationToken [Principal=org.springframework.security.oauth2.jwt.Jwt@cb2561a8, Credentials=[PROTECTED], Authenticated=true, Details=WebAuthenticationDetails [RemoteIpAddress=127.0.0.1, SessionId=null], Granted Authorities=[ROLE_ADMIN]]
2025-05-27T11:47:03.259-05:00 DEBUG 31576 --- [doctorya] [           main] o.s.security.web.FilterChainProxy        : Secured GET /physician/identification/1053847620
Hibernate: select p1_0.id,p1_0.auth_id,p1_0.code,p1_0.name,p1_0.speciality from physician p1_0 left join auth a1_0 on a1_0.id=p1_0.auth_id where a1_0.identification=?
Hibernate: select a1_0.id,a1_0.identification,a1_0.password,a1_0.rol from auth a1_0 where a1_0.id=?
Hibernate: select p1_0.id,p1_0.auth_id,p1_0.code,p1_0.name,p1_0.speciality from physician p1_0
Hibernate: select a1_0.id,a1_0.identification,a1_0.password,a1_0.rol from auth a1_0 where a1_0.id=?
Hibernate: delete from physician where id=?
Hibernate: delete from auth where id=?
Hibernate: select a1_0.id,a1_0.identification,a1_0.password,a1_0.rol from auth a1_0
Hibernate: delete from auth where id=?
]]></system-out>
  </testcase>
  <testcase name="testGetByIdPhysician" classname="com.project.doctorya.PhysicianTest.PhysicianIntegrationTest" time="0.209">
    <system-out><![CDATA[2025-05-27T11:47:03.288-05:00 DEBUG 31576 --- [doctorya] [           main] o.s.security.web.FilterChainProxy        : Securing POST /auth/register
2025-05-27T11:47:03.289-05:00 DEBUG 31576 --- [doctorya] [           main] o.s.s.w.a.AnonymousAuthenticationFilter  : Set SecurityContextHolder to anonymous SecurityContext
2025-05-27T11:47:03.289-05:00 DEBUG 31576 --- [doctorya] [           main] o.s.security.web.FilterChainProxy        : Secured POST /auth/register
Hibernate: select a1_0.id,a1_0.identification,a1_0.password,a1_0.rol from auth a1_0 where a1_0.identification=?
Hibernate: insert into auth (identification,password,rol,id) values (?,?,?,?)
2025-05-27T11:47:03.384-05:00 DEBUG 31576 --- [doctorya] [           main] o.s.security.web.FilterChainProxy        : Securing POST /auth/login
2025-05-27T11:47:03.385-05:00 DEBUG 31576 --- [doctorya] [           main] o.s.s.w.a.AnonymousAuthenticationFilter  : Set SecurityContextHolder to anonymous SecurityContext
2025-05-27T11:47:03.385-05:00 DEBUG 31576 --- [doctorya] [           main] o.s.security.web.FilterChainProxy        : Secured POST /auth/login
1053847601
Hibernate: select a1_0.id,a1_0.identification,a1_0.password,a1_0.rol from auth a1_0 where a1_0.identification=?
Hibernate: insert into auth (identification,password,rol,id) values (?,?,?,?)
Hibernate: insert into physician (auth_id,code,name,speciality,id) values (?,?,?,?,?)
2025-05-27T11:47:03.476-05:00 DEBUG 31576 --- [doctorya] [           main] o.s.security.web.FilterChainProxy        : Securing GET /physician/be612b00-3dd8-4e58-b057-3131fd119fac
2025-05-27T11:47:03.476-05:00 DEBUG 31576 --- [doctorya] [           main] o.s.s.o.s.r.a.JwtAuthenticationProvider  : Authenticated token
2025-05-27T11:47:03.476-05:00 DEBUG 31576 --- [doctorya] [           main] .s.r.w.a.BearerTokenAuthenticationFilter : Set SecurityContextHolder to JwtAuthenticationToken [Principal=org.springframework.security.oauth2.jwt.Jwt@cb2561a8, Credentials=[PROTECTED], Authenticated=true, Details=WebAuthenticationDetails [RemoteIpAddress=127.0.0.1, SessionId=null], Granted Authorities=[ROLE_ADMIN]]
2025-05-27T11:47:03.476-05:00 DEBUG 31576 --- [doctorya] [           main] o.s.security.web.FilterChainProxy        : Secured GET /physician/be612b00-3dd8-4e58-b057-3131fd119fac
2025-05-27T11:47:03.477-05:00 DEBUG 31576 --- [doctorya] [           main] horizationManagerBeforeMethodInterceptor : Authorizing method invocation ReflectiveMethodInvocation: public org.springframework.http.ResponseEntity com.project.doctorya.physician.controller.PhysicianController.getById(java.util.UUID); target is of class [com.project.doctorya.physician.controller.PhysicianController]
2025-05-27T11:47:03.477-05:00 DEBUG 31576 --- [doctorya] [           main] horizationManagerBeforeMethodInterceptor : Authorized method invocation ReflectiveMethodInvocation: public org.springframework.http.ResponseEntity com.project.doctorya.physician.controller.PhysicianController.getById(java.util.UUID); target is of class [com.project.doctorya.physician.controller.PhysicianController]
Hibernate: select p1_0.id,a1_0.id,a1_0.identification,a1_0.password,a1_0.rol,p1_0.code,p1_0.name,p1_0.speciality from physician p1_0 left join auth a1_0 on a1_0.id=p1_0.auth_id where p1_0.id=?
Hibernate: select p1_0.id,p1_0.auth_id,p1_0.code,p1_0.name,p1_0.speciality from physician p1_0
Hibernate: select a1_0.id,a1_0.identification,a1_0.password,a1_0.rol from auth a1_0 where a1_0.id=?
Hibernate: delete from physician where id=?
Hibernate: delete from auth where id=?
Hibernate: select a1_0.id,a1_0.identification,a1_0.password,a1_0.rol from auth a1_0
Hibernate: delete from auth where id=?
]]></system-out>
  </testcase>
  <testcase name="testDeletePhysician" classname="com.project.doctorya.PhysicianTest.PhysicianIntegrationTest" time="0.208">
    <system-out><![CDATA[2025-05-27T11:47:03.498-05:00 DEBUG 31576 --- [doctorya] [           main] o.s.security.web.FilterChainProxy        : Securing POST /auth/register
2025-05-27T11:47:03.499-05:00 DEBUG 31576 --- [doctorya] [           main] o.s.s.w.a.AnonymousAuthenticationFilter  : Set SecurityContextHolder to anonymous SecurityContext
2025-05-27T11:47:03.499-05:00 DEBUG 31576 --- [doctorya] [           main] o.s.security.web.FilterChainProxy        : Secured POST /auth/register
Hibernate: select a1_0.id,a1_0.identification,a1_0.password,a1_0.rol from auth a1_0 where a1_0.identification=?
Hibernate: insert into auth (identification,password,rol,id) values (?,?,?,?)
2025-05-27T11:47:03.587-05:00 DEBUG 31576 --- [doctorya] [           main] o.s.security.web.FilterChainProxy        : Securing POST /auth/login
2025-05-27T11:47:03.587-05:00 DEBUG 31576 --- [doctorya] [           main] o.s.s.w.a.AnonymousAuthenticationFilter  : Set SecurityContextHolder to anonymous SecurityContext
2025-05-27T11:47:03.587-05:00 DEBUG 31576 --- [doctorya] [           main] o.s.security.web.FilterChainProxy        : Secured POST /auth/login
1053847601
Hibernate: select a1_0.id,a1_0.identification,a1_0.password,a1_0.rol from auth a1_0 where a1_0.identification=?
Hibernate: insert into auth (identification,password,rol,id) values (?,?,?,?)
Hibernate: insert into physician (auth_id,code,name,speciality,id) values (?,?,?,?,?)
2025-05-27T11:47:03.681-05:00 DEBUG 31576 --- [doctorya] [           main] o.s.security.web.FilterChainProxy        : Securing DELETE /physician/b62cb5ee-59fe-46f4-a68e-acc61fbeedc1
2025-05-27T11:47:03.682-05:00 DEBUG 31576 --- [doctorya] [           main] o.s.s.o.s.r.a.JwtAuthenticationProvider  : Authenticated token
2025-05-27T11:47:03.682-05:00 DEBUG 31576 --- [doctorya] [           main] .s.r.w.a.BearerTokenAuthenticationFilter : Set SecurityContextHolder to JwtAuthenticationToken [Principal=org.springframework.security.oauth2.jwt.Jwt@cb2561a8, Credentials=[PROTECTED], Authenticated=true, Details=WebAuthenticationDetails [RemoteIpAddress=127.0.0.1, SessionId=null], Granted Authorities=[ROLE_ADMIN]]
2025-05-27T11:47:03.682-05:00 DEBUG 31576 --- [doctorya] [           main] o.s.security.web.FilterChainProxy        : Secured DELETE /physician/b62cb5ee-59fe-46f4-a68e-acc61fbeedc1
2025-05-27T11:47:03.683-05:00 DEBUG 31576 --- [doctorya] [           main] horizationManagerBeforeMethodInterceptor : Authorizing method invocation ReflectiveMethodInvocation: public void com.project.doctorya.physician.controller.PhysicianController.delete(java.util.UUID); target is of class [com.project.doctorya.physician.controller.PhysicianController]
2025-05-27T11:47:03.684-05:00 DEBUG 31576 --- [doctorya] [           main] horizationManagerBeforeMethodInterceptor : Authorized method invocation ReflectiveMethodInvocation: public void com.project.doctorya.physician.controller.PhysicianController.delete(java.util.UUID); target is of class [com.project.doctorya.physician.controller.PhysicianController]
Hibernate: select p1_0.id,a1_0.id,a1_0.identification,a1_0.password,a1_0.rol,p1_0.code,p1_0.name,p1_0.speciality from physician p1_0 left join auth a1_0 on a1_0.id=p1_0.auth_id where p1_0.id=?
Hibernate: delete from physician where id=?
Hibernate: delete from auth where id=?
Hibernate: select p1_0.id,a1_0.id,a1_0.identification,a1_0.password,a1_0.rol,p1_0.code,p1_0.name,p1_0.speciality from physician p1_0 left join auth a1_0 on a1_0.id=p1_0.auth_id where p1_0.id=?
Hibernate: select p1_0.id,p1_0.auth_id,p1_0.code,p1_0.name,p1_0.speciality from physician p1_0
Hibernate: select a1_0.id,a1_0.identification,a1_0.password,a1_0.rol from auth a1_0
Hibernate: delete from auth where id=?
]]></system-out>
  </testcase>
  <testcase name="testGetByIdentificationNotFoundPhysician" classname="com.project.doctorya.PhysicianTest.PhysicianIntegrationTest" time="0.195">
    <system-out><![CDATA[2025-05-27T11:47:03.710-05:00 DEBUG 31576 --- [doctorya] [           main] o.s.security.web.FilterChainProxy        : Securing POST /auth/register
2025-05-27T11:47:03.710-05:00 DEBUG 31576 --- [doctorya] [           main] o.s.s.w.a.AnonymousAuthenticationFilter  : Set SecurityContextHolder to anonymous SecurityContext
2025-05-27T11:47:03.710-05:00 DEBUG 31576 --- [doctorya] [           main] o.s.security.web.FilterChainProxy        : Secured POST /auth/register
Hibernate: select a1_0.id,a1_0.identification,a1_0.password,a1_0.rol from auth a1_0 where a1_0.identification=?
Hibernate: insert into auth (identification,password,rol,id) values (?,?,?,?)
2025-05-27T11:47:03.808-05:00 DEBUG 31576 --- [doctorya] [           main] o.s.security.web.FilterChainProxy        : Securing POST /auth/login
2025-05-27T11:47:03.808-05:00 DEBUG 31576 --- [doctorya] [           main] o.s.s.w.a.AnonymousAuthenticationFilter  : Set SecurityContextHolder to anonymous SecurityContext
2025-05-27T11:47:03.808-05:00 DEBUG 31576 --- [doctorya] [           main] o.s.security.web.FilterChainProxy        : Secured POST /auth/login
1053847601
Hibernate: select a1_0.id,a1_0.identification,a1_0.password,a1_0.rol from auth a1_0 where a1_0.identification=?
2025-05-27T11:47:03.888-05:00 DEBUG 31576 --- [doctorya] [           main] o.s.security.web.FilterChainProxy        : Securing GET /physician/identification/1053847600
2025-05-27T11:47:03.889-05:00 DEBUG 31576 --- [doctorya] [           main] o.s.s.o.s.r.a.JwtAuthenticationProvider  : Authenticated token
2025-05-27T11:47:03.889-05:00 DEBUG 31576 --- [doctorya] [           main] .s.r.w.a.BearerTokenAuthenticationFilter : Set SecurityContextHolder to JwtAuthenticationToken [Principal=org.springframework.security.oauth2.jwt.Jwt@cb2561a8, Credentials=[PROTECTED], Authenticated=true, Details=WebAuthenticationDetails [RemoteIpAddress=127.0.0.1, SessionId=null], Granted Authorities=[ROLE_ADMIN]]
2025-05-27T11:47:03.889-05:00 DEBUG 31576 --- [doctorya] [           main] o.s.security.web.FilterChainProxy        : Secured GET /physician/identification/1053847600
Hibernate: select p1_0.id,p1_0.auth_id,p1_0.code,p1_0.name,p1_0.speciality from physician p1_0 left join auth a1_0 on a1_0.id=p1_0.auth_id where a1_0.identification=?
Hibernate: select p1_0.id,p1_0.auth_id,p1_0.code,p1_0.name,p1_0.speciality from physician p1_0
Hibernate: select a1_0.id,a1_0.identification,a1_0.password,a1_0.rol from auth a1_0
Hibernate: delete from auth where id=?
]]></system-out>
  </testcase>
  <testcase name="testGetPhysician" classname="com.project.doctorya.PhysicianTest.PhysicianIntegrationTest" time="0.183">
    <system-out><![CDATA[2025-05-27T11:47:03.906-05:00 DEBUG 31576 --- [doctorya] [           main] o.s.security.web.FilterChainProxy        : Securing POST /auth/register
2025-05-27T11:47:03.906-05:00 DEBUG 31576 --- [doctorya] [           main] o.s.s.w.a.AnonymousAuthenticationFilter  : Set SecurityContextHolder to anonymous SecurityContext
2025-05-27T11:47:03.906-05:00 DEBUG 31576 --- [doctorya] [           main] o.s.security.web.FilterChainProxy        : Secured POST /auth/register
Hibernate: select a1_0.id,a1_0.identification,a1_0.password,a1_0.rol from auth a1_0 where a1_0.identification=?
Hibernate: insert into auth (identification,password,rol,id) values (?,?,?,?)
2025-05-27T11:47:03.987-05:00 DEBUG 31576 --- [doctorya] [           main] o.s.security.web.FilterChainProxy        : Securing POST /auth/login
2025-05-27T11:47:03.987-05:00 DEBUG 31576 --- [doctorya] [           main] o.s.s.w.a.AnonymousAuthenticationFilter  : Set SecurityContextHolder to anonymous SecurityContext
2025-05-27T11:47:03.987-05:00 DEBUG 31576 --- [doctorya] [           main] o.s.security.web.FilterChainProxy        : Secured POST /auth/login
1053847601
Hibernate: select a1_0.id,a1_0.identification,a1_0.password,a1_0.rol from auth a1_0 where a1_0.identification=?
Hibernate: insert into auth (identification,password,rol,id) values (?,?,?,?)
Hibernate: insert into physician (auth_id,code,name,speciality,id) values (?,?,?,?,?)
2025-05-27T11:47:04.067-05:00 DEBUG 31576 --- [doctorya] [           main] o.s.security.web.FilterChainProxy        : Securing GET /physician
2025-05-27T11:47:04.068-05:00 DEBUG 31576 --- [doctorya] [           main] o.s.s.o.s.r.a.JwtAuthenticationProvider  : Authenticated token
2025-05-27T11:47:04.068-05:00 DEBUG 31576 --- [doctorya] [           main] .s.r.w.a.BearerTokenAuthenticationFilter : Set SecurityContextHolder to JwtAuthenticationToken [Principal=org.springframework.security.oauth2.jwt.Jwt@69894273, Credentials=[PROTECTED], Authenticated=true, Details=WebAuthenticationDetails [RemoteIpAddress=127.0.0.1, SessionId=null], Granted Authorities=[ROLE_ADMIN]]
2025-05-27T11:47:04.068-05:00 DEBUG 31576 --- [doctorya] [           main] o.s.security.web.FilterChainProxy        : Secured GET /physician
Hibernate: select p1_0.id,p1_0.auth_id,p1_0.code,p1_0.name,p1_0.speciality from physician p1_0
Hibernate: select a1_0.id,a1_0.identification,a1_0.password,a1_0.rol from auth a1_0 where a1_0.id=?
Hibernate: select p1_0.id,p1_0.auth_id,p1_0.code,p1_0.name,p1_0.speciality from physician p1_0
Hibernate: select a1_0.id,a1_0.identification,a1_0.password,a1_0.rol from auth a1_0 where a1_0.id=?
Hibernate: delete from physician where id=?
Hibernate: delete from auth where id=?
Hibernate: select a1_0.id,a1_0.identification,a1_0.password,a1_0.rol from auth a1_0
Hibernate: delete from auth where id=?
]]></system-out>
  </testcase>
  <testcase name="testUpdatePhysician" classname="com.project.doctorya.PhysicianTest.PhysicianIntegrationTest" time="0.204">
    <system-out><![CDATA[2025-05-27T11:47:04.089-05:00 DEBUG 31576 --- [doctorya] [           main] o.s.security.web.FilterChainProxy        : Securing POST /auth/register
2025-05-27T11:47:04.089-05:00 DEBUG 31576 --- [doctorya] [           main] o.s.s.w.a.AnonymousAuthenticationFilter  : Set SecurityContextHolder to anonymous SecurityContext
2025-05-27T11:47:04.089-05:00 DEBUG 31576 --- [doctorya] [           main] o.s.security.web.FilterChainProxy        : Secured POST /auth/register
Hibernate: select a1_0.id,a1_0.identification,a1_0.password,a1_0.rol from auth a1_0 where a1_0.identification=?
Hibernate: insert into auth (identification,password,rol,id) values (?,?,?,?)
2025-05-27T11:47:04.173-05:00 DEBUG 31576 --- [doctorya] [           main] o.s.security.web.FilterChainProxy        : Securing POST /auth/login
2025-05-27T11:47:04.173-05:00 DEBUG 31576 --- [doctorya] [           main] o.s.s.w.a.AnonymousAuthenticationFilter  : Set SecurityContextHolder to anonymous SecurityContext
2025-05-27T11:47:04.173-05:00 DEBUG 31576 --- [doctorya] [           main] o.s.security.web.FilterChainProxy        : Secured POST /auth/login
1053847601
Hibernate: select a1_0.id,a1_0.identification,a1_0.password,a1_0.rol from auth a1_0 where a1_0.identification=?
Hibernate: insert into auth (identification,password,rol,id) values (?,?,?,?)
Hibernate: insert into physician (auth_id,code,name,speciality,id) values (?,?,?,?,?)
2025-05-27T11:47:04.261-05:00 DEBUG 31576 --- [doctorya] [           main] o.s.security.web.FilterChainProxy        : Securing PUT /physician/7fb6e5fa-9715-49ee-a85b-f3485931effb
2025-05-27T11:47:04.261-05:00 DEBUG 31576 --- [doctorya] [           main] o.s.s.o.s.r.a.JwtAuthenticationProvider  : Authenticated token
2025-05-27T11:47:04.261-05:00 DEBUG 31576 --- [doctorya] [           main] .s.r.w.a.BearerTokenAuthenticationFilter : Set SecurityContextHolder to JwtAuthenticationToken [Principal=org.springframework.security.oauth2.jwt.Jwt@69894273, Credentials=[PROTECTED], Authenticated=true, Details=WebAuthenticationDetails [RemoteIpAddress=127.0.0.1, SessionId=null], Granted Authorities=[ROLE_ADMIN]]
2025-05-27T11:47:04.261-05:00 DEBUG 31576 --- [doctorya] [           main] o.s.security.web.FilterChainProxy        : Secured PUT /physician/7fb6e5fa-9715-49ee-a85b-f3485931effb
Hibernate: select p1_0.id,a1_0.id,a1_0.identification,a1_0.password,a1_0.rol,p1_0.code,p1_0.name,p1_0.speciality from physician p1_0 left join auth a1_0 on a1_0.id=p1_0.auth_id where p1_0.id=?
Hibernate: update physician set auth_id=?,code=?,name=?,speciality=? where id=?
Hibernate: select p1_0.id,p1_0.auth_id,p1_0.code,p1_0.name,p1_0.speciality from physician p1_0
Hibernate: select a1_0.id,a1_0.identification,a1_0.password,a1_0.rol from auth a1_0 where a1_0.id=?
Hibernate: delete from physician where id=?
Hibernate: delete from auth where id=?
Hibernate: select a1_0.id,a1_0.identification,a1_0.password,a1_0.rol from auth a1_0
Hibernate: delete from auth where id=?
]]></system-out>
  </testcase>
  <testcase name="testGetByIdNotFoundPhysician" classname="com.project.doctorya.PhysicianTest.PhysicianIntegrationTest" time="0.197">
    <system-out><![CDATA[2025-05-27T11:47:04.293-05:00 DEBUG 31576 --- [doctorya] [           main] o.s.security.web.FilterChainProxy        : Securing POST /auth/register
2025-05-27T11:47:04.294-05:00 DEBUG 31576 --- [doctorya] [           main] o.s.s.w.a.AnonymousAuthenticationFilter  : Set SecurityContextHolder to anonymous SecurityContext
2025-05-27T11:47:04.294-05:00 DEBUG 31576 --- [doctorya] [           main] o.s.security.web.FilterChainProxy        : Secured POST /auth/register
Hibernate: select a1_0.id,a1_0.identification,a1_0.password,a1_0.rol from auth a1_0 where a1_0.identification=?
Hibernate: insert into auth (identification,password,rol,id) values (?,?,?,?)
2025-05-27T11:47:04.385-05:00 DEBUG 31576 --- [doctorya] [           main] o.s.security.web.FilterChainProxy        : Securing POST /auth/login
2025-05-27T11:47:04.385-05:00 DEBUG 31576 --- [doctorya] [           main] o.s.s.w.a.AnonymousAuthenticationFilter  : Set SecurityContextHolder to anonymous SecurityContext
2025-05-27T11:47:04.385-05:00 DEBUG 31576 --- [doctorya] [           main] o.s.security.web.FilterChainProxy        : Secured POST /auth/login
1053847601
Hibernate: select a1_0.id,a1_0.identification,a1_0.password,a1_0.rol from auth a1_0 where a1_0.identification=?
2025-05-27T11:47:04.472-05:00 DEBUG 31576 --- [doctorya] [           main] o.s.security.web.FilterChainProxy        : Securing GET /physician/2ffe280f-2ab4-4947-9488-9818d283a9fb
2025-05-27T11:47:04.473-05:00 DEBUG 31576 --- [doctorya] [           main] o.s.s.o.s.r.a.JwtAuthenticationProvider  : Authenticated token
2025-05-27T11:47:04.473-05:00 DEBUG 31576 --- [doctorya] [           main] .s.r.w.a.BearerTokenAuthenticationFilter : Set SecurityContextHolder to JwtAuthenticationToken [Principal=org.springframework.security.oauth2.jwt.Jwt@69894273, Credentials=[PROTECTED], Authenticated=true, Details=WebAuthenticationDetails [RemoteIpAddress=127.0.0.1, SessionId=null], Granted Authorities=[ROLE_ADMIN]]
2025-05-27T11:47:04.473-05:00 DEBUG 31576 --- [doctorya] [           main] o.s.security.web.FilterChainProxy        : Secured GET /physician/2ffe280f-2ab4-4947-9488-9818d283a9fb
2025-05-27T11:47:04.474-05:00 DEBUG 31576 --- [doctorya] [           main] horizationManagerBeforeMethodInterceptor : Authorizing method invocation ReflectiveMethodInvocation: public org.springframework.http.ResponseEntity com.project.doctorya.physician.controller.PhysicianController.getById(java.util.UUID); target is of class [com.project.doctorya.physician.controller.PhysicianController]
2025-05-27T11:47:04.474-05:00 DEBUG 31576 --- [doctorya] [           main] horizationManagerBeforeMethodInterceptor : Authorized method invocation ReflectiveMethodInvocation: public org.springframework.http.ResponseEntity com.project.doctorya.physician.controller.PhysicianController.getById(java.util.UUID); target is of class [com.project.doctorya.physician.controller.PhysicianController]
Hibernate: select p1_0.id,a1_0.id,a1_0.identification,a1_0.password,a1_0.rol,p1_0.code,p1_0.name,p1_0.speciality from physician p1_0 left join auth a1_0 on a1_0.id=p1_0.auth_id where p1_0.id=?
Hibernate: select p1_0.id,p1_0.auth_id,p1_0.code,p1_0.name,p1_0.speciality from physician p1_0
Hibernate: select a1_0.id,a1_0.identification,a1_0.password,a1_0.rol from auth a1_0
Hibernate: delete from auth where id=?
]]></system-out>
  </testcase>
  <testcase name="testCreatePhysician" classname="com.project.doctorya.PhysicianTest.PhysicianIntegrationTest" time="0.273">
    <system-out><![CDATA[2025-05-27T11:47:04.491-05:00 DEBUG 31576 --- [doctorya] [           main] o.s.security.web.FilterChainProxy        : Securing POST /auth/register
2025-05-27T11:47:04.491-05:00 DEBUG 31576 --- [doctorya] [           main] o.s.s.w.a.AnonymousAuthenticationFilter  : Set SecurityContextHolder to anonymous SecurityContext
2025-05-27T11:47:04.491-05:00 DEBUG 31576 --- [doctorya] [           main] o.s.security.web.FilterChainProxy        : Secured POST /auth/register
Hibernate: select a1_0.id,a1_0.identification,a1_0.password,a1_0.rol from auth a1_0 where a1_0.identification=?
Hibernate: insert into auth (identification,password,rol,id) values (?,?,?,?)
2025-05-27T11:47:04.575-05:00 DEBUG 31576 --- [doctorya] [           main] o.s.security.web.FilterChainProxy        : Securing POST /auth/login
2025-05-27T11:47:04.575-05:00 DEBUG 31576 --- [doctorya] [           main] o.s.s.w.a.AnonymousAuthenticationFilter  : Set SecurityContextHolder to anonymous SecurityContext
2025-05-27T11:47:04.575-05:00 DEBUG 31576 --- [doctorya] [           main] o.s.security.web.FilterChainProxy        : Secured POST /auth/login
1053847601
Hibernate: select a1_0.id,a1_0.identification,a1_0.password,a1_0.rol from auth a1_0 where a1_0.identification=?
2025-05-27T11:47:04.665-05:00 DEBUG 31576 --- [doctorya] [           main] o.s.security.web.FilterChainProxy        : Securing POST /physician
2025-05-27T11:47:04.666-05:00 DEBUG 31576 --- [doctorya] [           main] o.s.s.o.s.r.a.JwtAuthenticationProvider  : Authenticated token
2025-05-27T11:47:04.666-05:00 DEBUG 31576 --- [doctorya] [           main] .s.r.w.a.BearerTokenAuthenticationFilter : Set SecurityContextHolder to JwtAuthenticationToken [Principal=org.springframework.security.oauth2.jwt.Jwt@69894273, Credentials=[PROTECTED], Authenticated=true, Details=WebAuthenticationDetails [RemoteIpAddress=127.0.0.1, SessionId=null], Granted Authorities=[ROLE_ADMIN]]
2025-05-27T11:47:04.666-05:00 DEBUG 31576 --- [doctorya] [           main] o.s.security.web.FilterChainProxy        : Secured POST /physician
2025-05-27T11:47:04.667-05:00 DEBUG 31576 --- [doctorya] [           main] horizationManagerBeforeMethodInterceptor : Authorizing method invocation ReflectiveMethodInvocation: public org.springframework.http.ResponseEntity com.project.doctorya.physician.controller.PhysicianController.create(com.project.doctorya.physician.dto.PhysicianDTO); target is of class [com.project.doctorya.physician.controller.PhysicianController]
2025-05-27T11:47:04.667-05:00 DEBUG 31576 --- [doctorya] [           main] horizationManagerBeforeMethodInterceptor : Authorized method invocation ReflectiveMethodInvocation: public org.springframework.http.ResponseEntity com.project.doctorya.physician.controller.PhysicianController.create(com.project.doctorya.physician.dto.PhysicianDTO); target is of class [com.project.doctorya.physician.controller.PhysicianController]
Hibernate: select a1_0.id,a1_0.identification,a1_0.password,a1_0.rol from auth a1_0 where a1_0.identification=?
Hibernate: insert into auth (identification,password,rol,id) values (?,?,?,?)
Hibernate: insert into physician (auth_id,code,name,speciality,id) values (?,?,?,?,?)
Hibernate: select p1_0.id,p1_0.auth_id,p1_0.code,p1_0.name,p1_0.speciality from physician p1_0
Hibernate: select a1_0.id,a1_0.identification,a1_0.password,a1_0.rol from auth a1_0 where a1_0.id=?
Hibernate: delete from physician where id=?
Hibernate: delete from auth where id=?
Hibernate: select a1_0.id,a1_0.identification,a1_0.password,a1_0.rol from auth a1_0
Hibernate: delete from auth where id=?
]]></system-out>
  </testcase>
</testsuite>