<?xml version="1.0" encoding="UTF-8"?>
<testsuite xmlns:xsi="http://www.w3.org/2001/XMLSchema-instance" xsi:noNamespaceSchemaLocation="https://maven.apache.org/surefire/maven-surefire-plugin/xsd/surefire-test-report.xsd" version="3.0.2" name="com.project.doctorya.PatientTest.PatientIntegrationTest" time="2.034" tests="11" errors="0" skipped="0" failures="0">
  <properties>
[...]
</properties>
  <testcase name="testNotFoundDeletePatient" classname="com.project.doctorya.PatientTest.PatientIntegrationTest" time="0.184">
    <system-out><![CDATA[2025-05-27T15:41:29.410-05:00  INFO 7892 --- [doctorya] [           main] t.c.s.AnnotationConfigContextLoaderUtils : Could not detect default configuration classes for test class [com.project.doctorya.PatientTest.PatientIntegrationTest]: PatientIntegrationTest does not declare any static, non-private, non-final, nested classes annotated with @Configuration.
2025-05-27T15:41:29.440-05:00  INFO 7892 --- [doctorya] [           main] .b.t.c.SpringBootTestContextBootstrapper : Found @SpringBootConfiguration com.project.doctorya.DoctoryaApplication for test class com.project.doctorya.PatientTest.PatientIntegrationTest
2025-05-27T15:41:29.446-05:00 DEBUG 7892 --- [doctorya] [           main] o.s.security.web.FilterChainProxy        : Securing POST /auth/register
2025-05-27T15:41:29.446-05:00 DEBUG 7892 --- [doctorya] [           main] o.s.s.w.a.AnonymousAuthenticationFilter  : Set SecurityContextHolder to anonymous SecurityContext
2025-05-27T15:41:29.446-05:00 DEBUG 7892 --- [doctorya] [           main] o.s.security.web.FilterChainProxy        : Secured POST /auth/register
Hibernate: select a1_0.id,a1_0.identification,a1_0.password,a1_0.rol from auth a1_0 where a1_0.identification=?
Hibernate: insert into auth (identification,password,rol,id) values (?,?,?,?)
2025-05-27T15:41:29.526-05:00 DEBUG 7892 --- [doctorya] [           main] o.s.security.web.FilterChainProxy        : Securing POST /auth/login
2025-05-27T15:41:29.526-05:00 DEBUG 7892 --- [doctorya] [           main] o.s.s.w.a.AnonymousAuthenticationFilter  : Set SecurityContextHolder to anonymous SecurityContext
2025-05-27T15:41:29.526-05:00 DEBUG 7892 --- [doctorya] [           main] o.s.security.web.FilterChainProxy        : Secured POST /auth/login
1053847601
Hibernate: select a1_0.id,a1_0.identification,a1_0.password,a1_0.rol from auth a1_0 where a1_0.identification=?
Hibernate: insert into auth (identification,password,rol,id) values (?,?,?,?)
Hibernate: insert into patient (auth_id,insurance,name,id) values (?,?,?,?)
2025-05-27T15:41:29.602-05:00 DEBUG 7892 --- [doctorya] [           main] o.s.security.web.FilterChainProxy        : Securing DELETE /patient/9eda1cde-0a69-464a-9a84-d39f8a0a8cc5
2025-05-27T15:41:29.603-05:00 DEBUG 7892 --- [doctorya] [           main] o.s.s.o.s.r.a.JwtAuthenticationProvider  : Authenticated token
2025-05-27T15:41:29.603-05:00 DEBUG 7892 --- [doctorya] [           main] .s.r.w.a.BearerTokenAuthenticationFilter : Set SecurityContextHolder to JwtAuthenticationToken [Principal=org.springframework.security.oauth2.jwt.Jwt@2ac1980a, Credentials=[PROTECTED], Authenticated=true, Details=WebAuthenticationDetails [RemoteIpAddress=127.0.0.1, SessionId=null], Granted Authorities=[ROLE_ADMIN]]
2025-05-27T15:41:29.603-05:00 DEBUG 7892 --- [doctorya] [           main] o.s.security.web.FilterChainProxy        : Secured DELETE /patient/9eda1cde-0a69-464a-9a84-d39f8a0a8cc5
2025-05-27T15:41:29.604-05:00 DEBUG 7892 --- [doctorya] [           main] horizationManagerBeforeMethodInterceptor : Authorizing method invocation ReflectiveMethodInvocation: public void com.project.doctorya.patient.controller.PatientController.delete(java.util.UUID); target is of class [com.project.doctorya.patient.controller.PatientController]
2025-05-27T15:41:29.604-05:00 DEBUG 7892 --- [doctorya] [           main] horizationManagerBeforeMethodInterceptor : Authorized method invocation ReflectiveMethodInvocation: public void com.project.doctorya.patient.controller.PatientController.delete(java.util.UUID); target is of class [com.project.doctorya.patient.controller.PatientController]
Hibernate: select p1_0.id,a1_0.id,a1_0.identification,a1_0.password,a1_0.rol,p1_0.insurance,p1_0.name from patient p1_0 left join auth a1_0 on a1_0.id=p1_0.auth_id where p1_0.id=?
Hibernate: select p1_0.id,p1_0.auth_id,p1_0.insurance,p1_0.name from patient p1_0
Hibernate: select a1_0.id,a1_0.identification,a1_0.password,a1_0.rol from auth a1_0 where a1_0.id=?
Hibernate: delete from patient where id=?
Hibernate: delete from auth where id=?
Hibernate: select a1_0.id,a1_0.identification,a1_0.password,a1_0.rol from auth a1_0
Hibernate: delete from auth where id=?
]]></system-out>
  </testcase>
  <testcase name="testCreatePatient" classname="com.project.doctorya.PatientTest.PatientIntegrationTest" time="0.251">
    <system-out><![CDATA[2025-05-27T15:41:29.630-05:00 DEBUG 7892 --- [doctorya] [           main] o.s.security.web.FilterChainProxy        : Securing POST /auth/register
2025-05-27T15:41:29.630-05:00 DEBUG 7892 --- [doctorya] [           main] o.s.s.w.a.AnonymousAuthenticationFilter  : Set SecurityContextHolder to anonymous SecurityContext
2025-05-27T15:41:29.631-05:00 DEBUG 7892 --- [doctorya] [           main] o.s.security.web.FilterChainProxy        : Secured POST /auth/register
Hibernate: select a1_0.id,a1_0.identification,a1_0.password,a1_0.rol from auth a1_0 where a1_0.identification=?
Hibernate: insert into auth (identification,password,rol,id) values (?,?,?,?)
2025-05-27T15:41:29.703-05:00 DEBUG 7892 --- [doctorya] [           main] o.s.security.web.FilterChainProxy        : Securing POST /auth/login
2025-05-27T15:41:29.703-05:00 DEBUG 7892 --- [doctorya] [           main] o.s.s.w.a.AnonymousAuthenticationFilter  : Set SecurityContextHolder to anonymous SecurityContext
2025-05-27T15:41:29.703-05:00 DEBUG 7892 --- [doctorya] [           main] o.s.security.web.FilterChainProxy        : Secured POST /auth/login
1053847601
Hibernate: select a1_0.id,a1_0.identification,a1_0.password,a1_0.rol from auth a1_0 where a1_0.identification=?
2025-05-27T15:41:29.783-05:00 DEBUG 7892 --- [doctorya] [           main] o.s.security.web.FilterChainProxy        : Securing POST /patient
2025-05-27T15:41:29.784-05:00 DEBUG 7892 --- [doctorya] [           main] o.s.s.o.s.r.a.JwtAuthenticationProvider  : Authenticated token
2025-05-27T15:41:29.784-05:00 DEBUG 7892 --- [doctorya] [           main] .s.r.w.a.BearerTokenAuthenticationFilter : Set SecurityContextHolder to JwtAuthenticationToken [Principal=org.springframework.security.oauth2.jwt.Jwt@2ac1980a, Credentials=[PROTECTED], Authenticated=true, Details=WebAuthenticationDetails [RemoteIpAddress=127.0.0.1, SessionId=null], Granted Authorities=[ROLE_ADMIN]]
2025-05-27T15:41:29.785-05:00 DEBUG 7892 --- [doctorya] [           main] o.s.security.web.FilterChainProxy        : Secured POST /patient
2025-05-27T15:41:29.789-05:00 DEBUG 7892 --- [doctorya] [           main] horizationManagerBeforeMethodInterceptor : Authorizing method invocation ReflectiveMethodInvocation: public org.springframework.http.ResponseEntity com.project.doctorya.patient.controller.PatientController.create(com.project.doctorya.patient.dto.PatientDTO); target is of class [com.project.doctorya.patient.controller.PatientController]
2025-05-27T15:41:29.790-05:00 DEBUG 7892 --- [doctorya] [           main] horizationManagerBeforeMethodInterceptor : Authorized method invocation ReflectiveMethodInvocation: public org.springframework.http.ResponseEntity com.project.doctorya.patient.controller.PatientController.create(com.project.doctorya.patient.dto.PatientDTO); target is of class [com.project.doctorya.patient.controller.PatientController]
Hibernate: select a1_0.id,a1_0.identification,a1_0.password,a1_0.rol from auth a1_0 where a1_0.identification=?
Hibernate: insert into auth (identification,password,rol,id) values (?,?,?,?)
Hibernate: insert into patient (auth_id,insurance,name,id) values (?,?,?,?)
Hibernate: select p1_0.id,p1_0.auth_id,p1_0.insurance,p1_0.name from patient p1_0
Hibernate: select a1_0.id,a1_0.identification,a1_0.password,a1_0.rol from auth a1_0 where a1_0.id=?
Hibernate: delete from patient where id=?
Hibernate: delete from auth where id=?
Hibernate: select a1_0.id,a1_0.identification,a1_0.password,a1_0.rol from auth a1_0
Hibernate: delete from auth where id=?
]]></system-out>
  </testcase>
  <testcase name="testGetPatient" classname="com.project.doctorya.PatientTest.PatientIntegrationTest" time="0.172">
    <system-out><![CDATA[2025-05-27T15:41:29.883-05:00 DEBUG 7892 --- [doctorya] [           main] o.s.security.web.FilterChainProxy        : Securing POST /auth/register
2025-05-27T15:41:29.883-05:00 DEBUG 7892 --- [doctorya] [           main] o.s.s.w.a.AnonymousAuthenticationFilter  : Set SecurityContextHolder to anonymous SecurityContext
2025-05-27T15:41:29.883-05:00 DEBUG 7892 --- [doctorya] [           main] o.s.security.web.FilterChainProxy        : Secured POST /auth/register
Hibernate: select a1_0.id,a1_0.identification,a1_0.password,a1_0.rol from auth a1_0 where a1_0.identification=?
Hibernate: insert into auth (identification,password,rol,id) values (?,?,?,?)
2025-05-27T15:41:29.956-05:00 DEBUG 7892 --- [doctorya] [           main] o.s.security.web.FilterChainProxy        : Securing POST /auth/login
2025-05-27T15:41:29.957-05:00 DEBUG 7892 --- [doctorya] [           main] o.s.s.w.a.AnonymousAuthenticationFilter  : Set SecurityContextHolder to anonymous SecurityContext
2025-05-27T15:41:29.957-05:00 DEBUG 7892 --- [doctorya] [           main] o.s.security.web.FilterChainProxy        : Secured POST /auth/login
1053847601
Hibernate: select a1_0.id,a1_0.identification,a1_0.password,a1_0.rol from auth a1_0 where a1_0.identification=?
Hibernate: insert into auth (identification,password,rol,id) values (?,?,?,?)
Hibernate: insert into patient (auth_id,insurance,name,id) values (?,?,?,?)
2025-05-27T15:41:30.029-05:00 DEBUG 7892 --- [doctorya] [           main] o.s.security.web.FilterChainProxy        : Securing GET /patient
2025-05-27T15:41:30.030-05:00 DEBUG 7892 --- [doctorya] [           main] o.s.s.o.s.r.a.JwtAuthenticationProvider  : Authenticated token
2025-05-27T15:41:30.030-05:00 DEBUG 7892 --- [doctorya] [           main] .s.r.w.a.BearerTokenAuthenticationFilter : Set SecurityContextHolder to JwtAuthenticationToken [Principal=org.springframework.security.oauth2.jwt.Jwt@223e07c, Credentials=[PROTECTED], Authenticated=true, Details=WebAuthenticationDetails [RemoteIpAddress=127.0.0.1, SessionId=null], Granted Authorities=[ROLE_ADMIN]]
2025-05-27T15:41:30.030-05:00 DEBUG 7892 --- [doctorya] [           main] o.s.security.web.FilterChainProxy        : Secured GET /patient
Hibernate: select p1_0.id,p1_0.auth_id,p1_0.insurance,p1_0.name from patient p1_0
Hibernate: select a1_0.id,a1_0.identification,a1_0.password,a1_0.rol from auth a1_0 where a1_0.id=?
Hibernate: select p1_0.id,p1_0.auth_id,p1_0.insurance,p1_0.name from patient p1_0
Hibernate: select a1_0.id,a1_0.identification,a1_0.password,a1_0.rol from auth a1_0 where a1_0.id=?
Hibernate: delete from patient where id=?
Hibernate: delete from auth where id=?
Hibernate: select a1_0.id,a1_0.identification,a1_0.password,a1_0.rol from auth a1_0
Hibernate: delete from auth where id=?
]]></system-out>
  </testcase>
  <testcase name="testUpdatePatient" classname="com.project.doctorya.PatientTest.PatientIntegrationTest" time="0.181">
    <system-out><![CDATA[2025-05-27T15:41:30.056-05:00 DEBUG 7892 --- [doctorya] [           main] o.s.security.web.FilterChainProxy        : Securing POST /auth/register
2025-05-27T15:41:30.056-05:00 DEBUG 7892 --- [doctorya] [           main] o.s.s.w.a.AnonymousAuthenticationFilter  : Set SecurityContextHolder to anonymous SecurityContext
2025-05-27T15:41:30.056-05:00 DEBUG 7892 --- [doctorya] [           main] o.s.security.web.FilterChainProxy        : Secured POST /auth/register
Hibernate: select a1_0.id,a1_0.identification,a1_0.password,a1_0.rol from auth a1_0 where a1_0.identification=?
Hibernate: insert into auth (identification,password,rol,id) values (?,?,?,?)
2025-05-27T15:41:30.137-05:00 DEBUG 7892 --- [doctorya] [           main] o.s.security.web.FilterChainProxy        : Securing POST /auth/login
2025-05-27T15:41:30.137-05:00 DEBUG 7892 --- [doctorya] [           main] o.s.s.w.a.AnonymousAuthenticationFilter  : Set SecurityContextHolder to anonymous SecurityContext
2025-05-27T15:41:30.137-05:00 DEBUG 7892 --- [doctorya] [           main] o.s.security.web.FilterChainProxy        : Secured POST /auth/login
1053847601
Hibernate: select a1_0.id,a1_0.identification,a1_0.password,a1_0.rol from auth a1_0 where a1_0.identification=?
Hibernate: insert into auth (identification,password,rol,id) values (?,?,?,?)
Hibernate: insert into patient (auth_id,insurance,name,id) values (?,?,?,?)
2025-05-27T15:41:30.210-05:00 DEBUG 7892 --- [doctorya] [           main] o.s.security.web.FilterChainProxy        : Securing PUT /patient/3669d56f-5194-4fcf-a614-38d96626c1b9
2025-05-27T15:41:30.211-05:00 DEBUG 7892 --- [doctorya] [           main] o.s.s.o.s.r.a.JwtAuthenticationProvider  : Authenticated token
2025-05-27T15:41:30.211-05:00 DEBUG 7892 --- [doctorya] [           main] .s.r.w.a.BearerTokenAuthenticationFilter : Set SecurityContextHolder to JwtAuthenticationToken [Principal=org.springframework.security.oauth2.jwt.Jwt@223e07c, Credentials=[PROTECTED], Authenticated=true, Details=WebAuthenticationDetails [RemoteIpAddress=127.0.0.1, SessionId=null], Granted Authorities=[ROLE_ADMIN]]
2025-05-27T15:41:30.211-05:00 DEBUG 7892 --- [doctorya] [           main] o.s.security.web.FilterChainProxy        : Secured PUT /patient/3669d56f-5194-4fcf-a614-38d96626c1b9
Hibernate: select p1_0.id,a1_0.id,a1_0.identification,a1_0.password,a1_0.rol,p1_0.insurance,p1_0.name from patient p1_0 left join auth a1_0 on a1_0.id=p1_0.auth_id where p1_0.id=?
Hibernate: update patient set auth_id=?,insurance=?,name=? where id=?
Hibernate: select p1_0.id,p1_0.auth_id,p1_0.insurance,p1_0.name from patient p1_0
Hibernate: select a1_0.id,a1_0.identification,a1_0.password,a1_0.rol from auth a1_0 where a1_0.id=?
Hibernate: delete from patient where id=?
Hibernate: delete from auth where id=?
Hibernate: select a1_0.id,a1_0.identification,a1_0.password,a1_0.rol from auth a1_0
Hibernate: delete from auth where id=?
]]></system-out>
  </testcase>
  <testcase name="testExistsCreatePatient" classname="com.project.doctorya.PatientTest.PatientIntegrationTest" time="0.193">
    <system-out><![CDATA[2025-05-27T15:41:30.247-05:00 DEBUG 7892 --- [doctorya] [           main] o.s.security.web.FilterChainProxy        : Securing POST /auth/register
2025-05-27T15:41:30.249-05:00 DEBUG 7892 --- [doctorya] [           main] o.s.s.w.a.AnonymousAuthenticationFilter  : Set SecurityContextHolder to anonymous SecurityContext
2025-05-27T15:41:30.250-05:00 DEBUG 7892 --- [doctorya] [           main] o.s.security.web.FilterChainProxy        : Secured POST /auth/register
Hibernate: select a1_0.id,a1_0.identification,a1_0.password,a1_0.rol from auth a1_0 where a1_0.identification=?
Hibernate: insert into auth (identification,password,rol,id) values (?,?,?,?)
2025-05-27T15:41:30.333-05:00 DEBUG 7892 --- [doctorya] [           main] o.s.security.web.FilterChainProxy        : Securing POST /auth/login
2025-05-27T15:41:30.333-05:00 DEBUG 7892 --- [doctorya] [           main] o.s.s.w.a.AnonymousAuthenticationFilter  : Set SecurityContextHolder to anonymous SecurityContext
2025-05-27T15:41:30.333-05:00 DEBUG 7892 --- [doctorya] [           main] o.s.security.web.FilterChainProxy        : Secured POST /auth/login
1053847601
Hibernate: select a1_0.id,a1_0.identification,a1_0.password,a1_0.rol from auth a1_0 where a1_0.identification=?
Hibernate: insert into auth (identification,password,rol,id) values (?,?,?,?)
Hibernate: insert into patient (auth_id,insurance,name,id) values (?,?,?,?)
2025-05-27T15:41:30.408-05:00 DEBUG 7892 --- [doctorya] [           main] o.s.security.web.FilterChainProxy        : Securing POST /patient
2025-05-27T15:41:30.409-05:00 DEBUG 7892 --- [doctorya] [           main] o.s.s.o.s.r.a.JwtAuthenticationProvider  : Authenticated token
2025-05-27T15:41:30.409-05:00 DEBUG 7892 --- [doctorya] [           main] .s.r.w.a.BearerTokenAuthenticationFilter : Set SecurityContextHolder to JwtAuthenticationToken [Principal=org.springframework.security.oauth2.jwt.Jwt@223e07c, Credentials=[PROTECTED], Authenticated=true, Details=WebAuthenticationDetails [RemoteIpAddress=127.0.0.1, SessionId=null], Granted Authorities=[ROLE_ADMIN]]
2025-05-27T15:41:30.409-05:00 DEBUG 7892 --- [doctorya] [           main] o.s.security.web.FilterChainProxy        : Secured POST /patient
2025-05-27T15:41:30.410-05:00 DEBUG 7892 --- [doctorya] [           main] horizationManagerBeforeMethodInterceptor : Authorizing method invocation ReflectiveMethodInvocation: public org.springframework.http.ResponseEntity com.project.doctorya.patient.controller.PatientController.create(com.project.doctorya.patient.dto.PatientDTO); target is of class [com.project.doctorya.patient.controller.PatientController]
2025-05-27T15:41:30.410-05:00 DEBUG 7892 --- [doctorya] [           main] horizationManagerBeforeMethodInterceptor : Authorized method invocation ReflectiveMethodInvocation: public org.springframework.http.ResponseEntity com.project.doctorya.patient.controller.PatientController.create(com.project.doctorya.patient.dto.PatientDTO); target is of class [com.project.doctorya.patient.controller.PatientController]
Hibernate: select a1_0.id,a1_0.identification,a1_0.password,a1_0.rol from auth a1_0 where a1_0.identification=?
Hibernate: select p1_0.id,p1_0.auth_id,p1_0.insurance,p1_0.name from patient p1_0
Hibernate: select a1_0.id,a1_0.identification,a1_0.password,a1_0.rol from auth a1_0 where a1_0.id=?
Hibernate: delete from patient where id=?
Hibernate: delete from auth where id=?
Hibernate: select a1_0.id,a1_0.identification,a1_0.password,a1_0.rol from auth a1_0
Hibernate: delete from auth where id=?
]]></system-out>
  </testcase>
  <testcase name="testGetByIdPatient" classname="com.project.doctorya.PatientTest.PatientIntegrationTest" time="0.174">
    <system-out><![CDATA[2025-05-27T15:41:30.431-05:00 DEBUG 7892 --- [doctorya] [           main] o.s.security.web.FilterChainProxy        : Securing POST /auth/register
2025-05-27T15:41:30.431-05:00 DEBUG 7892 --- [doctorya] [           main] o.s.s.w.a.AnonymousAuthenticationFilter  : Set SecurityContextHolder to anonymous SecurityContext
2025-05-27T15:41:30.432-05:00 DEBUG 7892 --- [doctorya] [           main] o.s.security.web.FilterChainProxy        : Secured POST /auth/register
Hibernate: select a1_0.id,a1_0.identification,a1_0.password,a1_0.rol from auth a1_0 where a1_0.identification=?
Hibernate: insert into auth (identification,password,rol,id) values (?,?,?,?)
2025-05-27T15:41:30.506-05:00 DEBUG 7892 --- [doctorya] [           main] o.s.security.web.FilterChainProxy        : Securing POST /auth/login
2025-05-27T15:41:30.506-05:00 DEBUG 7892 --- [doctorya] [           main] o.s.s.w.a.AnonymousAuthenticationFilter  : Set SecurityContextHolder to anonymous SecurityContext
2025-05-27T15:41:30.506-05:00 DEBUG 7892 --- [doctorya] [           main] o.s.security.web.FilterChainProxy        : Secured POST /auth/login
1053847601
Hibernate: select a1_0.id,a1_0.identification,a1_0.password,a1_0.rol from auth a1_0 where a1_0.identification=?
Hibernate: insert into auth (identification,password,rol,id) values (?,?,?,?)
Hibernate: insert into patient (auth_id,insurance,name,id) values (?,?,?,?)
2025-05-27T15:41:30.581-05:00 DEBUG 7892 --- [doctorya] [           main] o.s.security.web.FilterChainProxy        : Securing GET /patient/10e515c8-1736-45da-97fb-2f7e5568b332
2025-05-27T15:41:30.582-05:00 DEBUG 7892 --- [doctorya] [           main] o.s.s.o.s.r.a.JwtAuthenticationProvider  : Authenticated token
2025-05-27T15:41:30.582-05:00 DEBUG 7892 --- [doctorya] [           main] .s.r.w.a.BearerTokenAuthenticationFilter : Set SecurityContextHolder to JwtAuthenticationToken [Principal=org.springframework.security.oauth2.jwt.Jwt@223e07c, Credentials=[PROTECTED], Authenticated=true, Details=WebAuthenticationDetails [RemoteIpAddress=127.0.0.1, SessionId=null], Granted Authorities=[ROLE_ADMIN]]
2025-05-27T15:41:30.582-05:00 DEBUG 7892 --- [doctorya] [           main] o.s.security.web.FilterChainProxy        : Secured GET /patient/10e515c8-1736-45da-97fb-2f7e5568b332
2025-05-27T15:41:30.583-05:00 DEBUG 7892 --- [doctorya] [           main] horizationManagerBeforeMethodInterceptor : Authorizing method invocation ReflectiveMethodInvocation: public org.springframework.http.ResponseEntity com.project.doctorya.patient.controller.PatientController.getById(java.util.UUID); target is of class [com.project.doctorya.patient.controller.PatientController]
2025-05-27T15:41:30.584-05:00 DEBUG 7892 --- [doctorya] [           main] horizationManagerBeforeMethodInterceptor : Authorized method invocation ReflectiveMethodInvocation: public org.springframework.http.ResponseEntity com.project.doctorya.patient.controller.PatientController.getById(java.util.UUID); target is of class [com.project.doctorya.patient.controller.PatientController]
Hibernate: select p1_0.id,a1_0.id,a1_0.identification,a1_0.password,a1_0.rol,p1_0.insurance,p1_0.name from patient p1_0 left join auth a1_0 on a1_0.id=p1_0.auth_id where p1_0.id=?
Hibernate: select p1_0.id,p1_0.auth_id,p1_0.insurance,p1_0.name from patient p1_0
Hibernate: select a1_0.id,a1_0.identification,a1_0.password,a1_0.rol from auth a1_0 where a1_0.id=?
Hibernate: delete from patient where id=?
Hibernate: delete from auth where id=?
Hibernate: select a1_0.id,a1_0.identification,a1_0.password,a1_0.rol from auth a1_0
Hibernate: delete from auth where id=?
]]></system-out>
  </testcase>
  <testcase name="testDeletePatient" classname="com.project.doctorya.PatientTest.PatientIntegrationTest" time="0.168">
    <system-out><![CDATA[2025-05-27T15:41:30.606-05:00 DEBUG 7892 --- [doctorya] [           main] o.s.security.web.FilterChainProxy        : Securing POST /auth/register
2025-05-27T15:41:30.606-05:00 DEBUG 7892 --- [doctorya] [           main] o.s.s.w.a.AnonymousAuthenticationFilter  : Set SecurityContextHolder to anonymous SecurityContext
2025-05-27T15:41:30.606-05:00 DEBUG 7892 --- [doctorya] [           main] o.s.security.web.FilterChainProxy        : Secured POST /auth/register
Hibernate: select a1_0.id,a1_0.identification,a1_0.password,a1_0.rol from auth a1_0 where a1_0.identification=?
Hibernate: insert into auth (identification,password,rol,id) values (?,?,?,?)
2025-05-27T15:41:30.678-05:00 DEBUG 7892 --- [doctorya] [           main] o.s.security.web.FilterChainProxy        : Securing POST /auth/login
2025-05-27T15:41:30.678-05:00 DEBUG 7892 --- [doctorya] [           main] o.s.s.w.a.AnonymousAuthenticationFilter  : Set SecurityContextHolder to anonymous SecurityContext
2025-05-27T15:41:30.679-05:00 DEBUG 7892 --- [doctorya] [           main] o.s.security.web.FilterChainProxy        : Secured POST /auth/login
1053847601
Hibernate: select a1_0.id,a1_0.identification,a1_0.password,a1_0.rol from auth a1_0 where a1_0.identification=?
Hibernate: insert into auth (identification,password,rol,id) values (?,?,?,?)
Hibernate: insert into patient (auth_id,insurance,name,id) values (?,?,?,?)
2025-05-27T15:41:30.754-05:00 DEBUG 7892 --- [doctorya] [           main] o.s.security.web.FilterChainProxy        : Securing DELETE /patient/f1b234ef-c990-4e70-8237-c28fd415935d
2025-05-27T15:41:30.755-05:00 DEBUG 7892 --- [doctorya] [           main] o.s.s.o.s.r.a.JwtAuthenticationProvider  : Authenticated token
2025-05-27T15:41:30.755-05:00 DEBUG 7892 --- [doctorya] [           main] .s.r.w.a.BearerTokenAuthenticationFilter : Set SecurityContextHolder to JwtAuthenticationToken [Principal=org.springframework.security.oauth2.jwt.Jwt@223e07c, Credentials=[PROTECTED], Authenticated=true, Details=WebAuthenticationDetails [RemoteIpAddress=127.0.0.1, SessionId=null], Granted Authorities=[ROLE_ADMIN]]
2025-05-27T15:41:30.755-05:00 DEBUG 7892 --- [doctorya] [           main] o.s.security.web.FilterChainProxy        : Secured DELETE /patient/f1b234ef-c990-4e70-8237-c28fd415935d
2025-05-27T15:41:30.756-05:00 DEBUG 7892 --- [doctorya] [           main] horizationManagerBeforeMethodInterceptor : Authorizing method invocation ReflectiveMethodInvocation: public void com.project.doctorya.patient.controller.PatientController.delete(java.util.UUID); target is of class [com.project.doctorya.patient.controller.PatientController]
2025-05-27T15:41:30.756-05:00 DEBUG 7892 --- [doctorya] [           main] horizationManagerBeforeMethodInterceptor : Authorized method invocation ReflectiveMethodInvocation: public void com.project.doctorya.patient.controller.PatientController.delete(java.util.UUID); target is of class [com.project.doctorya.patient.controller.PatientController]
Hibernate: select p1_0.id,a1_0.id,a1_0.identification,a1_0.password,a1_0.rol,p1_0.insurance,p1_0.name from patient p1_0 left join auth a1_0 on a1_0.id=p1_0.auth_id where p1_0.id=?
Hibernate: delete from patient where id=?
Hibernate: delete from auth where id=?
Hibernate: select p1_0.id,a1_0.id,a1_0.identification,a1_0.password,a1_0.rol,p1_0.insurance,p1_0.name from patient p1_0 left join auth a1_0 on a1_0.id=p1_0.auth_id where p1_0.id=?
Hibernate: select p1_0.id,p1_0.auth_id,p1_0.insurance,p1_0.name from patient p1_0
Hibernate: select a1_0.id,a1_0.identification,a1_0.password,a1_0.rol from auth a1_0
Hibernate: delete from auth where id=?
]]></system-out>
  </testcase>
  <testcase name="testGetByIdNotFoundPatient" classname="com.project.doctorya.PatientTest.PatientIntegrationTest" time="0.164">
    <system-out><![CDATA[2025-05-27T15:41:30.783-05:00 DEBUG 7892 --- [doctorya] [           main] o.s.security.web.FilterChainProxy        : Securing POST /auth/register
2025-05-27T15:41:30.784-05:00 DEBUG 7892 --- [doctorya] [           main] o.s.s.w.a.AnonymousAuthenticationFilter  : Set SecurityContextHolder to anonymous SecurityContext
2025-05-27T15:41:30.784-05:00 DEBUG 7892 --- [doctorya] [           main] o.s.security.web.FilterChainProxy        : Secured POST /auth/register
Hibernate: select a1_0.id,a1_0.identification,a1_0.password,a1_0.rol from auth a1_0 where a1_0.identification=?
Hibernate: insert into auth (identification,password,rol,id) values (?,?,?,?)
2025-05-27T15:41:30.856-05:00 DEBUG 7892 --- [doctorya] [           main] o.s.security.web.FilterChainProxy        : Securing POST /auth/login
2025-05-27T15:41:30.856-05:00 DEBUG 7892 --- [doctorya] [           main] o.s.s.w.a.AnonymousAuthenticationFilter  : Set SecurityContextHolder to anonymous SecurityContext
2025-05-27T15:41:30.857-05:00 DEBUG 7892 --- [doctorya] [           main] o.s.security.web.FilterChainProxy        : Secured POST /auth/login
1053847601
Hibernate: select a1_0.id,a1_0.identification,a1_0.password,a1_0.rol from auth a1_0 where a1_0.identification=?
2025-05-27T15:41:30.929-05:00 DEBUG 7892 --- [doctorya] [           main] o.s.security.web.FilterChainProxy        : Securing GET /patient/cbd8f070-75b7-498b-8cf4-ffe8c6cc465a
2025-05-27T15:41:30.930-05:00 DEBUG 7892 --- [doctorya] [           main] o.s.s.o.s.r.a.JwtAuthenticationProvider  : Authenticated token
2025-05-27T15:41:30.930-05:00 DEBUG 7892 --- [doctorya] [           main] .s.r.w.a.BearerTokenAuthenticationFilter : Set SecurityContextHolder to JwtAuthenticationToken [Principal=org.springframework.security.oauth2.jwt.Jwt@223e07c, Credentials=[PROTECTED], Authenticated=true, Details=WebAuthenticationDetails [RemoteIpAddress=127.0.0.1, SessionId=null], Granted Authorities=[ROLE_ADMIN]]
2025-05-27T15:41:30.930-05:00 DEBUG 7892 --- [doctorya] [           main] o.s.security.web.FilterChainProxy        : Secured GET /patient/cbd8f070-75b7-498b-8cf4-ffe8c6cc465a
2025-05-27T15:41:30.931-05:00 DEBUG 7892 --- [doctorya] [           main] horizationManagerBeforeMethodInterceptor : Authorizing method invocation ReflectiveMethodInvocation: public org.springframework.http.ResponseEntity com.project.doctorya.patient.controller.PatientController.getById(java.util.UUID); target is of class [com.project.doctorya.patient.controller.PatientController]
2025-05-27T15:41:30.931-05:00 DEBUG 7892 --- [doctorya] [           main] horizationManagerBeforeMethodInterceptor : Authorized method invocation ReflectiveMethodInvocation: public org.springframework.http.ResponseEntity com.project.doctorya.patient.controller.PatientController.getById(java.util.UUID); target is of class [com.project.doctorya.patient.controller.PatientController]
Hibernate: select p1_0.id,a1_0.id,a1_0.identification,a1_0.password,a1_0.rol,p1_0.insurance,p1_0.name from patient p1_0 left join auth a1_0 on a1_0.id=p1_0.auth_id where p1_0.id=?
Hibernate: select p1_0.id,p1_0.auth_id,p1_0.insurance,p1_0.name from patient p1_0
Hibernate: select a1_0.id,a1_0.identification,a1_0.password,a1_0.rol from auth a1_0
Hibernate: delete from auth where id=?
]]></system-out>
  </testcase>
  <testcase name="testNotFoundUpdatePatient" classname="com.project.doctorya.PatientTest.PatientIntegrationTest" time="0.168">
    <system-out><![CDATA[2025-05-27T15:41:30.947-05:00 DEBUG 7892 --- [doctorya] [           main] o.s.security.web.FilterChainProxy        : Securing POST /auth/register
2025-05-27T15:41:30.947-05:00 DEBUG 7892 --- [doctorya] [           main] o.s.s.w.a.AnonymousAuthenticationFilter  : Set SecurityContextHolder to anonymous SecurityContext
2025-05-27T15:41:30.948-05:00 DEBUG 7892 --- [doctorya] [           main] o.s.security.web.FilterChainProxy        : Secured POST /auth/register
Hibernate: select a1_0.id,a1_0.identification,a1_0.password,a1_0.rol from auth a1_0 where a1_0.identification=?
Hibernate: insert into auth (identification,password,rol,id) values (?,?,?,?)
2025-05-27T15:41:31.023-05:00 DEBUG 7892 --- [doctorya] [           main] o.s.security.web.FilterChainProxy        : Securing POST /auth/login
2025-05-27T15:41:31.024-05:00 DEBUG 7892 --- [doctorya] [           main] o.s.s.w.a.AnonymousAuthenticationFilter  : Set SecurityContextHolder to anonymous SecurityContext
2025-05-27T15:41:31.024-05:00 DEBUG 7892 --- [doctorya] [           main] o.s.security.web.FilterChainProxy        : Secured POST /auth/login
1053847601
Hibernate: select a1_0.id,a1_0.identification,a1_0.password,a1_0.rol from auth a1_0 where a1_0.identification=?
Hibernate: insert into auth (identification,password,rol,id) values (?,?,?,?)
Hibernate: insert into patient (auth_id,insurance,name,id) values (?,?,?,?)
2025-05-27T15:41:31.099-05:00 DEBUG 7892 --- [doctorya] [           main] o.s.security.web.FilterChainProxy        : Securing PUT /patient/497bf725-f5bd-4fea-a4ab-01fe92847f6a
2025-05-27T15:41:31.100-05:00 DEBUG 7892 --- [doctorya] [           main] o.s.s.o.s.r.a.JwtAuthenticationProvider  : Authenticated token
2025-05-27T15:41:31.100-05:00 DEBUG 7892 --- [doctorya] [           main] .s.r.w.a.BearerTokenAuthenticationFilter : Set SecurityContextHolder to JwtAuthenticationToken [Principal=org.springframework.security.oauth2.jwt.Jwt@e52c1cf2, Credentials=[PROTECTED], Authenticated=true, Details=WebAuthenticationDetails [RemoteIpAddress=127.0.0.1, SessionId=null], Granted Authorities=[ROLE_ADMIN]]
2025-05-27T15:41:31.100-05:00 DEBUG 7892 --- [doctorya] [           main] o.s.security.web.FilterChainProxy        : Secured PUT /patient/497bf725-f5bd-4fea-a4ab-01fe92847f6a
Hibernate: select p1_0.id,a1_0.id,a1_0.identification,a1_0.password,a1_0.rol,p1_0.insurance,p1_0.name from patient p1_0 left join auth a1_0 on a1_0.id=p1_0.auth_id where p1_0.id=?
Hibernate: select p1_0.id,p1_0.auth_id,p1_0.insurance,p1_0.name from patient p1_0
Hibernate: select a1_0.id,a1_0.identification,a1_0.password,a1_0.rol from auth a1_0 where a1_0.id=?
Hibernate: delete from patient where id=?
Hibernate: delete from auth where id=?
Hibernate: select a1_0.id,a1_0.identification,a1_0.password,a1_0.rol from auth a1_0
Hibernate: delete from auth where id=?
]]></system-out>
  </testcase>
  <testcase name="testGetByIdentificationPatient" classname="com.project.doctorya.PatientTest.PatientIntegrationTest" time="0.171">
    <system-out><![CDATA[2025-05-27T15:41:31.116-05:00 DEBUG 7892 --- [doctorya] [           main] o.s.security.web.FilterChainProxy        : Securing POST /auth/register
2025-05-27T15:41:31.116-05:00 DEBUG 7892 --- [doctorya] [           main] o.s.s.w.a.AnonymousAuthenticationFilter  : Set SecurityContextHolder to anonymous SecurityContext
2025-05-27T15:41:31.116-05:00 DEBUG 7892 --- [doctorya] [           main] o.s.security.web.FilterChainProxy        : Secured POST /auth/register
Hibernate: select a1_0.id,a1_0.identification,a1_0.password,a1_0.rol from auth a1_0 where a1_0.identification=?
Hibernate: insert into auth (identification,password,rol,id) values (?,?,?,?)
2025-05-27T15:41:31.188-05:00 DEBUG 7892 --- [doctorya] [           main] o.s.security.web.FilterChainProxy        : Securing POST /auth/login
2025-05-27T15:41:31.188-05:00 DEBUG 7892 --- [doctorya] [           main] o.s.s.w.a.AnonymousAuthenticationFilter  : Set SecurityContextHolder to anonymous SecurityContext
2025-05-27T15:41:31.188-05:00 DEBUG 7892 --- [doctorya] [           main] o.s.security.web.FilterChainProxy        : Secured POST /auth/login
1053847601
Hibernate: select a1_0.id,a1_0.identification,a1_0.password,a1_0.rol from auth a1_0 where a1_0.identification=?
Hibernate: insert into auth (identification,password,rol,id) values (?,?,?,?)
Hibernate: insert into patient (auth_id,insurance,name,id) values (?,?,?,?)
2025-05-27T15:41:31.262-05:00 DEBUG 7892 --- [doctorya] [           main] o.s.security.web.FilterChainProxy        : Securing GET /patient/identification/1053847610
2025-05-27T15:41:31.263-05:00 DEBUG 7892 --- [doctorya] [           main] o.s.s.o.s.r.a.JwtAuthenticationProvider  : Authenticated token
2025-05-27T15:41:31.263-05:00 DEBUG 7892 --- [doctorya] [           main] .s.r.w.a.BearerTokenAuthenticationFilter : Set SecurityContextHolder to JwtAuthenticationToken [Principal=org.springframework.security.oauth2.jwt.Jwt@e52c1cf2, Credentials=[PROTECTED], Authenticated=true, Details=WebAuthenticationDetails [RemoteIpAddress=127.0.0.1, SessionId=null], Granted Authorities=[ROLE_ADMIN]]
2025-05-27T15:41:31.263-05:00 DEBUG 7892 --- [doctorya] [           main] o.s.security.web.FilterChainProxy        : Secured GET /patient/identification/1053847610
Hibernate: select p1_0.id,p1_0.auth_id,p1_0.insurance,p1_0.name from patient p1_0 left join auth a1_0 on a1_0.id=p1_0.auth_id where a1_0.identification=?
Hibernate: select a1_0.id,a1_0.identification,a1_0.password,a1_0.rol from auth a1_0 where a1_0.id=?
Hibernate: select p1_0.id,p1_0.auth_id,p1_0.insurance,p1_0.name from patient p1_0
Hibernate: select a1_0.id,a1_0.identification,a1_0.password,a1_0.rol from auth a1_0 where a1_0.id=?
Hibernate: delete from patient where id=?
Hibernate: delete from auth where id=?
Hibernate: select a1_0.id,a1_0.identification,a1_0.password,a1_0.rol from auth a1_0
Hibernate: delete from auth where id=?
]]></system-out>
  </testcase>
  <testcase name="testGetByIdentificationNotFoundPatient" classname="com.project.doctorya.PatientTest.PatientIntegrationTest" time="0.156">
    <system-out><![CDATA[2025-05-27T15:41:31.287-05:00 DEBUG 7892 --- [doctorya] [           main] o.s.security.web.FilterChainProxy        : Securing POST /auth/register
2025-05-27T15:41:31.288-05:00 DEBUG 7892 --- [doctorya] [           main] o.s.s.w.a.AnonymousAuthenticationFilter  : Set SecurityContextHolder to anonymous SecurityContext
2025-05-27T15:41:31.288-05:00 DEBUG 7892 --- [doctorya] [           main] o.s.security.web.FilterChainProxy        : Secured POST /auth/register
Hibernate: select a1_0.id,a1_0.identification,a1_0.password,a1_0.rol from auth a1_0 where a1_0.identification=?
Hibernate: insert into auth (identification,password,rol,id) values (?,?,?,?)
2025-05-27T15:41:31.359-05:00 DEBUG 7892 --- [doctorya] [           main] o.s.security.web.FilterChainProxy        : Securing POST /auth/login
2025-05-27T15:41:31.359-05:00 DEBUG 7892 --- [doctorya] [           main] o.s.s.w.a.AnonymousAuthenticationFilter  : Set SecurityContextHolder to anonymous SecurityContext
2025-05-27T15:41:31.359-05:00 DEBUG 7892 --- [doctorya] [           main] o.s.security.web.FilterChainProxy        : Secured POST /auth/login
1053847601
Hibernate: select a1_0.id,a1_0.identification,a1_0.password,a1_0.rol from auth a1_0 where a1_0.identification=?
2025-05-27T15:41:31.429-05:00 DEBUG 7892 --- [doctorya] [           main] o.s.security.web.FilterChainProxy        : Securing GET /patient/identification/1053847600
2025-05-27T15:41:31.429-05:00 DEBUG 7892 --- [doctorya] [           main] o.s.s.o.s.r.a.JwtAuthenticationProvider  : Authenticated token
2025-05-27T15:41:31.429-05:00 DEBUG 7892 --- [doctorya] [           main] .s.r.w.a.BearerTokenAuthenticationFilter : Set SecurityContextHolder to JwtAuthenticationToken [Principal=org.springframework.security.oauth2.jwt.Jwt@e52c1cf2, Credentials=[PROTECTED], Authenticated=true, Details=WebAuthenticationDetails [RemoteIpAddress=127.0.0.1, SessionId=null], Granted Authorities=[ROLE_ADMIN]]
2025-05-27T15:41:31.430-05:00 DEBUG 7892 --- [doctorya] [           main] o.s.security.web.FilterChainProxy        : Secured GET /patient/identification/1053847600
Hibernate: select p1_0.id,p1_0.auth_id,p1_0.insurance,p1_0.name from patient p1_0 left join auth a1_0 on a1_0.id=p1_0.auth_id where a1_0.identification=?
Hibernate: select p1_0.id,p1_0.auth_id,p1_0.insurance,p1_0.name from patient p1_0
Hibernate: select a1_0.id,a1_0.identification,a1_0.password,a1_0.rol from auth a1_0
Hibernate: delete from auth where id=?
]]></system-out>
  </testcase>
</testsuite>